Assessing k=07 circuits
--------------------------------------------------------------------------------
Optimizing forward model
--------------------------------------------------------------------------------
---------------------------------------------------------------------------
PENALTY l1   FIT_INTERCEPT True   C 0.001
---------------------------------------------------------------------------


   Validation Set ROC-AUC 0.5000

   Best so far!

---------------------------------------------------------------------------
PENALTY l2   FIT_INTERCEPT True   C 0.001
---------------------------------------------------------------------------


   Validation Set ROC-AUC 0.6367

   Best so far!

---------------------------------------------------------------------------
PENALTY l1   FIT_INTERCEPT False   C 0.001
---------------------------------------------------------------------------


   Validation Set ROC-AUC 0.5692

---------------------------------------------------------------------------
PENALTY l2   FIT_INTERCEPT False   C 0.001
---------------------------------------------------------------------------


   Validation Set ROC-AUC 0.6178

---------------------------------------------------------------------------
PENALTY l1   FIT_INTERCEPT True   C 0.01
---------------------------------------------------------------------------


   Validation Set ROC-AUC 0.6426

   Best so far!

---------------------------------------------------------------------------
PENALTY l2   FIT_INTERCEPT True   C 0.01
---------------------------------------------------------------------------


   Validation Set ROC-AUC 0.6517

   Best so far!

---------------------------------------------------------------------------
PENALTY l1   FIT_INTERCEPT False   C 0.01
---------------------------------------------------------------------------


   Validation Set ROC-AUC 0.6277

---------------------------------------------------------------------------
PENALTY l2   FIT_INTERCEPT False   C 0.01
---------------------------------------------------------------------------


   Validation Set ROC-AUC 0.6295

---------------------------------------------------------------------------
PENALTY l1   FIT_INTERCEPT True   C 0.1
---------------------------------------------------------------------------


   Validation Set ROC-AUC 0.6529

   Best so far!

---------------------------------------------------------------------------
PENALTY l2   FIT_INTERCEPT True   C 0.1
---------------------------------------------------------------------------


   Validation Set ROC-AUC 0.6531

   Best so far!

---------------------------------------------------------------------------
PENALTY l1   FIT_INTERCEPT False   C 0.1
---------------------------------------------------------------------------


   Validation Set ROC-AUC 0.6322

---------------------------------------------------------------------------
PENALTY l2   FIT_INTERCEPT False   C 0.1
---------------------------------------------------------------------------


   Validation Set ROC-AUC 0.6328

---------------------------------------------------------------------------
PENALTY l1   FIT_INTERCEPT True   C 1
---------------------------------------------------------------------------


   Validation Set ROC-AUC 0.6533

   Best so far!

---------------------------------------------------------------------------
PENALTY l2   FIT_INTERCEPT True   C 1
---------------------------------------------------------------------------


   Validation Set ROC-AUC 0.6533

   Best so far!

---------------------------------------------------------------------------
PENALTY l1   FIT_INTERCEPT False   C 1
---------------------------------------------------------------------------


   Validation Set ROC-AUC 0.6324

---------------------------------------------------------------------------
PENALTY l2   FIT_INTERCEPT False   C 1
---------------------------------------------------------------------------


   Validation Set ROC-AUC 0.6325

---------------------------------------------------------------------------
PENALTY l1   FIT_INTERCEPT True   C 10
---------------------------------------------------------------------------


   Validation Set ROC-AUC 0.6532

---------------------------------------------------------------------------
PENALTY l2   FIT_INTERCEPT True   C 10
---------------------------------------------------------------------------


   Validation Set ROC-AUC 0.6532

---------------------------------------------------------------------------
PENALTY l1   FIT_INTERCEPT False   C 10
---------------------------------------------------------------------------


   Validation Set ROC-AUC 0.6325

---------------------------------------------------------------------------
PENALTY l2   FIT_INTERCEPT False   C 10
---------------------------------------------------------------------------


   Validation Set ROC-AUC 0.6325

---------------------------------------------------------------------------
PENALTY l1   FIT_INTERCEPT True   C 100
---------------------------------------------------------------------------


   Validation Set ROC-AUC 0.6532

---------------------------------------------------------------------------
PENALTY l2   FIT_INTERCEPT True   C 100
---------------------------------------------------------------------------


   Validation Set ROC-AUC 0.6532

---------------------------------------------------------------------------
PENALTY l1   FIT_INTERCEPT False   C 100
---------------------------------------------------------------------------


   Validation Set ROC-AUC 0.6325

---------------------------------------------------------------------------
PENALTY l2   FIT_INTERCEPT False   C 100
---------------------------------------------------------------------------


   Validation Set ROC-AUC 0.6325

---------------------------------------------------------------------------
PENALTY l1   FIT_INTERCEPT True   C 1000
---------------------------------------------------------------------------


   Validation Set ROC-AUC 0.6532

---------------------------------------------------------------------------
PENALTY l2   FIT_INTERCEPT True   C 1000
---------------------------------------------------------------------------


   Validation Set ROC-AUC 0.6532

---------------------------------------------------------------------------
PENALTY l1   FIT_INTERCEPT False   C 1000
---------------------------------------------------------------------------


   Validation Set ROC-AUC 0.6325

---------------------------------------------------------------------------
PENALTY l2   FIT_INTERCEPT False   C 1000
---------------------------------------------------------------------------


   Validation Set ROC-AUC 0.6325

