Assessing k=09 circuits
--------------------------------------------------------------------------------
Optimizing reverse model
--------------------------------------------------------------------------------
---------------------------------------------------------------------------
PENALTY l1   FIT_INTERCEPT True   C 0.001
---------------------------------------------------------------------------


   Validation Set ROC-AUC 0.5000

   Best so far!

---------------------------------------------------------------------------
PENALTY l2   FIT_INTERCEPT True   C 0.001
---------------------------------------------------------------------------


   Validation Set ROC-AUC 0.5901

   Best so far!

---------------------------------------------------------------------------
PENALTY l1   FIT_INTERCEPT False   C 0.001
---------------------------------------------------------------------------


   Validation Set ROC-AUC 0.4978

---------------------------------------------------------------------------
PENALTY l2   FIT_INTERCEPT False   C 0.001
---------------------------------------------------------------------------


   Validation Set ROC-AUC 0.5543

---------------------------------------------------------------------------
PENALTY l1   FIT_INTERCEPT True   C 0.01
---------------------------------------------------------------------------


   Validation Set ROC-AUC 0.6247

   Best so far!

---------------------------------------------------------------------------
PENALTY l2   FIT_INTERCEPT True   C 0.01
---------------------------------------------------------------------------


   Validation Set ROC-AUC 0.6298

   Best so far!

---------------------------------------------------------------------------
PENALTY l1   FIT_INTERCEPT False   C 0.01
---------------------------------------------------------------------------


   Validation Set ROC-AUC 0.5827

---------------------------------------------------------------------------
PENALTY l2   FIT_INTERCEPT False   C 0.01
---------------------------------------------------------------------------


   Validation Set ROC-AUC 0.5982

---------------------------------------------------------------------------
PENALTY l1   FIT_INTERCEPT True   C 0.1
---------------------------------------------------------------------------


   Validation Set ROC-AUC 0.6332

   Best so far!

---------------------------------------------------------------------------
PENALTY l2   FIT_INTERCEPT True   C 0.1
---------------------------------------------------------------------------


   Validation Set ROC-AUC 0.6324

---------------------------------------------------------------------------
PENALTY l1   FIT_INTERCEPT False   C 0.1
---------------------------------------------------------------------------


   Validation Set ROC-AUC 0.6035

---------------------------------------------------------------------------
PENALTY l2   FIT_INTERCEPT False   C 0.1
---------------------------------------------------------------------------


   Validation Set ROC-AUC 0.6046

---------------------------------------------------------------------------
PENALTY l1   FIT_INTERCEPT True   C 1
---------------------------------------------------------------------------


   Validation Set ROC-AUC 0.6326

---------------------------------------------------------------------------
PENALTY l2   FIT_INTERCEPT True   C 1
---------------------------------------------------------------------------


   Validation Set ROC-AUC 0.6326

---------------------------------------------------------------------------
PENALTY l1   FIT_INTERCEPT False   C 1
---------------------------------------------------------------------------


   Validation Set ROC-AUC 0.6049

---------------------------------------------------------------------------
PENALTY l2   FIT_INTERCEPT False   C 1
---------------------------------------------------------------------------


   Validation Set ROC-AUC 0.6050

---------------------------------------------------------------------------
PENALTY l1   FIT_INTERCEPT True   C 10
---------------------------------------------------------------------------


   Validation Set ROC-AUC 0.6325

---------------------------------------------------------------------------
PENALTY l2   FIT_INTERCEPT True   C 10
---------------------------------------------------------------------------


   Validation Set ROC-AUC 0.6325

---------------------------------------------------------------------------
PENALTY l1   FIT_INTERCEPT False   C 10
---------------------------------------------------------------------------


   Validation Set ROC-AUC 0.6051

---------------------------------------------------------------------------
PENALTY l2   FIT_INTERCEPT False   C 10
---------------------------------------------------------------------------


   Validation Set ROC-AUC 0.6051

---------------------------------------------------------------------------
PENALTY l1   FIT_INTERCEPT True   C 100
---------------------------------------------------------------------------


   Validation Set ROC-AUC 0.6325

---------------------------------------------------------------------------
PENALTY l2   FIT_INTERCEPT True   C 100
---------------------------------------------------------------------------


   Validation Set ROC-AUC 0.6325

---------------------------------------------------------------------------
PENALTY l1   FIT_INTERCEPT False   C 100
---------------------------------------------------------------------------


   Validation Set ROC-AUC 0.6051

---------------------------------------------------------------------------
PENALTY l2   FIT_INTERCEPT False   C 100
---------------------------------------------------------------------------


   Validation Set ROC-AUC 0.6051

---------------------------------------------------------------------------
PENALTY l1   FIT_INTERCEPT True   C 1000
---------------------------------------------------------------------------


   Validation Set ROC-AUC 0.6325

---------------------------------------------------------------------------
PENALTY l2   FIT_INTERCEPT True   C 1000
---------------------------------------------------------------------------


   Validation Set ROC-AUC 0.6325

---------------------------------------------------------------------------
PENALTY l1   FIT_INTERCEPT False   C 1000
---------------------------------------------------------------------------


   Validation Set ROC-AUC 0.6051

---------------------------------------------------------------------------
PENALTY l2   FIT_INTERCEPT False   C 1000
---------------------------------------------------------------------------


   Validation Set ROC-AUC 0.6051

