Assessing k=28 circuits
--------------------------------------------------------------------------------
Optimizing reverse model
--------------------------------------------------------------------------------
---------------------------------------------------------------------------
PENALTY l1   FIT_INTERCEPT True   C 0.001
---------------------------------------------------------------------------


   Validation Set ROC-AUC 0.5007

   Best so far!

---------------------------------------------------------------------------
PENALTY l2   FIT_INTERCEPT True   C 0.001
---------------------------------------------------------------------------


   Validation Set ROC-AUC 0.6325

   Best so far!

---------------------------------------------------------------------------
PENALTY l1   FIT_INTERCEPT False   C 0.001
---------------------------------------------------------------------------


   Validation Set ROC-AUC 0.4876

---------------------------------------------------------------------------
PENALTY l2   FIT_INTERCEPT False   C 0.001
---------------------------------------------------------------------------


   Validation Set ROC-AUC 0.5977

---------------------------------------------------------------------------
PENALTY l1   FIT_INTERCEPT True   C 0.01
---------------------------------------------------------------------------


   Validation Set ROC-AUC 0.6546

   Best so far!

---------------------------------------------------------------------------
PENALTY l2   FIT_INTERCEPT True   C 0.01
---------------------------------------------------------------------------


   Validation Set ROC-AUC 0.6618

   Best so far!

---------------------------------------------------------------------------
PENALTY l1   FIT_INTERCEPT False   C 0.01
---------------------------------------------------------------------------


   Validation Set ROC-AUC 0.6101

---------------------------------------------------------------------------
PENALTY l2   FIT_INTERCEPT False   C 0.01
---------------------------------------------------------------------------


   Validation Set ROC-AUC 0.6276

---------------------------------------------------------------------------
PENALTY l1   FIT_INTERCEPT True   C 0.1
---------------------------------------------------------------------------


   Validation Set ROC-AUC 0.6644

   Best so far!

---------------------------------------------------------------------------
PENALTY l2   FIT_INTERCEPT True   C 0.1
---------------------------------------------------------------------------


   Validation Set ROC-AUC 0.6643

---------------------------------------------------------------------------
PENALTY l1   FIT_INTERCEPT False   C 0.1
---------------------------------------------------------------------------


   Validation Set ROC-AUC 0.6301

---------------------------------------------------------------------------
PENALTY l2   FIT_INTERCEPT False   C 0.1
---------------------------------------------------------------------------


   Validation Set ROC-AUC 0.6309

---------------------------------------------------------------------------
PENALTY l1   FIT_INTERCEPT True   C 1
---------------------------------------------------------------------------


   Validation Set ROC-AUC 0.6644

   Best so far!

---------------------------------------------------------------------------
PENALTY l2   FIT_INTERCEPT True   C 1
---------------------------------------------------------------------------


   Validation Set ROC-AUC 0.6644

---------------------------------------------------------------------------
PENALTY l1   FIT_INTERCEPT False   C 1
---------------------------------------------------------------------------


   Validation Set ROC-AUC 0.6311

---------------------------------------------------------------------------
PENALTY l2   FIT_INTERCEPT False   C 1
---------------------------------------------------------------------------


   Validation Set ROC-AUC 0.6311

---------------------------------------------------------------------------
PENALTY l1   FIT_INTERCEPT True   C 10
---------------------------------------------------------------------------


   Validation Set ROC-AUC 0.6644

---------------------------------------------------------------------------
PENALTY l2   FIT_INTERCEPT True   C 10
---------------------------------------------------------------------------


   Validation Set ROC-AUC 0.6644

---------------------------------------------------------------------------
PENALTY l1   FIT_INTERCEPT False   C 10
---------------------------------------------------------------------------


   Validation Set ROC-AUC 0.6312

---------------------------------------------------------------------------
PENALTY l2   FIT_INTERCEPT False   C 10
---------------------------------------------------------------------------


   Validation Set ROC-AUC 0.6312

---------------------------------------------------------------------------
PENALTY l1   FIT_INTERCEPT True   C 100
---------------------------------------------------------------------------


   Validation Set ROC-AUC 0.6644

---------------------------------------------------------------------------
PENALTY l2   FIT_INTERCEPT True   C 100
---------------------------------------------------------------------------


   Validation Set ROC-AUC 0.6644

---------------------------------------------------------------------------
PENALTY l1   FIT_INTERCEPT False   C 100
---------------------------------------------------------------------------


   Validation Set ROC-AUC 0.6312

---------------------------------------------------------------------------
PENALTY l2   FIT_INTERCEPT False   C 100
---------------------------------------------------------------------------


   Validation Set ROC-AUC 0.6312

---------------------------------------------------------------------------
PENALTY l1   FIT_INTERCEPT True   C 1000
---------------------------------------------------------------------------


   Validation Set ROC-AUC 0.6644

---------------------------------------------------------------------------
PENALTY l2   FIT_INTERCEPT True   C 1000
---------------------------------------------------------------------------


   Validation Set ROC-AUC 0.6644

---------------------------------------------------------------------------
PENALTY l1   FIT_INTERCEPT False   C 1000
---------------------------------------------------------------------------


   Validation Set ROC-AUC 0.6312

---------------------------------------------------------------------------
PENALTY l2   FIT_INTERCEPT False   C 1000
---------------------------------------------------------------------------


   Validation Set ROC-AUC 0.6312

