Assessing k=29 circuits
--------------------------------------------------------------------------------
Optimizing forward model
--------------------------------------------------------------------------------
---------------------------------------------------------------------------
PENALTY l1   FIT_INTERCEPT True   C 0.001
---------------------------------------------------------------------------


   Validation Set ROC-AUC 0.5104

   Best so far!

---------------------------------------------------------------------------
PENALTY l2   FIT_INTERCEPT True   C 0.001
---------------------------------------------------------------------------


   Validation Set ROC-AUC 0.5966

   Best so far!

---------------------------------------------------------------------------
PENALTY l1   FIT_INTERCEPT False   C 0.001
---------------------------------------------------------------------------


   Validation Set ROC-AUC 0.5494

---------------------------------------------------------------------------
PENALTY l2   FIT_INTERCEPT False   C 0.001
---------------------------------------------------------------------------


   Validation Set ROC-AUC 0.5696

---------------------------------------------------------------------------
PENALTY l1   FIT_INTERCEPT True   C 0.01
---------------------------------------------------------------------------


   Validation Set ROC-AUC 0.6323

   Best so far!

---------------------------------------------------------------------------
PENALTY l2   FIT_INTERCEPT True   C 0.01
---------------------------------------------------------------------------


   Validation Set ROC-AUC 0.6367

   Best so far!

---------------------------------------------------------------------------
PENALTY l1   FIT_INTERCEPT False   C 0.01
---------------------------------------------------------------------------


   Validation Set ROC-AUC 0.5790

---------------------------------------------------------------------------
PENALTY l2   FIT_INTERCEPT False   C 0.01
---------------------------------------------------------------------------


   Validation Set ROC-AUC 0.5869

---------------------------------------------------------------------------
PENALTY l1   FIT_INTERCEPT True   C 0.1
---------------------------------------------------------------------------


   Validation Set ROC-AUC 0.6424

   Best so far!

---------------------------------------------------------------------------
PENALTY l2   FIT_INTERCEPT True   C 0.1
---------------------------------------------------------------------------


   Validation Set ROC-AUC 0.6415

---------------------------------------------------------------------------
PENALTY l1   FIT_INTERCEPT False   C 0.1
---------------------------------------------------------------------------


   Validation Set ROC-AUC 0.5894

---------------------------------------------------------------------------
PENALTY l2   FIT_INTERCEPT False   C 0.1
---------------------------------------------------------------------------


   Validation Set ROC-AUC 0.5902

---------------------------------------------------------------------------
PENALTY l1   FIT_INTERCEPT True   C 1
---------------------------------------------------------------------------


   Validation Set ROC-AUC 0.6417

---------------------------------------------------------------------------
PENALTY l2   FIT_INTERCEPT True   C 1
---------------------------------------------------------------------------


   Validation Set ROC-AUC 0.6416

---------------------------------------------------------------------------
PENALTY l1   FIT_INTERCEPT False   C 1
---------------------------------------------------------------------------


   Validation Set ROC-AUC 0.5905

---------------------------------------------------------------------------
PENALTY l2   FIT_INTERCEPT False   C 1
---------------------------------------------------------------------------


   Validation Set ROC-AUC 0.5906

---------------------------------------------------------------------------
PENALTY l1   FIT_INTERCEPT True   C 10
---------------------------------------------------------------------------


   Validation Set ROC-AUC 0.6416

---------------------------------------------------------------------------
PENALTY l2   FIT_INTERCEPT True   C 10
---------------------------------------------------------------------------


   Validation Set ROC-AUC 0.6415

---------------------------------------------------------------------------
PENALTY l1   FIT_INTERCEPT False   C 10
---------------------------------------------------------------------------


   Validation Set ROC-AUC 0.5906

---------------------------------------------------------------------------
PENALTY l2   FIT_INTERCEPT False   C 10
---------------------------------------------------------------------------


   Validation Set ROC-AUC 0.5906

---------------------------------------------------------------------------
PENALTY l1   FIT_INTERCEPT True   C 100
---------------------------------------------------------------------------


   Validation Set ROC-AUC 0.6416

---------------------------------------------------------------------------
PENALTY l2   FIT_INTERCEPT True   C 100
---------------------------------------------------------------------------


   Validation Set ROC-AUC 0.6415

---------------------------------------------------------------------------
PENALTY l1   FIT_INTERCEPT False   C 100
---------------------------------------------------------------------------


   Validation Set ROC-AUC 0.5906

---------------------------------------------------------------------------
PENALTY l2   FIT_INTERCEPT False   C 100
---------------------------------------------------------------------------


   Validation Set ROC-AUC 0.5906

---------------------------------------------------------------------------
PENALTY l1   FIT_INTERCEPT True   C 1000
---------------------------------------------------------------------------


   Validation Set ROC-AUC 0.6415

---------------------------------------------------------------------------
PENALTY l2   FIT_INTERCEPT True   C 1000
---------------------------------------------------------------------------


   Validation Set ROC-AUC 0.6415

---------------------------------------------------------------------------
PENALTY l1   FIT_INTERCEPT False   C 1000
---------------------------------------------------------------------------


   Validation Set ROC-AUC 0.5906

---------------------------------------------------------------------------
PENALTY l2   FIT_INTERCEPT False   C 1000
---------------------------------------------------------------------------


   Validation Set ROC-AUC 0.5906

