Assessing k=30 circuits
--------------------------------------------------------------------------------
Optimizing reverse model
--------------------------------------------------------------------------------
---------------------------------------------------------------------------
PENALTY l1   FIT_INTERCEPT True   C 0.001
---------------------------------------------------------------------------


   Validation Set ROC-AUC 0.5000

   Best so far!

---------------------------------------------------------------------------
PENALTY l2   FIT_INTERCEPT True   C 0.001
---------------------------------------------------------------------------


   Validation Set ROC-AUC 0.6430

   Best so far!

---------------------------------------------------------------------------
PENALTY l1   FIT_INTERCEPT False   C 0.001
---------------------------------------------------------------------------


   Validation Set ROC-AUC 0.4977

---------------------------------------------------------------------------
PENALTY l2   FIT_INTERCEPT False   C 0.001
---------------------------------------------------------------------------


   Validation Set ROC-AUC 0.6087

---------------------------------------------------------------------------
PENALTY l1   FIT_INTERCEPT True   C 0.01
---------------------------------------------------------------------------


   Validation Set ROC-AUC 0.6653

   Best so far!

---------------------------------------------------------------------------
PENALTY l2   FIT_INTERCEPT True   C 0.01
---------------------------------------------------------------------------


   Validation Set ROC-AUC 0.6731

   Best so far!

---------------------------------------------------------------------------
PENALTY l1   FIT_INTERCEPT False   C 0.01
---------------------------------------------------------------------------


   Validation Set ROC-AUC 0.6264

---------------------------------------------------------------------------
PENALTY l2   FIT_INTERCEPT False   C 0.01
---------------------------------------------------------------------------


   Validation Set ROC-AUC 0.6416

---------------------------------------------------------------------------
PENALTY l1   FIT_INTERCEPT True   C 0.1
---------------------------------------------------------------------------


   Validation Set ROC-AUC 0.6752

   Best so far!

---------------------------------------------------------------------------
PENALTY l2   FIT_INTERCEPT True   C 0.1
---------------------------------------------------------------------------


   Validation Set ROC-AUC 0.6751

---------------------------------------------------------------------------
PENALTY l1   FIT_INTERCEPT False   C 0.1
---------------------------------------------------------------------------


   Validation Set ROC-AUC 0.6450

---------------------------------------------------------------------------
PENALTY l2   FIT_INTERCEPT False   C 0.1
---------------------------------------------------------------------------


   Validation Set ROC-AUC 0.6455

---------------------------------------------------------------------------
PENALTY l1   FIT_INTERCEPT True   C 1
---------------------------------------------------------------------------


   Validation Set ROC-AUC 0.6751

---------------------------------------------------------------------------
PENALTY l2   FIT_INTERCEPT True   C 1
---------------------------------------------------------------------------


   Validation Set ROC-AUC 0.6751

---------------------------------------------------------------------------
PENALTY l1   FIT_INTERCEPT False   C 1
---------------------------------------------------------------------------


   Validation Set ROC-AUC 0.6459

---------------------------------------------------------------------------
PENALTY l2   FIT_INTERCEPT False   C 1
---------------------------------------------------------------------------


   Validation Set ROC-AUC 0.6459

---------------------------------------------------------------------------
PENALTY l1   FIT_INTERCEPT True   C 10
---------------------------------------------------------------------------


   Validation Set ROC-AUC 0.6751

---------------------------------------------------------------------------
PENALTY l2   FIT_INTERCEPT True   C 10
---------------------------------------------------------------------------


   Validation Set ROC-AUC 0.6751

---------------------------------------------------------------------------
PENALTY l1   FIT_INTERCEPT False   C 10
---------------------------------------------------------------------------


   Validation Set ROC-AUC 0.6459

---------------------------------------------------------------------------
PENALTY l2   FIT_INTERCEPT False   C 10
---------------------------------------------------------------------------


   Validation Set ROC-AUC 0.6459

---------------------------------------------------------------------------
PENALTY l1   FIT_INTERCEPT True   C 100
---------------------------------------------------------------------------


   Validation Set ROC-AUC 0.6751

---------------------------------------------------------------------------
PENALTY l2   FIT_INTERCEPT True   C 100
---------------------------------------------------------------------------


   Validation Set ROC-AUC 0.6751

---------------------------------------------------------------------------
PENALTY l1   FIT_INTERCEPT False   C 100
---------------------------------------------------------------------------


   Validation Set ROC-AUC 0.6459

---------------------------------------------------------------------------
PENALTY l2   FIT_INTERCEPT False   C 100
---------------------------------------------------------------------------


   Validation Set ROC-AUC 0.6459

---------------------------------------------------------------------------
PENALTY l1   FIT_INTERCEPT True   C 1000
---------------------------------------------------------------------------


   Validation Set ROC-AUC 0.6751

---------------------------------------------------------------------------
PENALTY l2   FIT_INTERCEPT True   C 1000
---------------------------------------------------------------------------


   Validation Set ROC-AUC 0.6751

---------------------------------------------------------------------------
PENALTY l1   FIT_INTERCEPT False   C 1000
---------------------------------------------------------------------------


   Validation Set ROC-AUC 0.6459

---------------------------------------------------------------------------
PENALTY l2   FIT_INTERCEPT False   C 1000
---------------------------------------------------------------------------


   Validation Set ROC-AUC 0.6459

