----------------------------------------------------------------------------------------------------
Fitting models for domain 01
-------------------------------------------------------------------------------------
Fitting models for lists of length 05
---------------------------------------------------------------------------
WEIGHT_DECAY 0.00100   P_DROPOUT 0.10000   N_HID 100.00000   LR 0.00100
---------------------------------------------------------------------------

   Epoch  20	Loss 0.004042
   Epoch  40	Loss 0.004064
   Epoch  60	Loss 0.004053
   Epoch  80	Loss 0.004041
   Epoch 100	Loss 0.004031

   Validation Set ROC-AUC 0.6110

   Best so far!

---------------------------------------------------------------------------
WEIGHT_DECAY 0.00100   P_DROPOUT 0.10000   N_HID 100.00000   LR 0.00100
---------------------------------------------------------------------------

   Epoch  20	Loss 0.004012
   Epoch  40	Loss 0.003804
   Epoch  60	Loss 0.003509
   Epoch  80	Loss 0.003455
   Epoch 100	Loss 0.003333

   Validation Set ROC-AUC 0.6025

   Best so far!

-------------------------------------------------------------------------------------
Fitting models for lists of length 06
---------------------------------------------------------------------------
WEIGHT_DECAY 0.00100   P_DROPOUT 0.10000   N_HID 100.00000   LR 0.00100
---------------------------------------------------------------------------

   Epoch  20	Loss 0.004021
   Epoch  40	Loss 0.004041
   Epoch  60	Loss 0.004023
   Epoch  80	Loss 0.004020
   Epoch 100	Loss 0.004005

   Validation Set ROC-AUC 0.6099

   Best so far!

---------------------------------------------------------------------------
WEIGHT_DECAY 0.00100   P_DROPOUT 0.10000   N_HID 100.00000   LR 0.00100
---------------------------------------------------------------------------

   Epoch  20	Loss 0.003769
   Epoch  40	Loss 0.003506
   Epoch  60	Loss 0.003348
   Epoch  80	Loss 0.003259
   Epoch 100	Loss 0.003224

   Validation Set ROC-AUC 0.6243

   Best so far!

-------------------------------------------------------------------------------------
Fitting models for lists of length 07
---------------------------------------------------------------------------
WEIGHT_DECAY 0.00100   P_DROPOUT 0.10000   N_HID 100.00000   LR 0.00100
---------------------------------------------------------------------------

   Epoch  20	Loss 0.004028
   Epoch  40	Loss 0.004032
   Epoch  60	Loss 0.004016
   Epoch  80	Loss 0.004016
   Epoch 100	Loss 0.004008

   Validation Set ROC-AUC 0.6135

   Best so far!

---------------------------------------------------------------------------
WEIGHT_DECAY 0.00100   P_DROPOUT 0.10000   N_HID 100.00000   LR 0.00100
---------------------------------------------------------------------------

   Epoch  20	Loss 0.003690
   Epoch  40	Loss 0.003540
   Epoch  60	Loss 0.003353
   Epoch  80	Loss 0.003282
   Epoch 100	Loss 0.003117

   Validation Set ROC-AUC 0.6226

   Best so far!

-------------------------------------------------------------------------------------
Fitting models for lists of length 08
---------------------------------------------------------------------------
WEIGHT_DECAY 0.00100   P_DROPOUT 0.10000   N_HID 100.00000   LR 0.00100
---------------------------------------------------------------------------

   Epoch  20	Loss 0.004021
   Epoch  40	Loss 0.004015
   Epoch  60	Loss 0.004026
   Epoch  80	Loss 0.003997
   Epoch 100	Loss 0.004000

   Validation Set ROC-AUC 0.6154

   Best so far!

---------------------------------------------------------------------------
WEIGHT_DECAY 0.00100   P_DROPOUT 0.10000   N_HID 100.00000   LR 0.00100
---------------------------------------------------------------------------

   Epoch  20	Loss 0.003738
   Epoch  40	Loss 0.003533
   Epoch  60	Loss 0.003437
   Epoch  80	Loss 0.003402
   Epoch 100	Loss 0.003313

   Validation Set ROC-AUC 0.6206

   Best so far!

-------------------------------------------------------------------------------------
Fitting models for lists of length 09
---------------------------------------------------------------------------
WEIGHT_DECAY 0.00100   P_DROPOUT 0.10000   N_HID 100.00000   LR 0.00100
---------------------------------------------------------------------------

   Epoch  20	Loss 0.004001
   Epoch  40	Loss 0.004009
   Epoch  60	Loss 0.003986
   Epoch  80	Loss 0.003983
   Epoch 100	Loss 0.003985

   Validation Set ROC-AUC 0.6172

   Best so far!

---------------------------------------------------------------------------
WEIGHT_DECAY 0.00100   P_DROPOUT 0.10000   N_HID 100.00000   LR 0.00100
---------------------------------------------------------------------------

   Epoch  20	Loss 0.003549
   Epoch  40	Loss 0.003412
   Epoch  60	Loss 0.003287
   Epoch  80	Loss 0.003208
   Epoch 100	Loss 0.003121

   Validation Set ROC-AUC 0.6246

   Best so far!

-------------------------------------------------------------------------------------
Fitting models for lists of length 10
---------------------------------------------------------------------------
WEIGHT_DECAY 0.00100   P_DROPOUT 0.10000   N_HID 100.00000   LR 0.00100
---------------------------------------------------------------------------

   Epoch  20	Loss 0.004001
   Epoch  40	Loss 0.003985
   Epoch  60	Loss 0.003982
   Epoch  80	Loss 0.003961
   Epoch 100	Loss 0.003956

   Validation Set ROC-AUC 0.6177

   Best so far!

---------------------------------------------------------------------------
WEIGHT_DECAY 0.00100   P_DROPOUT 0.10000   N_HID 100.00000   LR 0.00100
---------------------------------------------------------------------------

   Epoch  20	Loss 0.003414
   Epoch  40	Loss 0.003231
   Epoch  60	Loss 0.003117
   Epoch  80	Loss 0.003024
   Epoch 100	Loss 0.003001

   Validation Set ROC-AUC 0.6247

   Best so far!

-------------------------------------------------------------------------------------
Fitting models for lists of length 11
---------------------------------------------------------------------------
WEIGHT_DECAY 0.00100   P_DROPOUT 0.10000   N_HID 100.00000   LR 0.00100
---------------------------------------------------------------------------

   Epoch  20	Loss 0.003996
   Epoch  40	Loss 0.003962
   Epoch  60	Loss 0.003959
   Epoch  80	Loss 0.003942
   Epoch 100	Loss 0.003952

   Validation Set ROC-AUC 0.6225

   Best so far!

---------------------------------------------------------------------------
WEIGHT_DECAY 0.00100   P_DROPOUT 0.10000   N_HID 100.00000   LR 0.00100
---------------------------------------------------------------------------

   Epoch  20	Loss 0.003459
   Epoch  40	Loss 0.003344
   Epoch  60	Loss 0.003225
   Epoch  80	Loss 0.003164
   Epoch 100	Loss 0.003060

   Validation Set ROC-AUC 0.6337

   Best so far!

-------------------------------------------------------------------------------------
Fitting models for lists of length 12
---------------------------------------------------------------------------
WEIGHT_DECAY 0.00100   P_DROPOUT 0.10000   N_HID 100.00000   LR 0.00100
---------------------------------------------------------------------------

   Epoch  20	Loss 0.003984
   Epoch  40	Loss 0.003961
   Epoch  60	Loss 0.003944
   Epoch  80	Loss 0.003949
   Epoch 100	Loss 0.003948

   Validation Set ROC-AUC 0.6226

   Best so far!

---------------------------------------------------------------------------
WEIGHT_DECAY 0.00100   P_DROPOUT 0.10000   N_HID 100.00000   LR 0.00100
---------------------------------------------------------------------------

   Epoch  20	Loss 0.003489
   Epoch  40	Loss 0.003272
   Epoch  60	Loss 0.003204
   Epoch  80	Loss 0.003068
   Epoch 100	Loss 0.003036

   Validation Set ROC-AUC 0.6284

   Best so far!

-------------------------------------------------------------------------------------
Fitting models for lists of length 13
---------------------------------------------------------------------------
WEIGHT_DECAY 0.00100   P_DROPOUT 0.10000   N_HID 100.00000   LR 0.00100
---------------------------------------------------------------------------

   Epoch  20	Loss 0.003977
   Epoch  40	Loss 0.003970
   Epoch  60	Loss 0.003930
   Epoch  80	Loss 0.003927
   Epoch 100	Loss 0.003923

   Validation Set ROC-AUC 0.6205

   Best so far!

---------------------------------------------------------------------------
WEIGHT_DECAY 0.00100   P_DROPOUT 0.10000   N_HID 100.00000   LR 0.00100
---------------------------------------------------------------------------

   Epoch  20	Loss 0.003332
   Epoch  40	Loss 0.003231
   Epoch  60	Loss 0.003085
   Epoch  80	Loss 0.003000
   Epoch 100	Loss 0.002944

   Validation Set ROC-AUC 0.6267

   Best so far!

-------------------------------------------------------------------------------------
Fitting models for lists of length 14
---------------------------------------------------------------------------
WEIGHT_DECAY 0.00100   P_DROPOUT 0.10000   N_HID 100.00000   LR 0.00100
---------------------------------------------------------------------------

   Epoch  20	Loss 0.003989
   Epoch  40	Loss 0.003958
   Epoch  60	Loss 0.003942
   Epoch  80	Loss 0.003918
   Epoch 100	Loss 0.003930

   Validation Set ROC-AUC 0.6258

   Best so far!

---------------------------------------------------------------------------
WEIGHT_DECAY 0.00100   P_DROPOUT 0.10000   N_HID 100.00000   LR 0.00100
---------------------------------------------------------------------------

   Epoch  20	Loss 0.003278
   Epoch  40	Loss 0.003124
   Epoch  60	Loss 0.003024
   Epoch  80	Loss 0.002943
   Epoch 100	Loss 0.002871

   Validation Set ROC-AUC 0.6300

   Best so far!

-------------------------------------------------------------------------------------
Fitting models for lists of length 15
---------------------------------------------------------------------------
WEIGHT_DECAY 0.00100   P_DROPOUT 0.10000   N_HID 100.00000   LR 0.00100
---------------------------------------------------------------------------

   Epoch  20	Loss 0.003962
   Epoch  40	Loss 0.003951
   Epoch  60	Loss 0.003954
   Epoch  80	Loss 0.003911
   Epoch 100	Loss 0.003909

   Validation Set ROC-AUC 0.6198

   Best so far!

---------------------------------------------------------------------------
WEIGHT_DECAY 0.00100   P_DROPOUT 0.10000   N_HID 100.00000   LR 0.00100
---------------------------------------------------------------------------

   Epoch  20	Loss 0.003286
   Epoch  40	Loss 0.003099
   Epoch  60	Loss 0.002978
   Epoch  80	Loss 0.002924
   Epoch 100	Loss 0.002851

   Validation Set ROC-AUC 0.6379

   Best so far!

-------------------------------------------------------------------------------------
Fitting models for lists of length 16
---------------------------------------------------------------------------
WEIGHT_DECAY 0.00100   P_DROPOUT 0.10000   N_HID 100.00000   LR 0.00100
---------------------------------------------------------------------------

   Epoch  20	Loss 0.003970
   Epoch  40	Loss 0.003948
   Epoch  60	Loss 0.003940
   Epoch  80	Loss 0.003897
   Epoch 100	Loss 0.003879

   Validation Set ROC-AUC 0.6202

   Best so far!

---------------------------------------------------------------------------
WEIGHT_DECAY 0.00100   P_DROPOUT 0.10000   N_HID 100.00000   LR 0.00100
---------------------------------------------------------------------------

   Epoch  20	Loss 0.003256
   Epoch  40	Loss 0.003127
   Epoch  60	Loss 0.002997
   Epoch  80	Loss 0.002940
   Epoch 100	Loss 0.002920

   Validation Set ROC-AUC 0.6339

   Best so far!

-------------------------------------------------------------------------------------
Fitting models for lists of length 17
---------------------------------------------------------------------------
WEIGHT_DECAY 0.00100   P_DROPOUT 0.10000   N_HID 100.00000   LR 0.00100
---------------------------------------------------------------------------

   Epoch  20	Loss 0.003978
   Epoch  40	Loss 0.003945
   Epoch  60	Loss 0.003916
   Epoch  80	Loss 0.003903
   Epoch 100	Loss 0.003907

   Validation Set ROC-AUC 0.6208

   Best so far!

---------------------------------------------------------------------------
WEIGHT_DECAY 0.00100   P_DROPOUT 0.10000   N_HID 100.00000   LR 0.00100
---------------------------------------------------------------------------

   Epoch  20	Loss 0.003360
   Epoch  40	Loss 0.003161
   Epoch  60	Loss 0.003062
   Epoch  80	Loss 0.003044
   Epoch 100	Loss 0.002990

   Validation Set ROC-AUC 0.6345

   Best so far!

-------------------------------------------------------------------------------------
Fitting models for lists of length 18
---------------------------------------------------------------------------
WEIGHT_DECAY 0.00100   P_DROPOUT 0.10000   N_HID 100.00000   LR 0.00100
---------------------------------------------------------------------------

   Epoch  20	Loss 0.003976
   Epoch  40	Loss 0.003953
   Epoch  60	Loss 0.003918
   Epoch  80	Loss 0.003881
   Epoch 100	Loss 0.003872

   Validation Set ROC-AUC 0.6192

   Best so far!

---------------------------------------------------------------------------
WEIGHT_DECAY 0.00100   P_DROPOUT 0.10000   N_HID 100.00000   LR 0.00100
---------------------------------------------------------------------------

   Epoch  20	Loss 0.003248
   Epoch  40	Loss 0.003101
   Epoch  60	Loss 0.002986
   Epoch  80	Loss 0.002915
   Epoch 100	Loss 0.002814

   Validation Set ROC-AUC 0.6491

   Best so far!

-------------------------------------------------------------------------------------
Fitting models for lists of length 19
---------------------------------------------------------------------------
WEIGHT_DECAY 0.00100   P_DROPOUT 0.10000   N_HID 100.00000   LR 0.00100
---------------------------------------------------------------------------

   Epoch  20	Loss 0.003948
   Epoch  40	Loss 0.003908
   Epoch  60	Loss 0.003870
   Epoch  80	Loss 0.003888
   Epoch 100	Loss 0.003862

   Validation Set ROC-AUC 0.6202

   Best so far!

---------------------------------------------------------------------------
WEIGHT_DECAY 0.00100   P_DROPOUT 0.10000   N_HID 100.00000   LR 0.00100
---------------------------------------------------------------------------

   Epoch  20	Loss 0.003108
   Epoch  40	Loss 0.002980
   Epoch  60	Loss 0.002908
   Epoch  80	Loss 0.002789
   Epoch 100	Loss 0.002774

   Validation Set ROC-AUC 0.6454

   Best so far!

-------------------------------------------------------------------------------------
Fitting models for lists of length 20
---------------------------------------------------------------------------
WEIGHT_DECAY 0.00100   P_DROPOUT 0.10000   N_HID 100.00000   LR 0.00100
---------------------------------------------------------------------------

   Epoch  20	Loss 0.003950
   Epoch  40	Loss 0.003919
   Epoch  60	Loss 0.003884
   Epoch  80	Loss 0.003880
   Epoch 100	Loss 0.003865

   Validation Set ROC-AUC 0.6189

   Best so far!

---------------------------------------------------------------------------
WEIGHT_DECAY 0.00100   P_DROPOUT 0.10000   N_HID 100.00000   LR 0.00100
---------------------------------------------------------------------------

   Epoch  20	Loss 0.003139
   Epoch  40	Loss 0.003034
   Epoch  60	Loss 0.002942
   Epoch  80	Loss 0.002833
   Epoch 100	Loss 0.002820

   Validation Set ROC-AUC 0.6484

   Best so far!

-------------------------------------------------------------------------------------
Fitting models for lists of length 21
---------------------------------------------------------------------------
WEIGHT_DECAY 0.00100   P_DROPOUT 0.10000   N_HID 100.00000   LR 0.00100
---------------------------------------------------------------------------

   Epoch  20	Loss 0.003954
   Epoch  40	Loss 0.003908
   Epoch  60	Loss 0.003883
   Epoch  80	Loss 0.003838
   Epoch 100	Loss 0.003845

   Validation Set ROC-AUC 0.6185

   Best so far!

---------------------------------------------------------------------------
WEIGHT_DECAY 0.00100   P_DROPOUT 0.10000   N_HID 100.00000   LR 0.00100
---------------------------------------------------------------------------

   Epoch  20	Loss 0.003164
   Epoch  40	Loss 0.003053
   Epoch  60	Loss 0.002916
   Epoch  80	Loss 0.002911
   Epoch 100	Loss 0.002852

   Validation Set ROC-AUC 0.6415

   Best so far!

-------------------------------------------------------------------------------------
Fitting models for lists of length 22
---------------------------------------------------------------------------
WEIGHT_DECAY 0.00100   P_DROPOUT 0.10000   N_HID 100.00000   LR 0.00100
---------------------------------------------------------------------------

   Epoch  20	Loss 0.003964
   Epoch  40	Loss 0.003918
   Epoch  60	Loss 0.003874
   Epoch  80	Loss 0.003827
   Epoch 100	Loss 0.003854

   Validation Set ROC-AUC 0.6161

   Best so far!

---------------------------------------------------------------------------
WEIGHT_DECAY 0.00100   P_DROPOUT 0.10000   N_HID 100.00000   LR 0.00100
---------------------------------------------------------------------------

   Epoch  20	Loss 0.003105
   Epoch  40	Loss 0.002986
   Epoch  60	Loss 0.002930
   Epoch  80	Loss 0.002842
   Epoch 100	Loss 0.002795

   Validation Set ROC-AUC 0.6498

   Best so far!

-------------------------------------------------------------------------------------
Fitting models for lists of length 23
---------------------------------------------------------------------------
WEIGHT_DECAY 0.00100   P_DROPOUT 0.10000   N_HID 100.00000   LR 0.00100
---------------------------------------------------------------------------

   Epoch  20	Loss 0.003912
   Epoch  40	Loss 0.003864
   Epoch  60	Loss 0.003864
   Epoch  80	Loss 0.003811
   Epoch 100	Loss 0.003828

   Validation Set ROC-AUC 0.6227

   Best so far!

---------------------------------------------------------------------------
WEIGHT_DECAY 0.00100   P_DROPOUT 0.10000   N_HID 100.00000   LR 0.00100
---------------------------------------------------------------------------

   Epoch  20	Loss 0.003191
   Epoch  40	Loss 0.003098
   Epoch  60	Loss 0.003000
   Epoch  80	Loss 0.002898
   Epoch 100	Loss 0.002882

   Validation Set ROC-AUC 0.6428

   Best so far!

-------------------------------------------------------------------------------------
Fitting models for lists of length 24
---------------------------------------------------------------------------
WEIGHT_DECAY 0.00100   P_DROPOUT 0.10000   N_HID 100.00000   LR 0.00100
---------------------------------------------------------------------------

   Epoch  20	Loss 0.003940
   Epoch  40	Loss 0.003904
   Epoch  60	Loss 0.003845
   Epoch  80	Loss 0.003824
   Epoch 100	Loss 0.003820

   Validation Set ROC-AUC 0.6184

   Best so far!

---------------------------------------------------------------------------
WEIGHT_DECAY 0.00100   P_DROPOUT 0.10000   N_HID 100.00000   LR 0.00100
---------------------------------------------------------------------------

   Epoch  20	Loss 0.003151
   Epoch  40	Loss 0.003043
   Epoch  60	Loss 0.002985
   Epoch  80	Loss 0.002912
   Epoch 100	Loss 0.002862

   Validation Set ROC-AUC 0.6395

   Best so far!

-------------------------------------------------------------------------------------
Fitting models for lists of length 25
---------------------------------------------------------------------------
WEIGHT_DECAY 0.00100   P_DROPOUT 0.10000   N_HID 100.00000   LR 0.00100
---------------------------------------------------------------------------

   Epoch  20	Loss 0.003916
   Epoch  40	Loss 0.003883
   Epoch  60	Loss 0.003831
   Epoch  80	Loss 0.003801
   Epoch 100	Loss 0.003776

   Validation Set ROC-AUC 0.6010

   Best so far!

---------------------------------------------------------------------------
WEIGHT_DECAY 0.00100   P_DROPOUT 0.10000   N_HID 100.00000   LR 0.00100
---------------------------------------------------------------------------

   Epoch  20	Loss 0.003167
   Epoch  40	Loss 0.003060
   Epoch  60	Loss 0.002993
   Epoch  80	Loss 0.002916
   Epoch 100	Loss 0.002886

   Validation Set ROC-AUC 0.6438

   Best so far!

-------------------------------------------------------------------------------------
Mean ROC-AUC scores: [0.6067263087422463, 0.6170608176714453, 0.6180413465279331, 0.6179567146405192, 0.6208688624332023, 0.6212322746533161, 0.62809906292503, 0.6255025159319556, 0.6236172035284404, 0.6278992754686354, 0.6288049956810018, 0.6270492380209345, 0.6276420304357062, 0.6341496905854003, 0.6328143628346506, 0.6336454531423078, 0.6300067571784335, 0.6329428833456188, 0.6327457329634811, 0.6289440603609979, 0.6223868468699576]
----------------------------------------------------------------------------------------------------
	Circuit 01 has 18 words
----------------------------------------------------------------------------------------------------
Fitting models for domain 02
-------------------------------------------------------------------------------------
Fitting models for lists of length 05
---------------------------------------------------------------------------
WEIGHT_DECAY 0.00100   P_DROPOUT 0.10000   N_HID 100.00000   LR 0.00100
---------------------------------------------------------------------------

   Epoch  20	Loss 0.006033
   Epoch  40	Loss 0.006020
   Epoch  60	Loss 0.006026
   Epoch  80	Loss 0.006031
   Epoch 100	Loss 0.006030

   Validation Set ROC-AUC 0.5617

   Best so far!

---------------------------------------------------------------------------
WEIGHT_DECAY 0.00100   P_DROPOUT 0.10000   N_HID 100.00000   LR 0.00100
---------------------------------------------------------------------------

   Epoch  20	Loss 0.003664
   Epoch  40	Loss 0.003048
   Epoch  60	Loss 0.002770
   Epoch  80	Loss 0.002449
   Epoch 100	Loss 0.002301

   Validation Set ROC-AUC 0.6348

   Best so far!

-------------------------------------------------------------------------------------
Fitting models for lists of length 06
---------------------------------------------------------------------------
WEIGHT_DECAY 0.00100   P_DROPOUT 0.10000   N_HID 100.00000   LR 0.00100
---------------------------------------------------------------------------

   Epoch  20	Loss 0.006032
   Epoch  40	Loss 0.006031
   Epoch  60	Loss 0.006019
   Epoch  80	Loss 0.006020
   Epoch 100	Loss 0.006025

   Validation Set ROC-AUC 0.5627

   Best so far!

---------------------------------------------------------------------------
WEIGHT_DECAY 0.00100   P_DROPOUT 0.10000   N_HID 100.00000   LR 0.00100
---------------------------------------------------------------------------

   Epoch  20	Loss 0.003494
   Epoch  40	Loss 0.003127
   Epoch  60	Loss 0.002725
   Epoch  80	Loss 0.002494
   Epoch 100	Loss 0.002294

   Validation Set ROC-AUC 0.6367

   Best so far!

-------------------------------------------------------------------------------------
Fitting models for lists of length 07
---------------------------------------------------------------------------
WEIGHT_DECAY 0.00100   P_DROPOUT 0.10000   N_HID 100.00000   LR 0.00100
---------------------------------------------------------------------------

   Epoch  20	Loss 0.006028
   Epoch  40	Loss 0.006020
   Epoch  60	Loss 0.006031
   Epoch  80	Loss 0.006030
   Epoch 100	Loss 0.006026

   Validation Set ROC-AUC 0.5689

   Best so far!

---------------------------------------------------------------------------
WEIGHT_DECAY 0.00100   P_DROPOUT 0.10000   N_HID 100.00000   LR 0.00100
---------------------------------------------------------------------------

   Epoch  20	Loss 0.003572
   Epoch  40	Loss 0.003210
   Epoch  60	Loss 0.002857
   Epoch  80	Loss 0.002739
   Epoch 100	Loss 0.002602

   Validation Set ROC-AUC 0.6179

   Best so far!

-------------------------------------------------------------------------------------
Fitting models for lists of length 08
---------------------------------------------------------------------------
WEIGHT_DECAY 0.00100   P_DROPOUT 0.10000   N_HID 100.00000   LR 0.00100
---------------------------------------------------------------------------

   Epoch  20	Loss 0.006034
   Epoch  40	Loss 0.006038
   Epoch  60	Loss 0.006030
   Epoch  80	Loss 0.006022
   Epoch 100	Loss 0.006027

   Validation Set ROC-AUC 0.5695

   Best so far!

---------------------------------------------------------------------------
WEIGHT_DECAY 0.00100   P_DROPOUT 0.10000   N_HID 100.00000   LR 0.00100
---------------------------------------------------------------------------

   Epoch  20	Loss 0.003841
   Epoch  40	Loss 0.003490
   Epoch  60	Loss 0.003210
   Epoch  80	Loss 0.003101
   Epoch 100	Loss 0.002976

   Validation Set ROC-AUC 0.6085

   Best so far!

-------------------------------------------------------------------------------------
Fitting models for lists of length 09
---------------------------------------------------------------------------
WEIGHT_DECAY 0.00100   P_DROPOUT 0.10000   N_HID 100.00000   LR 0.00100
---------------------------------------------------------------------------

   Epoch  20	Loss 0.006028
   Epoch  40	Loss 0.006031
   Epoch  60	Loss 0.006043
   Epoch  80	Loss 0.006023
   Epoch 100	Loss 0.006024

   Validation Set ROC-AUC 0.5722

   Best so far!

---------------------------------------------------------------------------
WEIGHT_DECAY 0.00100   P_DROPOUT 0.10000   N_HID 100.00000   LR 0.00100
---------------------------------------------------------------------------

   Epoch  20	Loss 0.003744
   Epoch  40	Loss 0.003386
   Epoch  60	Loss 0.003137
   Epoch  80	Loss 0.002997
   Epoch 100	Loss 0.002903

   Validation Set ROC-AUC 0.6255

   Best so far!

-------------------------------------------------------------------------------------
Fitting models for lists of length 10
---------------------------------------------------------------------------
WEIGHT_DECAY 0.00100   P_DROPOUT 0.10000   N_HID 100.00000   LR 0.00100
---------------------------------------------------------------------------

   Epoch  20	Loss 0.006005
   Epoch  40	Loss 0.006004
   Epoch  60	Loss 0.005996
   Epoch  80	Loss 0.005993
   Epoch 100	Loss 0.005992

   Validation Set ROC-AUC 0.5763

   Best so far!

---------------------------------------------------------------------------
WEIGHT_DECAY 0.00100   P_DROPOUT 0.10000   N_HID 100.00000   LR 0.00100
---------------------------------------------------------------------------

   Epoch  20	Loss 0.003834
   Epoch  40	Loss 0.003431
   Epoch  60	Loss 0.003267
   Epoch  80	Loss 0.003117
   Epoch 100	Loss 0.003049

   Validation Set ROC-AUC 0.6329

   Best so far!

-------------------------------------------------------------------------------------
Fitting models for lists of length 11
---------------------------------------------------------------------------
WEIGHT_DECAY 0.00100   P_DROPOUT 0.10000   N_HID 100.00000   LR 0.00100
---------------------------------------------------------------------------

   Epoch  20	Loss 0.005996
   Epoch  40	Loss 0.005985
   Epoch  60	Loss 0.005989
   Epoch  80	Loss 0.005982
   Epoch 100	Loss 0.005980

   Validation Set ROC-AUC 0.5780

   Best so far!

---------------------------------------------------------------------------
WEIGHT_DECAY 0.00100   P_DROPOUT 0.10000   N_HID 100.00000   LR 0.00100
---------------------------------------------------------------------------

   Epoch  20	Loss 0.003996
   Epoch  40	Loss 0.003699
   Epoch  60	Loss 0.003541
   Epoch  80	Loss 0.003383
   Epoch 100	Loss 0.003339

   Validation Set ROC-AUC 0.6132

   Best so far!

-------------------------------------------------------------------------------------
Fitting models for lists of length 12
---------------------------------------------------------------------------
WEIGHT_DECAY 0.00100   P_DROPOUT 0.10000   N_HID 100.00000   LR 0.00100
---------------------------------------------------------------------------

   Epoch  20	Loss 0.005982
   Epoch  40	Loss 0.005978
   Epoch  60	Loss 0.005974
   Epoch  80	Loss 0.005957
   Epoch 100	Loss 0.005954

   Validation Set ROC-AUC 0.5767

   Best so far!

---------------------------------------------------------------------------
WEIGHT_DECAY 0.00100   P_DROPOUT 0.10000   N_HID 100.00000   LR 0.00100
---------------------------------------------------------------------------

   Epoch  20	Loss 0.004182
   Epoch  40	Loss 0.003888
   Epoch  60	Loss 0.003685
   Epoch  80	Loss 0.003661
   Epoch 100	Loss 0.003558

   Validation Set ROC-AUC 0.6186

   Best so far!

-------------------------------------------------------------------------------------
Fitting models for lists of length 13
---------------------------------------------------------------------------
WEIGHT_DECAY 0.00100   P_DROPOUT 0.10000   N_HID 100.00000   LR 0.00100
---------------------------------------------------------------------------

   Epoch  20	Loss 0.005974
   Epoch  40	Loss 0.005957
   Epoch  60	Loss 0.005955
   Epoch  80	Loss 0.005925
   Epoch 100	Loss 0.005937

   Validation Set ROC-AUC 0.5754

   Best so far!

---------------------------------------------------------------------------
WEIGHT_DECAY 0.00100   P_DROPOUT 0.10000   N_HID 100.00000   LR 0.00100
---------------------------------------------------------------------------

   Epoch  20	Loss 0.004215
   Epoch  40	Loss 0.003935
   Epoch  60	Loss 0.003763
   Epoch  80	Loss 0.003615
   Epoch 100	Loss 0.003615

   Validation Set ROC-AUC 0.6262

   Best so far!

-------------------------------------------------------------------------------------
Fitting models for lists of length 14
---------------------------------------------------------------------------
WEIGHT_DECAY 0.00100   P_DROPOUT 0.10000   N_HID 100.00000   LR 0.00100
---------------------------------------------------------------------------

   Epoch  20	Loss 0.005983
   Epoch  40	Loss 0.005953
   Epoch  60	Loss 0.005944
   Epoch  80	Loss 0.005923
   Epoch 100	Loss 0.005924

   Validation Set ROC-AUC 0.5765

   Best so far!

---------------------------------------------------------------------------
WEIGHT_DECAY 0.00100   P_DROPOUT 0.10000   N_HID 100.00000   LR 0.00100
---------------------------------------------------------------------------

   Epoch  20	Loss 0.004273
   Epoch  40	Loss 0.003979
   Epoch  60	Loss 0.003824
   Epoch  80	Loss 0.003702
   Epoch 100	Loss 0.003657

   Validation Set ROC-AUC 0.6171

   Best so far!

-------------------------------------------------------------------------------------
Fitting models for lists of length 15
---------------------------------------------------------------------------
WEIGHT_DECAY 0.00100   P_DROPOUT 0.10000   N_HID 100.00000   LR 0.00100
---------------------------------------------------------------------------

   Epoch  20	Loss 0.005981
   Epoch  40	Loss 0.005940
   Epoch  60	Loss 0.005926
   Epoch  80	Loss 0.005903
   Epoch 100	Loss 0.005883

   Validation Set ROC-AUC 0.5739

   Best so far!

---------------------------------------------------------------------------
WEIGHT_DECAY 0.00100   P_DROPOUT 0.10000   N_HID 100.00000   LR 0.00100
---------------------------------------------------------------------------

   Epoch  20	Loss 0.004302
   Epoch  40	Loss 0.004072
   Epoch  60	Loss 0.003910
   Epoch  80	Loss 0.003816
   Epoch 100	Loss 0.003716

   Validation Set ROC-AUC 0.6200

   Best so far!

-------------------------------------------------------------------------------------
Fitting models for lists of length 16
---------------------------------------------------------------------------
WEIGHT_DECAY 0.00100   P_DROPOUT 0.10000   N_HID 100.00000   LR 0.00100
---------------------------------------------------------------------------

   Epoch  20	Loss 0.005968
   Epoch  40	Loss 0.005936
   Epoch  60	Loss 0.005924
   Epoch  80	Loss 0.005906
   Epoch 100	Loss 0.005895

   Validation Set ROC-AUC 0.5713

   Best so far!

---------------------------------------------------------------------------
WEIGHT_DECAY 0.00100   P_DROPOUT 0.10000   N_HID 100.00000   LR 0.00100
---------------------------------------------------------------------------

   Epoch  20	Loss 0.004362
   Epoch  40	Loss 0.004119
   Epoch  60	Loss 0.003894
   Epoch  80	Loss 0.003823
   Epoch 100	Loss 0.003744

   Validation Set ROC-AUC 0.6162

   Best so far!

-------------------------------------------------------------------------------------
Fitting models for lists of length 17
---------------------------------------------------------------------------
WEIGHT_DECAY 0.00100   P_DROPOUT 0.10000   N_HID 100.00000   LR 0.00100
---------------------------------------------------------------------------

   Epoch  20	Loss 0.005966
   Epoch  40	Loss 0.005933
   Epoch  60	Loss 0.005935
   Epoch  80	Loss 0.005901
   Epoch 100	Loss 0.005874

   Validation Set ROC-AUC 0.5748

   Best so far!

---------------------------------------------------------------------------
WEIGHT_DECAY 0.00100   P_DROPOUT 0.10000   N_HID 100.00000   LR 0.00100
---------------------------------------------------------------------------

   Epoch  20	Loss 0.004191
   Epoch  40	Loss 0.003994
   Epoch  60	Loss 0.003867
   Epoch  80	Loss 0.003767
   Epoch 100	Loss 0.003679

   Validation Set ROC-AUC 0.6215

   Best so far!

-------------------------------------------------------------------------------------
Fitting models for lists of length 18
---------------------------------------------------------------------------
WEIGHT_DECAY 0.00100   P_DROPOUT 0.10000   N_HID 100.00000   LR 0.00100
---------------------------------------------------------------------------

   Epoch  20	Loss 0.005935
   Epoch  40	Loss 0.005921
   Epoch  60	Loss 0.005873
   Epoch  80	Loss 0.005870
   Epoch 100	Loss 0.005841

   Validation Set ROC-AUC 0.5674

   Best so far!

---------------------------------------------------------------------------
WEIGHT_DECAY 0.00100   P_DROPOUT 0.10000   N_HID 100.00000   LR 0.00100
---------------------------------------------------------------------------

   Epoch  20	Loss 0.004265
   Epoch  40	Loss 0.004026
   Epoch  60	Loss 0.003879
   Epoch  80	Loss 0.003766
   Epoch 100	Loss 0.003657

   Validation Set ROC-AUC 0.6077

   Best so far!

-------------------------------------------------------------------------------------
Fitting models for lists of length 19
---------------------------------------------------------------------------
WEIGHT_DECAY 0.00100   P_DROPOUT 0.10000   N_HID 100.00000   LR 0.00100
---------------------------------------------------------------------------

   Epoch  20	Loss 0.005961
   Epoch  40	Loss 0.005912
   Epoch  60	Loss 0.005855
   Epoch  80	Loss 0.005817
   Epoch 100	Loss 0.005776

   Validation Set ROC-AUC 0.5651

   Best so far!

---------------------------------------------------------------------------
WEIGHT_DECAY 0.00100   P_DROPOUT 0.10000   N_HID 100.00000   LR 0.00100
---------------------------------------------------------------------------

   Epoch  20	Loss 0.004371
   Epoch  40	Loss 0.004105
   Epoch  60	Loss 0.003988
   Epoch  80	Loss 0.003885
   Epoch 100	Loss 0.003829

   Validation Set ROC-AUC 0.6024

   Best so far!

-------------------------------------------------------------------------------------
Fitting models for lists of length 20
---------------------------------------------------------------------------
WEIGHT_DECAY 0.00100   P_DROPOUT 0.10000   N_HID 100.00000   LR 0.00100
---------------------------------------------------------------------------

   Epoch  20	Loss 0.005948
   Epoch  40	Loss 0.005873
   Epoch  60	Loss 0.005849
   Epoch  80	Loss 0.005798
   Epoch 100	Loss 0.005779

   Validation Set ROC-AUC 0.5659

   Best so far!

---------------------------------------------------------------------------
WEIGHT_DECAY 0.00100   P_DROPOUT 0.10000   N_HID 100.00000   LR 0.00100
---------------------------------------------------------------------------

   Epoch  20	Loss 0.004252
   Epoch  40	Loss 0.004009
   Epoch  60	Loss 0.003869
   Epoch  80	Loss 0.003806
   Epoch 100	Loss 0.003761

   Validation Set ROC-AUC 0.6109

   Best so far!

-------------------------------------------------------------------------------------
Fitting models for lists of length 21
---------------------------------------------------------------------------
WEIGHT_DECAY 0.00100   P_DROPOUT 0.10000   N_HID 100.00000   LR 0.00100
---------------------------------------------------------------------------

   Epoch  20	Loss 0.005916
   Epoch  40	Loss 0.005893
   Epoch  60	Loss 0.005809
   Epoch  80	Loss 0.005742
   Epoch 100	Loss 0.005728

   Validation Set ROC-AUC 0.5659

   Best so far!

---------------------------------------------------------------------------
WEIGHT_DECAY 0.00100   P_DROPOUT 0.10000   N_HID 100.00000   LR 0.00100
---------------------------------------------------------------------------

   Epoch  20	Loss 0.004132
   Epoch  40	Loss 0.003899
   Epoch  60	Loss 0.003787
   Epoch  80	Loss 0.003711
   Epoch 100	Loss 0.003659

   Validation Set ROC-AUC 0.6176

   Best so far!

-------------------------------------------------------------------------------------
Fitting models for lists of length 22
---------------------------------------------------------------------------
WEIGHT_DECAY 0.00100   P_DROPOUT 0.10000   N_HID 100.00000   LR 0.00100
---------------------------------------------------------------------------

   Epoch  20	Loss 0.005927
   Epoch  40	Loss 0.005872
   Epoch  60	Loss 0.005815
   Epoch  80	Loss 0.005758
   Epoch 100	Loss 0.005728

   Validation Set ROC-AUC 0.5684

   Best so far!

---------------------------------------------------------------------------
WEIGHT_DECAY 0.00100   P_DROPOUT 0.10000   N_HID 100.00000   LR 0.00100
---------------------------------------------------------------------------

   Epoch  20	Loss 0.004203
   Epoch  40	Loss 0.003993
   Epoch  60	Loss 0.003834
   Epoch  80	Loss 0.003784
   Epoch 100	Loss 0.003718

   Validation Set ROC-AUC 0.6192

   Best so far!

-------------------------------------------------------------------------------------
Fitting models for lists of length 23
---------------------------------------------------------------------------
WEIGHT_DECAY 0.00100   P_DROPOUT 0.10000   N_HID 100.00000   LR 0.00100
---------------------------------------------------------------------------

   Epoch  20	Loss 0.005901
   Epoch  40	Loss 0.005850
   Epoch  60	Loss 0.005820
   Epoch  80	Loss 0.005764
   Epoch 100	Loss 0.005716

   Validation Set ROC-AUC 0.5667

   Best so far!

---------------------------------------------------------------------------
WEIGHT_DECAY 0.00100   P_DROPOUT 0.10000   N_HID 100.00000   LR 0.00100
---------------------------------------------------------------------------

   Epoch  20	Loss 0.004172
   Epoch  40	Loss 0.003961
   Epoch  60	Loss 0.003807
   Epoch  80	Loss 0.003730
   Epoch 100	Loss 0.003678

   Validation Set ROC-AUC 0.6180

   Best so far!

-------------------------------------------------------------------------------------
Fitting models for lists of length 24
---------------------------------------------------------------------------
WEIGHT_DECAY 0.00100   P_DROPOUT 0.10000   N_HID 100.00000   LR 0.00100
---------------------------------------------------------------------------

   Epoch  20	Loss 0.005908
   Epoch  40	Loss 0.005844
   Epoch  60	Loss 0.005783
   Epoch  80	Loss 0.005700
   Epoch 100	Loss 0.005679

   Validation Set ROC-AUC 0.5624

   Best so far!

---------------------------------------------------------------------------
WEIGHT_DECAY 0.00100   P_DROPOUT 0.10000   N_HID 100.00000   LR 0.00100
---------------------------------------------------------------------------

   Epoch  20	Loss 0.004190
   Epoch  40	Loss 0.004024
   Epoch  60	Loss 0.003866
   Epoch  80	Loss 0.003797
   Epoch 100	Loss 0.003758

   Validation Set ROC-AUC 0.6189

   Best so far!

-------------------------------------------------------------------------------------
Fitting models for lists of length 25
---------------------------------------------------------------------------
WEIGHT_DECAY 0.00100   P_DROPOUT 0.10000   N_HID 100.00000   LR 0.00100
---------------------------------------------------------------------------

   Epoch  20	Loss 0.005922
   Epoch  40	Loss 0.005827
   Epoch  60	Loss 0.005782
   Epoch  80	Loss 0.005690
   Epoch 100	Loss 0.005675

   Validation Set ROC-AUC 0.5679

   Best so far!

---------------------------------------------------------------------------
WEIGHT_DECAY 0.00100   P_DROPOUT 0.10000   N_HID 100.00000   LR 0.00100
---------------------------------------------------------------------------

   Epoch  20	Loss 0.004179
   Epoch  40	Loss 0.003922
   Epoch  60	Loss 0.003825
   Epoch  80	Loss 0.003795
   Epoch 100	Loss 0.003712

   Validation Set ROC-AUC 0.6219

   Best so far!

-------------------------------------------------------------------------------------
Mean ROC-AUC scores: [0.5982685170090023, 0.5997063336301012, 0.5933720105780087, 0.5890193007940054, 0.5988649890886475, 0.6045997221943546, 0.5955789933952746, 0.5976343607642458, 0.6007764983089001, 0.5968219863707369, 0.5969245541838128, 0.593767129748586, 0.5981286709340226, 0.5875876371171886, 0.5837575516912141, 0.5883781133390622, 0.591748768558141, 0.5938276822080975, 0.5923447987384888, 0.5906860770794148, 0.5948805616491916]
----------------------------------------------------------------------------------------------------
	Circuit 02 has 10 words
