----------------------------------------------------------------------------------------------------
Fitting models for domain 01
-------------------------------------------------------------------------------------
Fitting models for lists of length 05
---------------------------------------------------------------------------
WEIGHT_DECAY 0.00100   P_DROPOUT 0.10000   N_HID 100.00000   LR 0.00100
---------------------------------------------------------------------------

   Epoch  20	Loss 0.004084
   Epoch  40	Loss 0.004072
   Epoch  60	Loss 0.004085
   Epoch  80	Loss 0.004082
   Epoch 100	Loss 0.004083

   Validation Set ROC-AUC 0.5844

   Best so far!

---------------------------------------------------------------------------
WEIGHT_DECAY 0.00100   P_DROPOUT 0.10000   N_HID 100.00000   LR 0.00100
---------------------------------------------------------------------------

   Epoch  20	Loss 0.003538
   Epoch  40	Loss 0.003364
   Epoch  60	Loss 0.003170
   Epoch  80	Loss 0.003047
   Epoch 100	Loss 0.002887

   Validation Set ROC-AUC 0.6093

   Best so far!

-------------------------------------------------------------------------------------
Fitting models for lists of length 06
---------------------------------------------------------------------------
WEIGHT_DECAY 0.00100   P_DROPOUT 0.10000   N_HID 100.00000   LR 0.00100
---------------------------------------------------------------------------

   Epoch  20	Loss 0.004055
   Epoch  40	Loss 0.004035
   Epoch  60	Loss 0.004024
   Epoch  80	Loss 0.004029
   Epoch 100	Loss 0.004032

   Validation Set ROC-AUC 0.6137

   Best so far!

---------------------------------------------------------------------------
WEIGHT_DECAY 0.00100   P_DROPOUT 0.10000   N_HID 100.00000   LR 0.00100
---------------------------------------------------------------------------

   Epoch  20	Loss 0.003717
   Epoch  40	Loss 0.003559
   Epoch  60	Loss 0.003363
   Epoch  80	Loss 0.003231
   Epoch 100	Loss 0.003124

   Validation Set ROC-AUC 0.6248

   Best so far!

-------------------------------------------------------------------------------------
Fitting models for lists of length 07
---------------------------------------------------------------------------
WEIGHT_DECAY 0.00100   P_DROPOUT 0.10000   N_HID 100.00000   LR 0.00100
---------------------------------------------------------------------------

   Epoch  20	Loss 0.004065
   Epoch  40	Loss 0.004028
   Epoch  60	Loss 0.004033
   Epoch  80	Loss 0.004021
   Epoch 100	Loss 0.004025

   Validation Set ROC-AUC 0.6159

   Best so far!

---------------------------------------------------------------------------
WEIGHT_DECAY 0.00100   P_DROPOUT 0.10000   N_HID 100.00000   LR 0.00100
---------------------------------------------------------------------------

   Epoch  20	Loss 0.003720
   Epoch  40	Loss 0.003514
   Epoch  60	Loss 0.003452
   Epoch  80	Loss 0.003310
   Epoch 100	Loss 0.003231

   Validation Set ROC-AUC 0.6356

   Best so far!

-------------------------------------------------------------------------------------
Fitting models for lists of length 08
---------------------------------------------------------------------------
WEIGHT_DECAY 0.00100   P_DROPOUT 0.10000   N_HID 100.00000   LR 0.00100
---------------------------------------------------------------------------

   Epoch  20	Loss 0.004042
   Epoch  40	Loss 0.004026
   Epoch  60	Loss 0.004019
   Epoch  80	Loss 0.003999
   Epoch 100	Loss 0.004013

   Validation Set ROC-AUC 0.6178

   Best so far!

---------------------------------------------------------------------------
WEIGHT_DECAY 0.00100   P_DROPOUT 0.10000   N_HID 100.00000   LR 0.00100
---------------------------------------------------------------------------

   Epoch  20	Loss 0.003774
   Epoch  40	Loss 0.003639
   Epoch  60	Loss 0.003497
   Epoch  80	Loss 0.003411
   Epoch 100	Loss 0.003336

   Validation Set ROC-AUC 0.6132

   Best so far!

-------------------------------------------------------------------------------------
Fitting models for lists of length 09
---------------------------------------------------------------------------
WEIGHT_DECAY 0.00100   P_DROPOUT 0.10000   N_HID 100.00000   LR 0.00100
---------------------------------------------------------------------------

   Epoch  20	Loss 0.004025
   Epoch  40	Loss 0.004023
   Epoch  60	Loss 0.004003
   Epoch  80	Loss 0.003996
   Epoch 100	Loss 0.004003

   Validation Set ROC-AUC 0.6170

   Best so far!

---------------------------------------------------------------------------
WEIGHT_DECAY 0.00100   P_DROPOUT 0.10000   N_HID 100.00000   LR 0.00100
---------------------------------------------------------------------------

   Epoch  20	Loss 0.003591
   Epoch  40	Loss 0.003433
   Epoch  60	Loss 0.003308
   Epoch  80	Loss 0.003276
   Epoch 100	Loss 0.003158

   Validation Set ROC-AUC 0.6148

   Best so far!

-------------------------------------------------------------------------------------
Fitting models for lists of length 10
---------------------------------------------------------------------------
WEIGHT_DECAY 0.00100   P_DROPOUT 0.10000   N_HID 100.00000   LR 0.00100
---------------------------------------------------------------------------

   Epoch  20	Loss 0.004021
   Epoch  40	Loss 0.003991
   Epoch  60	Loss 0.003985
   Epoch  80	Loss 0.003985
   Epoch 100	Loss 0.003981

   Validation Set ROC-AUC 0.6220

   Best so far!

---------------------------------------------------------------------------
WEIGHT_DECAY 0.00100   P_DROPOUT 0.10000   N_HID 100.00000   LR 0.00100
---------------------------------------------------------------------------

   Epoch  20	Loss 0.003441
   Epoch  40	Loss 0.003276
   Epoch  60	Loss 0.003147
   Epoch  80	Loss 0.003077
   Epoch 100	Loss 0.003049

   Validation Set ROC-AUC 0.6227

   Best so far!

-------------------------------------------------------------------------------------
Fitting models for lists of length 11
---------------------------------------------------------------------------
WEIGHT_DECAY 0.00100   P_DROPOUT 0.10000   N_HID 100.00000   LR 0.00100
---------------------------------------------------------------------------

   Epoch  20	Loss 0.004011
   Epoch  40	Loss 0.003977
   Epoch  60	Loss 0.003977
   Epoch  80	Loss 0.003968
   Epoch 100	Loss 0.003969

   Validation Set ROC-AUC 0.6203

   Best so far!

---------------------------------------------------------------------------
WEIGHT_DECAY 0.00100   P_DROPOUT 0.10000   N_HID 100.00000   LR 0.00100
---------------------------------------------------------------------------

   Epoch  20	Loss 0.003437
   Epoch  40	Loss 0.003267
   Epoch  60	Loss 0.003154
   Epoch  80	Loss 0.003041
   Epoch 100	Loss 0.002990

   Validation Set ROC-AUC 0.6171

   Best so far!

-------------------------------------------------------------------------------------
Fitting models for lists of length 12
---------------------------------------------------------------------------
WEIGHT_DECAY 0.00100   P_DROPOUT 0.10000   N_HID 100.00000   LR 0.00100
---------------------------------------------------------------------------

   Epoch  20	Loss 0.003983
   Epoch  40	Loss 0.003978
   Epoch  60	Loss 0.003946
   Epoch  80	Loss 0.003963
   Epoch 100	Loss 0.003944

   Validation Set ROC-AUC 0.6210

   Best so far!

---------------------------------------------------------------------------
WEIGHT_DECAY 0.00100   P_DROPOUT 0.10000   N_HID 100.00000   LR 0.00100
---------------------------------------------------------------------------

   Epoch  20	Loss 0.003285
   Epoch  40	Loss 0.003154
   Epoch  60	Loss 0.003034
   Epoch  80	Loss 0.002942
   Epoch 100	Loss 0.002850

   Validation Set ROC-AUC 0.6359

   Best so far!

-------------------------------------------------------------------------------------
Fitting models for lists of length 13
---------------------------------------------------------------------------
WEIGHT_DECAY 0.00100   P_DROPOUT 0.10000   N_HID 100.00000   LR 0.00100
---------------------------------------------------------------------------

   Epoch  20	Loss 0.003972
   Epoch  40	Loss 0.003943
   Epoch  60	Loss 0.003964
   Epoch  80	Loss 0.003930
   Epoch 100	Loss 0.003928

   Validation Set ROC-AUC 0.6250

   Best so far!

---------------------------------------------------------------------------
WEIGHT_DECAY 0.00100   P_DROPOUT 0.10000   N_HID 100.00000   LR 0.00100
---------------------------------------------------------------------------

   Epoch  20	Loss 0.003338
   Epoch  40	Loss 0.003182
   Epoch  60	Loss 0.003102
   Epoch  80	Loss 0.003038
   Epoch 100	Loss 0.002978

   Validation Set ROC-AUC 0.6239

   Best so far!

-------------------------------------------------------------------------------------
Fitting models for lists of length 14
---------------------------------------------------------------------------
WEIGHT_DECAY 0.00100   P_DROPOUT 0.10000   N_HID 100.00000   LR 0.00100
---------------------------------------------------------------------------

   Epoch  20	Loss 0.003971
   Epoch  40	Loss 0.003940
   Epoch  60	Loss 0.003939
   Epoch  80	Loss 0.003923
   Epoch 100	Loss 0.003919

   Validation Set ROC-AUC 0.6237

   Best so far!

---------------------------------------------------------------------------
WEIGHT_DECAY 0.00100   P_DROPOUT 0.10000   N_HID 100.00000   LR 0.00100
---------------------------------------------------------------------------

   Epoch  20	Loss 0.003317
   Epoch  40	Loss 0.003184
   Epoch  60	Loss 0.003083
   Epoch  80	Loss 0.002992
   Epoch 100	Loss 0.002925

   Validation Set ROC-AUC 0.6295

   Best so far!

-------------------------------------------------------------------------------------
Fitting models for lists of length 15
---------------------------------------------------------------------------
WEIGHT_DECAY 0.00100   P_DROPOUT 0.10000   N_HID 100.00000   LR 0.00100
---------------------------------------------------------------------------

   Epoch  20	Loss 0.003975
   Epoch  40	Loss 0.003945
   Epoch  60	Loss 0.003914
   Epoch  80	Loss 0.003910
   Epoch 100	Loss 0.003896

   Validation Set ROC-AUC 0.6218

   Best so far!

---------------------------------------------------------------------------
WEIGHT_DECAY 0.00100   P_DROPOUT 0.10000   N_HID 100.00000   LR 0.00100
---------------------------------------------------------------------------

   Epoch  20	Loss 0.003285
   Epoch  40	Loss 0.003115
   Epoch  60	Loss 0.003031
   Epoch  80	Loss 0.002976
   Epoch 100	Loss 0.002909

   Validation Set ROC-AUC 0.6406

   Best so far!

-------------------------------------------------------------------------------------
Fitting models for lists of length 16
---------------------------------------------------------------------------
WEIGHT_DECAY 0.00100   P_DROPOUT 0.10000   N_HID 100.00000   LR 0.00100
---------------------------------------------------------------------------

   Epoch  20	Loss 0.003968
   Epoch  40	Loss 0.003941
   Epoch  60	Loss 0.003927
   Epoch  80	Loss 0.003896
   Epoch 100	Loss 0.003922

   Validation Set ROC-AUC 0.6231

   Best so far!

---------------------------------------------------------------------------
WEIGHT_DECAY 0.00100   P_DROPOUT 0.10000   N_HID 100.00000   LR 0.00100
---------------------------------------------------------------------------

   Epoch  20	Loss 0.003141
   Epoch  40	Loss 0.003021
   Epoch  60	Loss 0.002918
   Epoch  80	Loss 0.002865
   Epoch 100	Loss 0.002766

   Validation Set ROC-AUC 0.6502

   Best so far!

-------------------------------------------------------------------------------------
Fitting models for lists of length 17
---------------------------------------------------------------------------
WEIGHT_DECAY 0.00100   P_DROPOUT 0.10000   N_HID 100.00000   LR 0.00100
---------------------------------------------------------------------------

   Epoch  20	Loss 0.004001
   Epoch  40	Loss 0.003944
   Epoch  60	Loss 0.003890
   Epoch  80	Loss 0.003914
   Epoch 100	Loss 0.003871

   Validation Set ROC-AUC 0.6262

   Best so far!

---------------------------------------------------------------------------
WEIGHT_DECAY 0.00100   P_DROPOUT 0.10000   N_HID 100.00000   LR 0.00100
---------------------------------------------------------------------------

   Epoch  20	Loss 0.003278
   Epoch  40	Loss 0.003164
   Epoch  60	Loss 0.003037
   Epoch  80	Loss 0.003000
   Epoch 100	Loss 0.002922

   Validation Set ROC-AUC 0.6360

   Best so far!

-------------------------------------------------------------------------------------
Fitting models for lists of length 18
---------------------------------------------------------------------------
WEIGHT_DECAY 0.00100   P_DROPOUT 0.10000   N_HID 100.00000   LR 0.00100
---------------------------------------------------------------------------

   Epoch  20	Loss 0.003956
   Epoch  40	Loss 0.003928
   Epoch  60	Loss 0.003909
   Epoch  80	Loss 0.003915
   Epoch 100	Loss 0.003862

   Validation Set ROC-AUC 0.6234

   Best so far!

---------------------------------------------------------------------------
WEIGHT_DECAY 0.00100   P_DROPOUT 0.10000   N_HID 100.00000   LR 0.00100
---------------------------------------------------------------------------

   Epoch  20	Loss 0.003240
   Epoch  40	Loss 0.003102
   Epoch  60	Loss 0.002990
   Epoch  80	Loss 0.002935
   Epoch 100	Loss 0.002858

   Validation Set ROC-AUC 0.6331

   Best so far!

-------------------------------------------------------------------------------------
Fitting models for lists of length 19
---------------------------------------------------------------------------
WEIGHT_DECAY 0.00100   P_DROPOUT 0.10000   N_HID 100.00000   LR 0.00100
---------------------------------------------------------------------------

   Epoch  20	Loss 0.003967
   Epoch  40	Loss 0.003936
   Epoch  60	Loss 0.003909
   Epoch  80	Loss 0.003872
   Epoch 100	Loss 0.003856

   Validation Set ROC-AUC 0.6208

   Best so far!

---------------------------------------------------------------------------
WEIGHT_DECAY 0.00100   P_DROPOUT 0.10000   N_HID 100.00000   LR 0.00100
---------------------------------------------------------------------------

   Epoch  20	Loss 0.003099
   Epoch  40	Loss 0.002986
   Epoch  60	Loss 0.002880
   Epoch  80	Loss 0.002852
   Epoch 100	Loss 0.002803

   Validation Set ROC-AUC 0.6443

   Best so far!

-------------------------------------------------------------------------------------
Fitting models for lists of length 20
---------------------------------------------------------------------------
WEIGHT_DECAY 0.00100   P_DROPOUT 0.10000   N_HID 100.00000   LR 0.00100
---------------------------------------------------------------------------

   Epoch  20	Loss 0.003939
   Epoch  40	Loss 0.003913
   Epoch  60	Loss 0.003874
   Epoch  80	Loss 0.003850
   Epoch 100	Loss 0.003834

   Validation Set ROC-AUC 0.6229

   Best so far!

---------------------------------------------------------------------------
WEIGHT_DECAY 0.00100   P_DROPOUT 0.10000   N_HID 100.00000   LR 0.00100
---------------------------------------------------------------------------

   Epoch  20	Loss 0.003128
   Epoch  40	Loss 0.002996
   Epoch  60	Loss 0.002907
   Epoch  80	Loss 0.002840
   Epoch 100	Loss 0.002843

   Validation Set ROC-AUC 0.6455

   Best so far!

-------------------------------------------------------------------------------------
Fitting models for lists of length 21
---------------------------------------------------------------------------
WEIGHT_DECAY 0.00100   P_DROPOUT 0.10000   N_HID 100.00000   LR 0.00100
---------------------------------------------------------------------------

   Epoch  20	Loss 0.003945
   Epoch  40	Loss 0.003883
   Epoch  60	Loss 0.003850
   Epoch  80	Loss 0.003831
   Epoch 100	Loss 0.003800

   Validation Set ROC-AUC 0.6223

   Best so far!

---------------------------------------------------------------------------
WEIGHT_DECAY 0.00100   P_DROPOUT 0.10000   N_HID 100.00000   LR 0.00100
---------------------------------------------------------------------------

   Epoch  20	Loss 0.003189
   Epoch  40	Loss 0.003095
   Epoch  60	Loss 0.002993
   Epoch  80	Loss 0.002911
   Epoch 100	Loss 0.002899

   Validation Set ROC-AUC 0.6398

   Best so far!

-------------------------------------------------------------------------------------
Fitting models for lists of length 22
---------------------------------------------------------------------------
WEIGHT_DECAY 0.00100   P_DROPOUT 0.10000   N_HID 100.00000   LR 0.00100
---------------------------------------------------------------------------

   Epoch  20	Loss 0.003927
   Epoch  40	Loss 0.003873
   Epoch  60	Loss 0.003852
   Epoch  80	Loss 0.003816
   Epoch 100	Loss 0.003812

   Validation Set ROC-AUC 0.6207

   Best so far!

---------------------------------------------------------------------------
WEIGHT_DECAY 0.00100   P_DROPOUT 0.10000   N_HID 100.00000   LR 0.00100
---------------------------------------------------------------------------

   Epoch  20	Loss 0.003146
   Epoch  40	Loss 0.003037
   Epoch  60	Loss 0.002971
   Epoch  80	Loss 0.002894
   Epoch 100	Loss 0.002851

   Validation Set ROC-AUC 0.6481

   Best so far!

-------------------------------------------------------------------------------------
Fitting models for lists of length 23
---------------------------------------------------------------------------
WEIGHT_DECAY 0.00100   P_DROPOUT 0.10000   N_HID 100.00000   LR 0.00100
---------------------------------------------------------------------------

   Epoch  20	Loss 0.003926
   Epoch  40	Loss 0.003918
   Epoch  60	Loss 0.003858
   Epoch  80	Loss 0.003816
   Epoch 100	Loss 0.003806

   Validation Set ROC-AUC 0.6152

   Best so far!

---------------------------------------------------------------------------
WEIGHT_DECAY 0.00100   P_DROPOUT 0.10000   N_HID 100.00000   LR 0.00100
---------------------------------------------------------------------------

   Epoch  20	Loss 0.003145
   Epoch  40	Loss 0.003034
   Epoch  60	Loss 0.002965
   Epoch  80	Loss 0.002899
   Epoch 100	Loss 0.002834

   Validation Set ROC-AUC 0.6391

   Best so far!

-------------------------------------------------------------------------------------
Fitting models for lists of length 24
---------------------------------------------------------------------------
WEIGHT_DECAY 0.00100   P_DROPOUT 0.10000   N_HID 100.00000   LR 0.00100
---------------------------------------------------------------------------

   Epoch  20	Loss 0.003941
   Epoch  40	Loss 0.003864
   Epoch  60	Loss 0.003851
   Epoch  80	Loss 0.003810
   Epoch 100	Loss 0.003760

   Validation Set ROC-AUC 0.6129

   Best so far!

---------------------------------------------------------------------------
WEIGHT_DECAY 0.00100   P_DROPOUT 0.10000   N_HID 100.00000   LR 0.00100
---------------------------------------------------------------------------

   Epoch  20	Loss 0.003061
   Epoch  40	Loss 0.002979
   Epoch  60	Loss 0.002913
   Epoch  80	Loss 0.002873
   Epoch 100	Loss 0.002782

   Validation Set ROC-AUC 0.6429

   Best so far!

-------------------------------------------------------------------------------------
Fitting models for lists of length 25
---------------------------------------------------------------------------
WEIGHT_DECAY 0.00100   P_DROPOUT 0.10000   N_HID 100.00000   LR 0.00100
---------------------------------------------------------------------------

   Epoch  20	Loss 0.003920
   Epoch  40	Loss 0.003885
   Epoch  60	Loss 0.003833
   Epoch  80	Loss 0.003816
   Epoch 100	Loss 0.003818

   Validation Set ROC-AUC 0.6123

   Best so far!

---------------------------------------------------------------------------
WEIGHT_DECAY 0.00100   P_DROPOUT 0.10000   N_HID 100.00000   LR 0.00100
---------------------------------------------------------------------------

   Epoch  20	Loss 0.003142
   Epoch  40	Loss 0.003008
   Epoch  60	Loss 0.002913
   Epoch  80	Loss 0.002860
   Epoch 100	Loss 0.002840

   Validation Set ROC-AUC 0.6501

   Best so far!

-------------------------------------------------------------------------------------
Mean ROC-AUC scores: [0.5968443577143587, 0.6192278499203594, 0.6257695065592779, 0.6155033921873012, 0.61590293706827, 0.622349722089065, 0.6186982932688485, 0.6284209023170357, 0.6244327681760329, 0.6265705294485177, 0.6312203174189597, 0.6366593255239308, 0.6311016811995923, 0.62822843615582, 0.6325287856975648, 0.6341756625150672, 0.6310427690611866, 0.6343750995088975, 0.6271273719012525, 0.6278997112078842, 0.6312273211672124]
----------------------------------------------------------------------------------------------------
	Circuit 01 has 16 words
----------------------------------------------------------------------------------------------------
Fitting models for domain 02
-------------------------------------------------------------------------------------
Fitting models for lists of length 05
---------------------------------------------------------------------------
WEIGHT_DECAY 0.00100   P_DROPOUT 0.10000   N_HID 100.00000   LR 0.00100
---------------------------------------------------------------------------

   Epoch  20	Loss 0.005272
   Epoch  40	Loss 0.005259
   Epoch  60	Loss 0.005271
   Epoch  80	Loss 0.005250
   Epoch 100	Loss 0.005250

   Validation Set ROC-AUC 0.5767

   Best so far!

---------------------------------------------------------------------------
WEIGHT_DECAY 0.00100   P_DROPOUT 0.10000   N_HID 100.00000   LR 0.00100
---------------------------------------------------------------------------

   Epoch  20	Loss 0.002752
   Epoch  40	Loss 0.002593
   Epoch  60	Loss 0.002571
   Epoch  80	Loss 0.002465
   Epoch 100	Loss 0.002558

   Validation Set ROC-AUC 0.6687

   Best so far!

-------------------------------------------------------------------------------------
Fitting models for lists of length 06
---------------------------------------------------------------------------
WEIGHT_DECAY 0.00100   P_DROPOUT 0.10000   N_HID 100.00000   LR 0.00100
---------------------------------------------------------------------------

   Epoch  20	Loss 0.005227
   Epoch  40	Loss 0.005242
   Epoch  60	Loss 0.005217
   Epoch  80	Loss 0.005214
   Epoch 100	Loss 0.005216

   Validation Set ROC-AUC 0.5837

   Best so far!

---------------------------------------------------------------------------
WEIGHT_DECAY 0.00100   P_DROPOUT 0.10000   N_HID 100.00000   LR 0.00100
---------------------------------------------------------------------------

   Epoch  20	Loss 0.002868
   Epoch  40	Loss 0.002779
   Epoch  60	Loss 0.002688
   Epoch  80	Loss 0.002647
   Epoch 100	Loss 0.002523

   Validation Set ROC-AUC 0.6628

   Best so far!

-------------------------------------------------------------------------------------
Fitting models for lists of length 07
---------------------------------------------------------------------------
WEIGHT_DECAY 0.00100   P_DROPOUT 0.10000   N_HID 100.00000   LR 0.00100
---------------------------------------------------------------------------

   Epoch  20	Loss 0.005218
   Epoch  40	Loss 0.005210
   Epoch  60	Loss 0.005191
   Epoch  80	Loss 0.005215
   Epoch 100	Loss 0.005196

   Validation Set ROC-AUC 0.5891

   Best so far!

---------------------------------------------------------------------------
WEIGHT_DECAY 0.00100   P_DROPOUT 0.10000   N_HID 100.00000   LR 0.00100
---------------------------------------------------------------------------

   Epoch  20	Loss 0.003067
   Epoch  40	Loss 0.002995
   Epoch  60	Loss 0.002888
   Epoch  80	Loss 0.002894
   Epoch 100	Loss 0.002861

   Validation Set ROC-AUC 0.6726

   Best so far!

-------------------------------------------------------------------------------------
Fitting models for lists of length 08
---------------------------------------------------------------------------
WEIGHT_DECAY 0.00100   P_DROPOUT 0.10000   N_HID 100.00000   LR 0.00100
---------------------------------------------------------------------------

   Epoch  20	Loss 0.005226
   Epoch  40	Loss 0.005201
   Epoch  60	Loss 0.005197
   Epoch  80	Loss 0.005177
   Epoch 100	Loss 0.005163

   Validation Set ROC-AUC 0.5913

   Best so far!

---------------------------------------------------------------------------
WEIGHT_DECAY 0.00100   P_DROPOUT 0.10000   N_HID 100.00000   LR 0.00100
---------------------------------------------------------------------------

   Epoch  20	Loss 0.003137
   Epoch  40	Loss 0.003072
   Epoch  60	Loss 0.003015
   Epoch  80	Loss 0.002975
   Epoch 100	Loss 0.002889

   Validation Set ROC-AUC 0.6531

   Best so far!

-------------------------------------------------------------------------------------
Fitting models for lists of length 09
---------------------------------------------------------------------------
WEIGHT_DECAY 0.00100   P_DROPOUT 0.10000   N_HID 100.00000   LR 0.00100
---------------------------------------------------------------------------

   Epoch  20	Loss 0.005215
   Epoch  40	Loss 0.005213
   Epoch  60	Loss 0.005174
   Epoch  80	Loss 0.005167
   Epoch 100	Loss 0.005165

   Validation Set ROC-AUC 0.5896

   Best so far!

---------------------------------------------------------------------------
WEIGHT_DECAY 0.00100   P_DROPOUT 0.10000   N_HID 100.00000   LR 0.00100
---------------------------------------------------------------------------

   Epoch  20	Loss 0.003103
   Epoch  40	Loss 0.003009
   Epoch  60	Loss 0.002989
   Epoch  80	Loss 0.002875
   Epoch 100	Loss 0.002842

   Validation Set ROC-AUC 0.6579

   Best so far!

-------------------------------------------------------------------------------------
Fitting models for lists of length 10
---------------------------------------------------------------------------
WEIGHT_DECAY 0.00100   P_DROPOUT 0.10000   N_HID 100.00000   LR 0.00100
---------------------------------------------------------------------------

   Epoch  20	Loss 0.005194
   Epoch  40	Loss 0.005164
   Epoch  60	Loss 0.005142
   Epoch  80	Loss 0.005138
   Epoch 100	Loss 0.005118

   Validation Set ROC-AUC 0.5902

   Best so far!

---------------------------------------------------------------------------
WEIGHT_DECAY 0.00100   P_DROPOUT 0.10000   N_HID 100.00000   LR 0.00100
---------------------------------------------------------------------------

   Epoch  20	Loss 0.003108
   Epoch  40	Loss 0.003006
   Epoch  60	Loss 0.002951
   Epoch  80	Loss 0.002919
   Epoch 100	Loss 0.002868

   Validation Set ROC-AUC 0.6574

   Best so far!

-------------------------------------------------------------------------------------
Fitting models for lists of length 11
---------------------------------------------------------------------------
WEIGHT_DECAY 0.00100   P_DROPOUT 0.10000   N_HID 100.00000   LR 0.00100
---------------------------------------------------------------------------

   Epoch  20	Loss 0.005179
   Epoch  40	Loss 0.005143
   Epoch  60	Loss 0.005135
   Epoch  80	Loss 0.005120
   Epoch 100	Loss 0.005122

   Validation Set ROC-AUC 0.5900

   Best so far!

---------------------------------------------------------------------------
WEIGHT_DECAY 0.00100   P_DROPOUT 0.10000   N_HID 100.00000   LR 0.00100
---------------------------------------------------------------------------

   Epoch  20	Loss 0.002849
   Epoch  40	Loss 0.002773
   Epoch  60	Loss 0.002756
   Epoch  80	Loss 0.002719
   Epoch 100	Loss 0.002655

   Validation Set ROC-AUC 0.6553

   Best so far!

-------------------------------------------------------------------------------------
Fitting models for lists of length 12
---------------------------------------------------------------------------
WEIGHT_DECAY 0.00100   P_DROPOUT 0.10000   N_HID 100.00000   LR 0.00100
---------------------------------------------------------------------------

   Epoch  20	Loss 0.005161
   Epoch  40	Loss 0.005142
   Epoch  60	Loss 0.005140
   Epoch  80	Loss 0.005122
   Epoch 100	Loss 0.005104

   Validation Set ROC-AUC 0.5889

   Best so far!

---------------------------------------------------------------------------
WEIGHT_DECAY 0.00100   P_DROPOUT 0.10000   N_HID 100.00000   LR 0.00100
---------------------------------------------------------------------------

   Epoch  20	Loss 0.002795
   Epoch  40	Loss 0.002690
   Epoch  60	Loss 0.002690
   Epoch  80	Loss 0.002620
   Epoch 100	Loss 0.002570

   Validation Set ROC-AUC 0.6565

   Best so far!

-------------------------------------------------------------------------------------
Fitting models for lists of length 13
---------------------------------------------------------------------------
WEIGHT_DECAY 0.00100   P_DROPOUT 0.10000   N_HID 100.00000   LR 0.00100
---------------------------------------------------------------------------

   Epoch  20	Loss 0.005202
   Epoch  40	Loss 0.005152
   Epoch  60	Loss 0.005150
   Epoch  80	Loss 0.005133
   Epoch 100	Loss 0.005097

   Validation Set ROC-AUC 0.5846

   Best so far!

---------------------------------------------------------------------------
WEIGHT_DECAY 0.00100   P_DROPOUT 0.10000   N_HID 100.00000   LR 0.00100
---------------------------------------------------------------------------

   Epoch  20	Loss 0.002681
   Epoch  40	Loss 0.002679
   Epoch  60	Loss 0.002540
   Epoch  80	Loss 0.002513
   Epoch 100	Loss 0.002468

   Validation Set ROC-AUC 0.6645

   Best so far!

-------------------------------------------------------------------------------------
Fitting models for lists of length 14
---------------------------------------------------------------------------
WEIGHT_DECAY 0.00100   P_DROPOUT 0.10000   N_HID 100.00000   LR 0.00100
---------------------------------------------------------------------------

   Epoch  20	Loss 0.005170
   Epoch  40	Loss 0.005109
   Epoch  60	Loss 0.005104
   Epoch  80	Loss 0.005054
   Epoch 100	Loss 0.005066

   Validation Set ROC-AUC 0.5896

   Best so far!

---------------------------------------------------------------------------
WEIGHT_DECAY 0.00100   P_DROPOUT 0.10000   N_HID 100.00000   LR 0.00100
---------------------------------------------------------------------------

   Epoch  20	Loss 0.002605
   Epoch  40	Loss 0.002566
   Epoch  60	Loss 0.002454
   Epoch  80	Loss 0.002399
   Epoch 100	Loss 0.002383

   Validation Set ROC-AUC 0.6692

   Best so far!

-------------------------------------------------------------------------------------
Fitting models for lists of length 15
---------------------------------------------------------------------------
WEIGHT_DECAY 0.00100   P_DROPOUT 0.10000   N_HID 100.00000   LR 0.00100
---------------------------------------------------------------------------

   Epoch  20	Loss 0.005167
   Epoch  40	Loss 0.005114
   Epoch  60	Loss 0.005099
   Epoch  80	Loss 0.005059
   Epoch 100	Loss 0.005012

   Validation Set ROC-AUC 0.5813

   Best so far!

---------------------------------------------------------------------------
WEIGHT_DECAY 0.00100   P_DROPOUT 0.10000   N_HID 100.00000   LR 0.00100
---------------------------------------------------------------------------

   Epoch  20	Loss 0.002537
   Epoch  40	Loss 0.002529
   Epoch  60	Loss 0.002439
   Epoch  80	Loss 0.002355
   Epoch 100	Loss 0.002390

   Validation Set ROC-AUC 0.6717

   Best so far!

-------------------------------------------------------------------------------------
Fitting models for lists of length 16
---------------------------------------------------------------------------
WEIGHT_DECAY 0.00100   P_DROPOUT 0.10000   N_HID 100.00000   LR 0.00100
---------------------------------------------------------------------------

   Epoch  20	Loss 0.005175
   Epoch  40	Loss 0.005132
   Epoch  60	Loss 0.005090
   Epoch  80	Loss 0.005022
   Epoch 100	Loss 0.005010

   Validation Set ROC-AUC 0.5842

   Best so far!

---------------------------------------------------------------------------
WEIGHT_DECAY 0.00100   P_DROPOUT 0.10000   N_HID 100.00000   LR 0.00100
---------------------------------------------------------------------------

   Epoch  20	Loss 0.002419
   Epoch  40	Loss 0.002373
   Epoch  60	Loss 0.002313
   Epoch  80	Loss 0.002226
   Epoch 100	Loss 0.002228

   Validation Set ROC-AUC 0.6621

   Best so far!

-------------------------------------------------------------------------------------
Fitting models for lists of length 17
---------------------------------------------------------------------------
WEIGHT_DECAY 0.00100   P_DROPOUT 0.10000   N_HID 100.00000   LR 0.00100
---------------------------------------------------------------------------

   Epoch  20	Loss 0.005155
   Epoch  40	Loss 0.005094
   Epoch  60	Loss 0.005036
   Epoch  80	Loss 0.005052
   Epoch 100	Loss 0.005016

   Validation Set ROC-AUC 0.5851

   Best so far!

---------------------------------------------------------------------------
WEIGHT_DECAY 0.00100   P_DROPOUT 0.10000   N_HID 100.00000   LR 0.00100
---------------------------------------------------------------------------

   Epoch  20	Loss 0.002422
   Epoch  40	Loss 0.002325
   Epoch  60	Loss 0.002336
   Epoch  80	Loss 0.002302
   Epoch 100	Loss 0.002225

   Validation Set ROC-AUC 0.6534

   Best so far!

-------------------------------------------------------------------------------------
Fitting models for lists of length 18
---------------------------------------------------------------------------
WEIGHT_DECAY 0.00100   P_DROPOUT 0.10000   N_HID 100.00000   LR 0.00100
---------------------------------------------------------------------------

   Epoch  20	Loss 0.005169
   Epoch  40	Loss 0.005134
   Epoch  60	Loss 0.005030
   Epoch  80	Loss 0.004996
   Epoch 100	Loss 0.004984

   Validation Set ROC-AUC 0.5845

   Best so far!

---------------------------------------------------------------------------
WEIGHT_DECAY 0.00100   P_DROPOUT 0.10000   N_HID 100.00000   LR 0.00100
---------------------------------------------------------------------------

   Epoch  20	Loss 0.002493
   Epoch  40	Loss 0.002422
   Epoch  60	Loss 0.002369
   Epoch  80	Loss 0.002332
   Epoch 100	Loss 0.002334

   Validation Set ROC-AUC 0.6726

   Best so far!

-------------------------------------------------------------------------------------
Fitting models for lists of length 19
---------------------------------------------------------------------------
WEIGHT_DECAY 0.00100   P_DROPOUT 0.10000   N_HID 100.00000   LR 0.00100
---------------------------------------------------------------------------

   Epoch  20	Loss 0.005150
   Epoch  40	Loss 0.005080
   Epoch  60	Loss 0.005057
   Epoch  80	Loss 0.004988
   Epoch 100	Loss 0.004979

   Validation Set ROC-AUC 0.5896

   Best so far!

---------------------------------------------------------------------------
WEIGHT_DECAY 0.00100   P_DROPOUT 0.10000   N_HID 100.00000   LR 0.00100
---------------------------------------------------------------------------

   Epoch  20	Loss 0.002550
   Epoch  40	Loss 0.002519
   Epoch  60	Loss 0.002475
   Epoch  80	Loss 0.002423
   Epoch 100	Loss 0.002396

   Validation Set ROC-AUC 0.6631

   Best so far!

-------------------------------------------------------------------------------------
Fitting models for lists of length 20
---------------------------------------------------------------------------
WEIGHT_DECAY 0.00100   P_DROPOUT 0.10000   N_HID 100.00000   LR 0.00100
---------------------------------------------------------------------------

   Epoch  20	Loss 0.005119
   Epoch  40	Loss 0.005043
   Epoch  60	Loss 0.005001
   Epoch  80	Loss 0.004995
   Epoch 100	Loss 0.004965

   Validation Set ROC-AUC 0.5794

   Best so far!

---------------------------------------------------------------------------
WEIGHT_DECAY 0.00100   P_DROPOUT 0.10000   N_HID 100.00000   LR 0.00100
---------------------------------------------------------------------------

   Epoch  20	Loss 0.002484
   Epoch  40	Loss 0.002422
   Epoch  60	Loss 0.002350
   Epoch  80	Loss 0.002341
   Epoch 100	Loss 0.002290

   Validation Set ROC-AUC 0.6727

   Best so far!

-------------------------------------------------------------------------------------
Fitting models for lists of length 21
---------------------------------------------------------------------------
WEIGHT_DECAY 0.00100   P_DROPOUT 0.10000   N_HID 100.00000   LR 0.00100
---------------------------------------------------------------------------

   Epoch  20	Loss 0.005112
   Epoch  40	Loss 0.005047
   Epoch  60	Loss 0.005003
   Epoch  80	Loss 0.004978
   Epoch 100	Loss 0.004936

   Validation Set ROC-AUC 0.5796

   Best so far!

---------------------------------------------------------------------------
WEIGHT_DECAY 0.00100   P_DROPOUT 0.10000   N_HID 100.00000   LR 0.00100
---------------------------------------------------------------------------

   Epoch  20	Loss 0.002472
   Epoch  40	Loss 0.002380
   Epoch  60	Loss 0.002374
   Epoch  80	Loss 0.002305
   Epoch 100	Loss 0.002275

   Validation Set ROC-AUC 0.6608

   Best so far!

-------------------------------------------------------------------------------------
Fitting models for lists of length 22
---------------------------------------------------------------------------
WEIGHT_DECAY 0.00100   P_DROPOUT 0.10000   N_HID 100.00000   LR 0.00100
---------------------------------------------------------------------------

   Epoch  20	Loss 0.005124
   Epoch  40	Loss 0.004996
   Epoch  60	Loss 0.004989
   Epoch  80	Loss 0.004940
   Epoch 100	Loss 0.004927

   Validation Set ROC-AUC 0.5802

   Best so far!

---------------------------------------------------------------------------
WEIGHT_DECAY 0.00100   P_DROPOUT 0.10000   N_HID 100.00000   LR 0.00100
---------------------------------------------------------------------------

   Epoch  20	Loss 0.002419
   Epoch  40	Loss 0.002389
   Epoch  60	Loss 0.002352
   Epoch  80	Loss 0.002308
   Epoch 100	Loss 0.002299

   Validation Set ROC-AUC 0.6714

   Best so far!

-------------------------------------------------------------------------------------
Fitting models for lists of length 23
---------------------------------------------------------------------------
WEIGHT_DECAY 0.00100   P_DROPOUT 0.10000   N_HID 100.00000   LR 0.00100
---------------------------------------------------------------------------

   Epoch  20	Loss 0.005082
   Epoch  40	Loss 0.005027
   Epoch  60	Loss 0.004991
   Epoch  80	Loss 0.004925
   Epoch 100	Loss 0.004917

   Validation Set ROC-AUC 0.5755

   Best so far!

---------------------------------------------------------------------------
WEIGHT_DECAY 0.00100   P_DROPOUT 0.10000   N_HID 100.00000   LR 0.00100
---------------------------------------------------------------------------

   Epoch  20	Loss 0.002479
   Epoch  40	Loss 0.002396
   Epoch  60	Loss 0.002308
   Epoch  80	Loss 0.002316
   Epoch 100	Loss 0.002282

   Validation Set ROC-AUC 0.6790

   Best so far!

-------------------------------------------------------------------------------------
Fitting models for lists of length 24
---------------------------------------------------------------------------
WEIGHT_DECAY 0.00100   P_DROPOUT 0.10000   N_HID 100.00000   LR 0.00100
---------------------------------------------------------------------------

   Epoch  20	Loss 0.005107
   Epoch  40	Loss 0.005042
   Epoch  60	Loss 0.004976
   Epoch  80	Loss 0.004931
   Epoch 100	Loss 0.004909

   Validation Set ROC-AUC 0.5695

   Best so far!

---------------------------------------------------------------------------
WEIGHT_DECAY 0.00100   P_DROPOUT 0.10000   N_HID 100.00000   LR 0.00100
---------------------------------------------------------------------------

   Epoch  20	Loss 0.002403
   Epoch  40	Loss 0.002371
   Epoch  60	Loss 0.002327
   Epoch  80	Loss 0.002288
   Epoch 100	Loss 0.002239

   Validation Set ROC-AUC 0.6683

   Best so far!

-------------------------------------------------------------------------------------
Fitting models for lists of length 25
---------------------------------------------------------------------------
WEIGHT_DECAY 0.00100   P_DROPOUT 0.10000   N_HID 100.00000   LR 0.00100
---------------------------------------------------------------------------

   Epoch  20	Loss 0.005094
   Epoch  40	Loss 0.005030
   Epoch  60	Loss 0.004973
   Epoch  80	Loss 0.004927
   Epoch 100	Loss 0.004908

   Validation Set ROC-AUC 0.5781

   Best so far!

---------------------------------------------------------------------------
WEIGHT_DECAY 0.00100   P_DROPOUT 0.10000   N_HID 100.00000   LR 0.00100
---------------------------------------------------------------------------

   Epoch  20	Loss 0.002434
   Epoch  40	Loss 0.002353
   Epoch  60	Loss 0.002343
   Epoch  80	Loss 0.002294
   Epoch 100	Loss 0.002254

   Validation Set ROC-AUC 0.6768

   Best so far!

-------------------------------------------------------------------------------------
Mean ROC-AUC scores: [0.6227137122181794, 0.6232622551948722, 0.630867789061667, 0.6222046521939237, 0.6237875904660097, 0.6237961991177088, 0.6226192649774571, 0.6227039600327375, 0.6245553911849618, 0.6293797865166533, 0.6265069262177436, 0.6231525893722254, 0.6192462112950703, 0.6285826986483256, 0.6263413657500185, 0.6260174010684127, 0.620170293170464, 0.6258182963826708, 0.6272771639274495, 0.6189140212530957, 0.6274398650623657]
----------------------------------------------------------------------------------------------------
	Circuit 02 has 07 words
----------------------------------------------------------------------------------------------------
Fitting models for domain 03
-------------------------------------------------------------------------------------
Fitting models for lists of length 05
---------------------------------------------------------------------------
WEIGHT_DECAY 0.00100   P_DROPOUT 0.10000   N_HID 100.00000   LR 0.00100
---------------------------------------------------------------------------

   Epoch  20	Loss 0.006211
   Epoch  40	Loss 0.006197
   Epoch  60	Loss 0.006194
   Epoch  80	Loss 0.006197
   Epoch 100	Loss 0.006203

   Validation Set ROC-AUC 0.5642

   Best so far!

---------------------------------------------------------------------------
WEIGHT_DECAY 0.00100   P_DROPOUT 0.10000   N_HID 100.00000   LR 0.00100
---------------------------------------------------------------------------

   Epoch  20	Loss 0.004564
   Epoch  40	Loss 0.004135
   Epoch  60	Loss 0.003777
   Epoch  80	Loss 0.003512
   Epoch 100	Loss 0.003107

   Validation Set ROC-AUC 0.5734

   Best so far!

-------------------------------------------------------------------------------------
Fitting models for lists of length 06
---------------------------------------------------------------------------
WEIGHT_DECAY 0.00100   P_DROPOUT 0.10000   N_HID 100.00000   LR 0.00100
---------------------------------------------------------------------------

   Epoch  20	Loss 0.006171
   Epoch  40	Loss 0.006170
   Epoch  60	Loss 0.006178
   Epoch  80	Loss 0.006186
   Epoch 100	Loss 0.006178

   Validation Set ROC-AUC 0.5723

   Best so far!

---------------------------------------------------------------------------
WEIGHT_DECAY 0.00100   P_DROPOUT 0.10000   N_HID 100.00000   LR 0.00100
---------------------------------------------------------------------------

   Epoch  20	Loss 0.004689
   Epoch  40	Loss 0.004235
   Epoch  60	Loss 0.003852
   Epoch  80	Loss 0.003655
   Epoch 100	Loss 0.003467

   Validation Set ROC-AUC 0.5853

   Best so far!

-------------------------------------------------------------------------------------
Fitting models for lists of length 07
---------------------------------------------------------------------------
WEIGHT_DECAY 0.00100   P_DROPOUT 0.10000   N_HID 100.00000   LR 0.00100
---------------------------------------------------------------------------

   Epoch  20	Loss 0.006181
   Epoch  40	Loss 0.006172
   Epoch  60	Loss 0.006167
   Epoch  80	Loss 0.006176
   Epoch 100	Loss 0.006168

   Validation Set ROC-AUC 0.5758

   Best so far!

---------------------------------------------------------------------------
WEIGHT_DECAY 0.00100   P_DROPOUT 0.10000   N_HID 100.00000   LR 0.00100
---------------------------------------------------------------------------

   Epoch  20	Loss 0.004541
   Epoch  40	Loss 0.004175
   Epoch  60	Loss 0.003975
   Epoch  80	Loss 0.003741
   Epoch 100	Loss 0.003533

   Validation Set ROC-AUC 0.5806

   Best so far!

-------------------------------------------------------------------------------------
Fitting models for lists of length 08
---------------------------------------------------------------------------
WEIGHT_DECAY 0.00100   P_DROPOUT 0.10000   N_HID 100.00000   LR 0.00100
---------------------------------------------------------------------------

   Epoch  20	Loss 0.006166
   Epoch  40	Loss 0.006165
   Epoch  60	Loss 0.006164
   Epoch  80	Loss 0.006173
   Epoch 100	Loss 0.006165

   Validation Set ROC-AUC 0.5761

   Best so far!

---------------------------------------------------------------------------
WEIGHT_DECAY 0.00100   P_DROPOUT 0.10000   N_HID 100.00000   LR 0.00100
---------------------------------------------------------------------------

   Epoch  20	Loss 0.004517
   Epoch  40	Loss 0.004170
   Epoch  60	Loss 0.003936
   Epoch  80	Loss 0.003810
   Epoch 100	Loss 0.003670

   Validation Set ROC-AUC 0.5859

   Best so far!

-------------------------------------------------------------------------------------
Fitting models for lists of length 09
---------------------------------------------------------------------------
WEIGHT_DECAY 0.00100   P_DROPOUT 0.10000   N_HID 100.00000   LR 0.00100
---------------------------------------------------------------------------

   Epoch  20	Loss 0.006152
   Epoch  40	Loss 0.006140
   Epoch  60	Loss 0.006149
   Epoch  80	Loss 0.006134
   Epoch 100	Loss 0.006136

   Validation Set ROC-AUC 0.5768

   Best so far!

---------------------------------------------------------------------------
WEIGHT_DECAY 0.00100   P_DROPOUT 0.10000   N_HID 100.00000   LR 0.00100
---------------------------------------------------------------------------

   Epoch  20	Loss 0.004632
   Epoch  40	Loss 0.004426
   Epoch  60	Loss 0.004134
   Epoch  80	Loss 0.003971
   Epoch 100	Loss 0.003880

   Validation Set ROC-AUC 0.5847

   Best so far!

-------------------------------------------------------------------------------------
Fitting models for lists of length 10
---------------------------------------------------------------------------
WEIGHT_DECAY 0.00100   P_DROPOUT 0.10000   N_HID 100.00000   LR 0.00100
---------------------------------------------------------------------------

   Epoch  20	Loss 0.006161
   Epoch  40	Loss 0.006144
   Epoch  60	Loss 0.006155
   Epoch  80	Loss 0.006130
   Epoch 100	Loss 0.006134

   Validation Set ROC-AUC 0.5775

   Best so far!

---------------------------------------------------------------------------
WEIGHT_DECAY 0.00100   P_DROPOUT 0.10000   N_HID 100.00000   LR 0.00100
---------------------------------------------------------------------------

   Epoch  20	Loss 0.004706
   Epoch  40	Loss 0.004450
   Epoch  60	Loss 0.004190
   Epoch  80	Loss 0.004112
   Epoch 100	Loss 0.003988

   Validation Set ROC-AUC 0.5770

   Best so far!

-------------------------------------------------------------------------------------
Fitting models for lists of length 11
---------------------------------------------------------------------------
WEIGHT_DECAY 0.00100   P_DROPOUT 0.10000   N_HID 100.00000   LR 0.00100
---------------------------------------------------------------------------

   Epoch  20	Loss 0.006133
   Epoch  40	Loss 0.006140
   Epoch  60	Loss 0.006141
   Epoch  80	Loss 0.006114
   Epoch 100	Loss 0.006115

   Validation Set ROC-AUC 0.5777

   Best so far!

---------------------------------------------------------------------------
WEIGHT_DECAY 0.00100   P_DROPOUT 0.10000   N_HID 100.00000   LR 0.00100
---------------------------------------------------------------------------

   Epoch  20	Loss 0.004504
   Epoch  40	Loss 0.004279
   Epoch  60	Loss 0.004048
   Epoch  80	Loss 0.003970
   Epoch 100	Loss 0.003907

   Validation Set ROC-AUC 0.5887

   Best so far!

-------------------------------------------------------------------------------------
Fitting models for lists of length 12
---------------------------------------------------------------------------
WEIGHT_DECAY 0.00100   P_DROPOUT 0.10000   N_HID 100.00000   LR 0.00100
---------------------------------------------------------------------------

   Epoch  20	Loss 0.006148
   Epoch  40	Loss 0.006134
   Epoch  60	Loss 0.006107
   Epoch  80	Loss 0.006106
   Epoch 100	Loss 0.006079

   Validation Set ROC-AUC 0.5754

   Best so far!

---------------------------------------------------------------------------
WEIGHT_DECAY 0.00100   P_DROPOUT 0.10000   N_HID 100.00000   LR 0.00100
---------------------------------------------------------------------------

   Epoch  20	Loss 0.004558
   Epoch  40	Loss 0.004332
   Epoch  60	Loss 0.004173
   Epoch  80	Loss 0.004045
   Epoch 100	Loss 0.003948

   Validation Set ROC-AUC 0.5917

   Best so far!

-------------------------------------------------------------------------------------
Fitting models for lists of length 13
---------------------------------------------------------------------------
WEIGHT_DECAY 0.00100   P_DROPOUT 0.10000   N_HID 100.00000   LR 0.00100
---------------------------------------------------------------------------

   Epoch  20	Loss 0.006132
   Epoch  40	Loss 0.006138
   Epoch  60	Loss 0.006104
   Epoch  80	Loss 0.006117
   Epoch 100	Loss 0.006063

   Validation Set ROC-AUC 0.5748

   Best so far!

---------------------------------------------------------------------------
WEIGHT_DECAY 0.00100   P_DROPOUT 0.10000   N_HID 100.00000   LR 0.00100
---------------------------------------------------------------------------

   Epoch  20	Loss 0.004505
   Epoch  40	Loss 0.004243
   Epoch  60	Loss 0.004112
   Epoch  80	Loss 0.003974
   Epoch 100	Loss 0.003905

   Validation Set ROC-AUC 0.5971

   Best so far!

-------------------------------------------------------------------------------------
Fitting models for lists of length 14
---------------------------------------------------------------------------
WEIGHT_DECAY 0.00100   P_DROPOUT 0.10000   N_HID 100.00000   LR 0.00100
---------------------------------------------------------------------------

   Epoch  20	Loss 0.006120
   Epoch  40	Loss 0.006101
   Epoch  60	Loss 0.006058
   Epoch  80	Loss 0.006058
   Epoch 100	Loss 0.006049

   Validation Set ROC-AUC 0.5723

   Best so far!

---------------------------------------------------------------------------
WEIGHT_DECAY 0.00100   P_DROPOUT 0.10000   N_HID 100.00000   LR 0.00100
---------------------------------------------------------------------------

   Epoch  20	Loss 0.004513
   Epoch  40	Loss 0.004308
   Epoch  60	Loss 0.004155
   Epoch  80	Loss 0.003993
   Epoch 100	Loss 0.003964

   Validation Set ROC-AUC 0.5882

   Best so far!

-------------------------------------------------------------------------------------
Fitting models for lists of length 15
---------------------------------------------------------------------------
WEIGHT_DECAY 0.00100   P_DROPOUT 0.10000   N_HID 100.00000   LR 0.00100
---------------------------------------------------------------------------

   Epoch  20	Loss 0.006131
   Epoch  40	Loss 0.006072
   Epoch  60	Loss 0.006072
   Epoch  80	Loss 0.006033
   Epoch 100	Loss 0.006015

   Validation Set ROC-AUC 0.5719

   Best so far!

---------------------------------------------------------------------------
WEIGHT_DECAY 0.00100   P_DROPOUT 0.10000   N_HID 100.00000   LR 0.00100
---------------------------------------------------------------------------

   Epoch  20	Loss 0.004500
   Epoch  40	Loss 0.004286
   Epoch  60	Loss 0.004154
   Epoch  80	Loss 0.004048
   Epoch 100	Loss 0.003907

   Validation Set ROC-AUC 0.5992

   Best so far!

-------------------------------------------------------------------------------------
Fitting models for lists of length 16
---------------------------------------------------------------------------
WEIGHT_DECAY 0.00100   P_DROPOUT 0.10000   N_HID 100.00000   LR 0.00100
---------------------------------------------------------------------------

   Epoch  20	Loss 0.006116
   Epoch  40	Loss 0.006079
   Epoch  60	Loss 0.006032
   Epoch  80	Loss 0.005997
   Epoch 100	Loss 0.005973

   Validation Set ROC-AUC 0.5747

   Best so far!

---------------------------------------------------------------------------
WEIGHT_DECAY 0.00100   P_DROPOUT 0.10000   N_HID 100.00000   LR 0.00100
---------------------------------------------------------------------------

   Epoch  20	Loss 0.004504
   Epoch  40	Loss 0.004285
   Epoch  60	Loss 0.004171
   Epoch  80	Loss 0.004041
   Epoch 100	Loss 0.003995

   Validation Set ROC-AUC 0.5932

   Best so far!

-------------------------------------------------------------------------------------
Fitting models for lists of length 17
---------------------------------------------------------------------------
WEIGHT_DECAY 0.00100   P_DROPOUT 0.10000   N_HID 100.00000   LR 0.00100
---------------------------------------------------------------------------

   Epoch  20	Loss 0.006079
   Epoch  40	Loss 0.006051
   Epoch  60	Loss 0.006021
   Epoch  80	Loss 0.005989
   Epoch 100	Loss 0.005906

   Validation Set ROC-AUC 0.5741

   Best so far!

---------------------------------------------------------------------------
WEIGHT_DECAY 0.00100   P_DROPOUT 0.10000   N_HID 100.00000   LR 0.00100
---------------------------------------------------------------------------

   Epoch  20	Loss 0.004392
   Epoch  40	Loss 0.004182
   Epoch  60	Loss 0.004067
   Epoch  80	Loss 0.003954
   Epoch 100	Loss 0.003880

   Validation Set ROC-AUC 0.6016

   Best so far!

-------------------------------------------------------------------------------------
Fitting models for lists of length 18
---------------------------------------------------------------------------
WEIGHT_DECAY 0.00100   P_DROPOUT 0.10000   N_HID 100.00000   LR 0.00100
---------------------------------------------------------------------------

   Epoch  20	Loss 0.006084
   Epoch  40	Loss 0.006019
   Epoch  60	Loss 0.005997
   Epoch  80	Loss 0.005932
   Epoch 100	Loss 0.005923

   Validation Set ROC-AUC 0.5734

   Best so far!

---------------------------------------------------------------------------
WEIGHT_DECAY 0.00100   P_DROPOUT 0.10000   N_HID 100.00000   LR 0.00100
---------------------------------------------------------------------------

   Epoch  20	Loss 0.004368
   Epoch  40	Loss 0.004188
   Epoch  60	Loss 0.004036
   Epoch  80	Loss 0.003957
   Epoch 100	Loss 0.003854

   Validation Set ROC-AUC 0.6123

   Best so far!

-------------------------------------------------------------------------------------
Fitting models for lists of length 19
---------------------------------------------------------------------------
WEIGHT_DECAY 0.00100   P_DROPOUT 0.10000   N_HID 100.00000   LR 0.00100
---------------------------------------------------------------------------

   Epoch  20	Loss 0.006110
   Epoch  40	Loss 0.006003
   Epoch  60	Loss 0.005982
   Epoch  80	Loss 0.005961
   Epoch 100	Loss 0.005919

   Validation Set ROC-AUC 0.5683

   Best so far!

---------------------------------------------------------------------------
WEIGHT_DECAY 0.00100   P_DROPOUT 0.10000   N_HID 100.00000   LR 0.00100
---------------------------------------------------------------------------

   Epoch  20	Loss 0.004315
   Epoch  40	Loss 0.004104
   Epoch  60	Loss 0.003961
   Epoch  80	Loss 0.003905
   Epoch 100	Loss 0.003789

   Validation Set ROC-AUC 0.6063

   Best so far!

-------------------------------------------------------------------------------------
Fitting models for lists of length 20
---------------------------------------------------------------------------
WEIGHT_DECAY 0.00100   P_DROPOUT 0.10000   N_HID 100.00000   LR 0.00100
---------------------------------------------------------------------------

   Epoch  20	Loss 0.006079
   Epoch  40	Loss 0.006023
   Epoch  60	Loss 0.005954
   Epoch  80	Loss 0.005949
   Epoch 100	Loss 0.005883

   Validation Set ROC-AUC 0.5699

   Best so far!

---------------------------------------------------------------------------
WEIGHT_DECAY 0.00100   P_DROPOUT 0.10000   N_HID 100.00000   LR 0.00100
---------------------------------------------------------------------------

   Epoch  20	Loss 0.004388
   Epoch  40	Loss 0.004198
   Epoch  60	Loss 0.004038
   Epoch  80	Loss 0.003925
   Epoch 100	Loss 0.003884

   Validation Set ROC-AUC 0.6080

   Best so far!

-------------------------------------------------------------------------------------
Fitting models for lists of length 21
---------------------------------------------------------------------------
WEIGHT_DECAY 0.00100   P_DROPOUT 0.10000   N_HID 100.00000   LR 0.00100
---------------------------------------------------------------------------

   Epoch  20	Loss 0.006053
   Epoch  40	Loss 0.005980
   Epoch  60	Loss 0.005941
   Epoch  80	Loss 0.005869
   Epoch 100	Loss 0.005830

   Validation Set ROC-AUC 0.5664

   Best so far!

---------------------------------------------------------------------------
WEIGHT_DECAY 0.00100   P_DROPOUT 0.10000   N_HID 100.00000   LR 0.00100
---------------------------------------------------------------------------

   Epoch  20	Loss 0.004251
   Epoch  40	Loss 0.004076
   Epoch  60	Loss 0.003981
   Epoch  80	Loss 0.003867
   Epoch 100	Loss 0.003823

   Validation Set ROC-AUC 0.6032

   Best so far!

-------------------------------------------------------------------------------------
Fitting models for lists of length 22
---------------------------------------------------------------------------
WEIGHT_DECAY 0.00100   P_DROPOUT 0.10000   N_HID 100.00000   LR 0.00100
---------------------------------------------------------------------------

   Epoch  20	Loss 0.006065
   Epoch  40	Loss 0.005980
   Epoch  60	Loss 0.005905
   Epoch  80	Loss 0.005837
   Epoch 100	Loss 0.005816

   Validation Set ROC-AUC 0.5672

   Best so far!

---------------------------------------------------------------------------
WEIGHT_DECAY 0.00100   P_DROPOUT 0.10000   N_HID 100.00000   LR 0.00100
---------------------------------------------------------------------------

   Epoch  20	Loss 0.004196
   Epoch  40	Loss 0.003990
   Epoch  60	Loss 0.003909
   Epoch  80	Loss 0.003807
   Epoch 100	Loss 0.003765

   Validation Set ROC-AUC 0.5978

   Best so far!

-------------------------------------------------------------------------------------
Fitting models for lists of length 23
---------------------------------------------------------------------------
WEIGHT_DECAY 0.00100   P_DROPOUT 0.10000   N_HID 100.00000   LR 0.00100
---------------------------------------------------------------------------

   Epoch  20	Loss 0.006034
   Epoch  40	Loss 0.005986
   Epoch  60	Loss 0.005891
   Epoch  80	Loss 0.005803
   Epoch 100	Loss 0.005810

   Validation Set ROC-AUC 0.5751

   Best so far!

---------------------------------------------------------------------------
WEIGHT_DECAY 0.00100   P_DROPOUT 0.10000   N_HID 100.00000   LR 0.00100
---------------------------------------------------------------------------

   Epoch  20	Loss 0.004162
   Epoch  40	Loss 0.004019
   Epoch  60	Loss 0.003880
   Epoch  80	Loss 0.003757
   Epoch 100	Loss 0.003704

   Validation Set ROC-AUC 0.5979

   Best so far!

-------------------------------------------------------------------------------------
Fitting models for lists of length 24
---------------------------------------------------------------------------
WEIGHT_DECAY 0.00100   P_DROPOUT 0.10000   N_HID 100.00000   LR 0.00100
---------------------------------------------------------------------------

   Epoch  20	Loss 0.006018
   Epoch  40	Loss 0.005943
   Epoch  60	Loss 0.005838
   Epoch  80	Loss 0.005824
   Epoch 100	Loss 0.005761

   Validation Set ROC-AUC 0.5636

   Best so far!

---------------------------------------------------------------------------
WEIGHT_DECAY 0.00100   P_DROPOUT 0.10000   N_HID 100.00000   LR 0.00100
---------------------------------------------------------------------------

   Epoch  20	Loss 0.004172
   Epoch  40	Loss 0.004027
   Epoch  60	Loss 0.003905
   Epoch  80	Loss 0.003787
   Epoch 100	Loss 0.003779

   Validation Set ROC-AUC 0.6046

   Best so far!

-------------------------------------------------------------------------------------
Fitting models for lists of length 25
---------------------------------------------------------------------------
WEIGHT_DECAY 0.00100   P_DROPOUT 0.10000   N_HID 100.00000   LR 0.00100
---------------------------------------------------------------------------

   Epoch  20	Loss 0.005990
   Epoch  40	Loss 0.005873
   Epoch  60	Loss 0.005791
   Epoch  80	Loss 0.005731
   Epoch 100	Loss 0.005733

   Validation Set ROC-AUC 0.5602

   Best so far!

---------------------------------------------------------------------------
WEIGHT_DECAY 0.00100   P_DROPOUT 0.10000   N_HID 100.00000   LR 0.00100
---------------------------------------------------------------------------

   Epoch  20	Loss 0.004207
   Epoch  40	Loss 0.004036
   Epoch  60	Loss 0.003881
   Epoch  80	Loss 0.003861
   Epoch 100	Loss 0.003828

   Validation Set ROC-AUC 0.5996

   Best so far!

-------------------------------------------------------------------------------------
Mean ROC-AUC scores: [0.568829443212042, 0.5787952010520887, 0.5781936836576802, 0.5810289846982208, 0.5807369408884929, 0.5772624899821345, 0.5832261023591727, 0.5835423700249265, 0.5859778555467072, 0.5802522419168586, 0.5855123125076356, 0.5839433131578811, 0.5878639867286428, 0.5928680942336534, 0.5873173012874238, 0.5889503054575294, 0.5847942456720843, 0.5825138426838163, 0.586476682094965, 0.5840725679721008, 0.5799245739372134]
----------------------------------------------------------------------------------------------------
	Circuit 03 has 18 words
