----------------------------------------------------------------------------------------------------
Fitting models for domain 01
-------------------------------------------------------------------------------------
Fitting models for lists of length 05
---------------------------------------------------------------------------
WEIGHT_DECAY 0.00100   P_DROPOUT 0.10000   N_HID 100.00000   LR 0.00100
---------------------------------------------------------------------------

   Epoch  20	Loss 0.004017
   Epoch  40	Loss 0.004017
   Epoch  60	Loss 0.004027
   Epoch  80	Loss 0.004024
   Epoch 100	Loss 0.004005

   Validation Set ROC-AUC 0.5775

   Best so far!

---------------------------------------------------------------------------
WEIGHT_DECAY 0.00100   P_DROPOUT 0.10000   N_HID 100.00000   LR 0.00100
---------------------------------------------------------------------------

   Epoch  20	Loss 0.003272
   Epoch  40	Loss 0.003173
   Epoch  60	Loss 0.003117
   Epoch  80	Loss 0.003084
   Epoch 100	Loss 0.003094

   Validation Set ROC-AUC 0.6404

   Best so far!

-------------------------------------------------------------------------------------
Fitting models for lists of length 06
---------------------------------------------------------------------------
WEIGHT_DECAY 0.00100   P_DROPOUT 0.10000   N_HID 100.00000   LR 0.00100
---------------------------------------------------------------------------

   Epoch  20	Loss 0.004026
   Epoch  40	Loss 0.004015
   Epoch  60	Loss 0.003995
   Epoch  80	Loss 0.004013
   Epoch 100	Loss 0.004002

   Validation Set ROC-AUC 0.5887

   Best so far!

---------------------------------------------------------------------------
WEIGHT_DECAY 0.00100   P_DROPOUT 0.10000   N_HID 100.00000   LR 0.00100
---------------------------------------------------------------------------

   Epoch  20	Loss 0.003483
   Epoch  40	Loss 0.003407
   Epoch  60	Loss 0.003292
   Epoch  80	Loss 0.003260
   Epoch 100	Loss 0.003215

   Validation Set ROC-AUC 0.6114

   Best so far!

-------------------------------------------------------------------------------------
Fitting models for lists of length 07
---------------------------------------------------------------------------
WEIGHT_DECAY 0.00100   P_DROPOUT 0.10000   N_HID 100.00000   LR 0.00100
---------------------------------------------------------------------------

   Epoch  20	Loss 0.004018
   Epoch  40	Loss 0.004002
   Epoch  60	Loss 0.003990
   Epoch  80	Loss 0.004003
   Epoch 100	Loss 0.003999

   Validation Set ROC-AUC 0.5922

   Best so far!

---------------------------------------------------------------------------
WEIGHT_DECAY 0.00100   P_DROPOUT 0.10000   N_HID 100.00000   LR 0.00100
---------------------------------------------------------------------------

   Epoch  20	Loss 0.003551
   Epoch  40	Loss 0.003477
   Epoch  60	Loss 0.003401
   Epoch  80	Loss 0.003371
   Epoch 100	Loss 0.003397

   Validation Set ROC-AUC 0.6298

   Best so far!

-------------------------------------------------------------------------------------
Fitting models for lists of length 08
---------------------------------------------------------------------------
WEIGHT_DECAY 0.00100   P_DROPOUT 0.10000   N_HID 100.00000   LR 0.00100
---------------------------------------------------------------------------

   Epoch  20	Loss 0.003964
   Epoch  40	Loss 0.003972
   Epoch  60	Loss 0.003979
   Epoch  80	Loss 0.003951
   Epoch 100	Loss 0.003959

   Validation Set ROC-AUC 0.6220

   Best so far!

---------------------------------------------------------------------------
WEIGHT_DECAY 0.00100   P_DROPOUT 0.10000   N_HID 100.00000   LR 0.00100
---------------------------------------------------------------------------

   Epoch  20	Loss 0.003701
   Epoch  40	Loss 0.003553
   Epoch  60	Loss 0.003530
   Epoch  80	Loss 0.003494
   Epoch 100	Loss 0.003431

   Validation Set ROC-AUC 0.6339

   Best so far!

-------------------------------------------------------------------------------------
Fitting models for lists of length 09
---------------------------------------------------------------------------
WEIGHT_DECAY 0.00100   P_DROPOUT 0.10000   N_HID 100.00000   LR 0.00100
---------------------------------------------------------------------------

   Epoch  20	Loss 0.003978
   Epoch  40	Loss 0.003978
   Epoch  60	Loss 0.003946
   Epoch  80	Loss 0.003959
   Epoch 100	Loss 0.003946

   Validation Set ROC-AUC 0.6237

   Best so far!

---------------------------------------------------------------------------
WEIGHT_DECAY 0.00100   P_DROPOUT 0.10000   N_HID 100.00000   LR 0.00100
---------------------------------------------------------------------------

   Epoch  20	Loss 0.003726
   Epoch  40	Loss 0.003560
   Epoch  60	Loss 0.003538
   Epoch  80	Loss 0.003478
   Epoch 100	Loss 0.003463

   Validation Set ROC-AUC 0.6252

   Best so far!

-------------------------------------------------------------------------------------
Fitting models for lists of length 10
---------------------------------------------------------------------------
WEIGHT_DECAY 0.00100   P_DROPOUT 0.10000   N_HID 100.00000   LR 0.00100
---------------------------------------------------------------------------

   Epoch  20	Loss 0.003971
   Epoch  40	Loss 0.003917
   Epoch  60	Loss 0.003914
   Epoch  80	Loss 0.003929
   Epoch 100	Loss 0.003898

   Validation Set ROC-AUC 0.6269

   Best so far!

---------------------------------------------------------------------------
WEIGHT_DECAY 0.00100   P_DROPOUT 0.10000   N_HID 100.00000   LR 0.00100
---------------------------------------------------------------------------

   Epoch  20	Loss 0.003709
   Epoch  40	Loss 0.003639
   Epoch  60	Loss 0.003618
   Epoch  80	Loss 0.003548
   Epoch 100	Loss 0.003523

   Validation Set ROC-AUC 0.6265

   Best so far!

-------------------------------------------------------------------------------------
Fitting models for lists of length 11
---------------------------------------------------------------------------
WEIGHT_DECAY 0.00100   P_DROPOUT 0.10000   N_HID 100.00000   LR 0.00100
---------------------------------------------------------------------------

   Epoch  20	Loss 0.003950
   Epoch  40	Loss 0.003907
   Epoch  60	Loss 0.003921
   Epoch  80	Loss 0.003881
   Epoch 100	Loss 0.003909

   Validation Set ROC-AUC 0.6244

   Best so far!

---------------------------------------------------------------------------
WEIGHT_DECAY 0.00100   P_DROPOUT 0.10000   N_HID 100.00000   LR 0.00100
---------------------------------------------------------------------------

   Epoch  20	Loss 0.003561
   Epoch  40	Loss 0.003508
   Epoch  60	Loss 0.003447
   Epoch  80	Loss 0.003443
   Epoch 100	Loss 0.003379

   Validation Set ROC-AUC 0.6365

   Best so far!

-------------------------------------------------------------------------------------
Fitting models for lists of length 12
---------------------------------------------------------------------------
WEIGHT_DECAY 0.00100   P_DROPOUT 0.10000   N_HID 100.00000   LR 0.00100
---------------------------------------------------------------------------

   Epoch  20	Loss 0.003890
   Epoch  40	Loss 0.003846
   Epoch  60	Loss 0.003854
   Epoch  80	Loss 0.003858
   Epoch 100	Loss 0.003855

   Validation Set ROC-AUC 0.6319

   Best so far!

---------------------------------------------------------------------------
WEIGHT_DECAY 0.00100   P_DROPOUT 0.10000   N_HID 100.00000   LR 0.00100
---------------------------------------------------------------------------

   Epoch  20	Loss 0.003588
   Epoch  40	Loss 0.003528
   Epoch  60	Loss 0.003490
   Epoch  80	Loss 0.003470
   Epoch 100	Loss 0.003433

   Validation Set ROC-AUC 0.6411

   Best so far!

-------------------------------------------------------------------------------------
Fitting models for lists of length 13
---------------------------------------------------------------------------
WEIGHT_DECAY 0.00100   P_DROPOUT 0.10000   N_HID 100.00000   LR 0.00100
---------------------------------------------------------------------------

   Epoch  20	Loss 0.003899
   Epoch  40	Loss 0.003869
   Epoch  60	Loss 0.003812
   Epoch  80	Loss 0.003807
   Epoch 100	Loss 0.003794

   Validation Set ROC-AUC 0.6284

   Best so far!

---------------------------------------------------------------------------
WEIGHT_DECAY 0.00100   P_DROPOUT 0.10000   N_HID 100.00000   LR 0.00100
---------------------------------------------------------------------------

   Epoch  20	Loss 0.003674
   Epoch  40	Loss 0.003623
   Epoch  60	Loss 0.003568
   Epoch  80	Loss 0.003565
   Epoch 100	Loss 0.003503

   Validation Set ROC-AUC 0.6413

   Best so far!

-------------------------------------------------------------------------------------
Fitting models for lists of length 14
---------------------------------------------------------------------------
WEIGHT_DECAY 0.00100   P_DROPOUT 0.10000   N_HID 100.00000   LR 0.00100
---------------------------------------------------------------------------

   Epoch  20	Loss 0.003883
   Epoch  40	Loss 0.003824
   Epoch  60	Loss 0.003805
   Epoch  80	Loss 0.003809
   Epoch 100	Loss 0.003787

   Validation Set ROC-AUC 0.6294

   Best so far!

---------------------------------------------------------------------------
WEIGHT_DECAY 0.00100   P_DROPOUT 0.10000   N_HID 100.00000   LR 0.00100
---------------------------------------------------------------------------

   Epoch  20	Loss 0.003723
   Epoch  40	Loss 0.003627
   Epoch  60	Loss 0.003611
   Epoch  80	Loss 0.003630
   Epoch 100	Loss 0.003568

   Validation Set ROC-AUC 0.6320

   Best so far!

-------------------------------------------------------------------------------------
Fitting models for lists of length 15
---------------------------------------------------------------------------
WEIGHT_DECAY 0.00100   P_DROPOUT 0.10000   N_HID 100.00000   LR 0.00100
---------------------------------------------------------------------------

   Epoch  20	Loss 0.003843
   Epoch  40	Loss 0.003799
   Epoch  60	Loss 0.003762
   Epoch  80	Loss 0.003742
   Epoch 100	Loss 0.003732

   Validation Set ROC-AUC 0.6276

   Best so far!

---------------------------------------------------------------------------
WEIGHT_DECAY 0.00100   P_DROPOUT 0.10000   N_HID 100.00000   LR 0.00100
---------------------------------------------------------------------------

   Epoch  20	Loss 0.003718
   Epoch  40	Loss 0.003682
   Epoch  60	Loss 0.003604
   Epoch  80	Loss 0.003612
   Epoch 100	Loss 0.003601

   Validation Set ROC-AUC 0.6290

   Best so far!

-------------------------------------------------------------------------------------
Fitting models for lists of length 16
---------------------------------------------------------------------------
WEIGHT_DECAY 0.00100   P_DROPOUT 0.10000   N_HID 100.00000   LR 0.00100
---------------------------------------------------------------------------

   Epoch  20	Loss 0.003827
   Epoch  40	Loss 0.003805
   Epoch  60	Loss 0.003767
   Epoch  80	Loss 0.003747
   Epoch 100	Loss 0.003691

   Validation Set ROC-AUC 0.6309

   Best so far!

---------------------------------------------------------------------------
WEIGHT_DECAY 0.00100   P_DROPOUT 0.10000   N_HID 100.00000   LR 0.00100
---------------------------------------------------------------------------

   Epoch  20	Loss 0.003630
   Epoch  40	Loss 0.003606
   Epoch  60	Loss 0.003546
   Epoch  80	Loss 0.003536
   Epoch 100	Loss 0.003494

   Validation Set ROC-AUC 0.6445

   Best so far!

-------------------------------------------------------------------------------------
Fitting models for lists of length 17
---------------------------------------------------------------------------
WEIGHT_DECAY 0.00100   P_DROPOUT 0.10000   N_HID 100.00000   LR 0.00100
---------------------------------------------------------------------------

   Epoch  20	Loss 0.003851
   Epoch  40	Loss 0.003774
   Epoch  60	Loss 0.003751
   Epoch  80	Loss 0.003747
   Epoch 100	Loss 0.003684

   Validation Set ROC-AUC 0.6269

   Best so far!

---------------------------------------------------------------------------
WEIGHT_DECAY 0.00100   P_DROPOUT 0.10000   N_HID 100.00000   LR 0.00100
---------------------------------------------------------------------------

   Epoch  20	Loss 0.003542
   Epoch  40	Loss 0.003517
   Epoch  60	Loss 0.003461
   Epoch  80	Loss 0.003452
   Epoch 100	Loss 0.003403

   Validation Set ROC-AUC 0.6372

   Best so far!

-------------------------------------------------------------------------------------
Fitting models for lists of length 18
---------------------------------------------------------------------------
WEIGHT_DECAY 0.00100   P_DROPOUT 0.10000   N_HID 100.00000   LR 0.00100
---------------------------------------------------------------------------

   Epoch  20	Loss 0.003828
   Epoch  40	Loss 0.003745
   Epoch  60	Loss 0.003724
   Epoch  80	Loss 0.003680
   Epoch 100	Loss 0.003616

   Validation Set ROC-AUC 0.6303

   Best so far!

---------------------------------------------------------------------------
WEIGHT_DECAY 0.00100   P_DROPOUT 0.10000   N_HID 100.00000   LR 0.00100
---------------------------------------------------------------------------

   Epoch  20	Loss 0.003490
   Epoch  40	Loss 0.003435
   Epoch  60	Loss 0.003413
   Epoch  80	Loss 0.003397
   Epoch 100	Loss 0.003381

   Validation Set ROC-AUC 0.6438

   Best so far!

-------------------------------------------------------------------------------------
Fitting models for lists of length 19
---------------------------------------------------------------------------
WEIGHT_DECAY 0.00100   P_DROPOUT 0.10000   N_HID 100.00000   LR 0.00100
---------------------------------------------------------------------------

   Epoch  20	Loss 0.003813
   Epoch  40	Loss 0.003766
   Epoch  60	Loss 0.003683
   Epoch  80	Loss 0.003629
   Epoch 100	Loss 0.003595

   Validation Set ROC-AUC 0.6280

   Best so far!

---------------------------------------------------------------------------
WEIGHT_DECAY 0.00100   P_DROPOUT 0.10000   N_HID 100.00000   LR 0.00100
---------------------------------------------------------------------------

   Epoch  20	Loss 0.003566
   Epoch  40	Loss 0.003487
   Epoch  60	Loss 0.003436
   Epoch  80	Loss 0.003443
   Epoch 100	Loss 0.003421

   Validation Set ROC-AUC 0.6455

   Best so far!

-------------------------------------------------------------------------------------
Fitting models for lists of length 20
---------------------------------------------------------------------------
WEIGHT_DECAY 0.00100   P_DROPOUT 0.10000   N_HID 100.00000   LR 0.00100
---------------------------------------------------------------------------

   Epoch  20	Loss 0.003789
   Epoch  40	Loss 0.003660
   Epoch  60	Loss 0.003691
   Epoch  80	Loss 0.003634
   Epoch 100	Loss 0.003545

   Validation Set ROC-AUC 0.6134

   Best so far!

---------------------------------------------------------------------------
WEIGHT_DECAY 0.00100   P_DROPOUT 0.10000   N_HID 100.00000   LR 0.00100
---------------------------------------------------------------------------

   Epoch  20	Loss 0.003441
   Epoch  40	Loss 0.003375
   Epoch  60	Loss 0.003332
   Epoch  80	Loss 0.003333
   Epoch 100	Loss 0.003324

   Validation Set ROC-AUC 0.6458

   Best so far!

-------------------------------------------------------------------------------------
Fitting models for lists of length 21
---------------------------------------------------------------------------
WEIGHT_DECAY 0.00100   P_DROPOUT 0.10000   N_HID 100.00000   LR 0.00100
---------------------------------------------------------------------------

   Epoch  20	Loss 0.003820
   Epoch  40	Loss 0.003754
   Epoch  60	Loss 0.003670
   Epoch  80	Loss 0.003606
   Epoch 100	Loss 0.003641

   Validation Set ROC-AUC 0.6163

   Best so far!

---------------------------------------------------------------------------
WEIGHT_DECAY 0.00100   P_DROPOUT 0.10000   N_HID 100.00000   LR 0.00100
---------------------------------------------------------------------------

   Epoch  20	Loss 0.003339
   Epoch  40	Loss 0.003308
   Epoch  60	Loss 0.003299
   Epoch  80	Loss 0.003287
   Epoch 100	Loss 0.003242

   Validation Set ROC-AUC 0.6443

   Best so far!

-------------------------------------------------------------------------------------
Fitting models for lists of length 22
---------------------------------------------------------------------------
WEIGHT_DECAY 0.00100   P_DROPOUT 0.10000   N_HID 100.00000   LR 0.00100
---------------------------------------------------------------------------

   Epoch  20	Loss 0.003818
   Epoch  40	Loss 0.003713
   Epoch  60	Loss 0.003645
   Epoch  80	Loss 0.003611
   Epoch 100	Loss 0.003589

   Validation Set ROC-AUC 0.6217

   Best so far!

---------------------------------------------------------------------------
WEIGHT_DECAY 0.00100   P_DROPOUT 0.10000   N_HID 100.00000   LR 0.00100
---------------------------------------------------------------------------

   Epoch  20	Loss 0.003241
   Epoch  40	Loss 0.003164
   Epoch  60	Loss 0.003136
   Epoch  80	Loss 0.003130
   Epoch 100	Loss 0.003118

   Validation Set ROC-AUC 0.6423

   Best so far!

-------------------------------------------------------------------------------------
Fitting models for lists of length 23
---------------------------------------------------------------------------
WEIGHT_DECAY 0.00100   P_DROPOUT 0.10000   N_HID 100.00000   LR 0.00100
---------------------------------------------------------------------------

   Epoch  20	Loss 0.003820
   Epoch  40	Loss 0.003749
   Epoch  60	Loss 0.003689
   Epoch  80	Loss 0.003583
   Epoch 100	Loss 0.003591

   Validation Set ROC-AUC 0.6218

   Best so far!

---------------------------------------------------------------------------
WEIGHT_DECAY 0.00100   P_DROPOUT 0.10000   N_HID 100.00000   LR 0.00100
---------------------------------------------------------------------------

   Epoch  20	Loss 0.003185
   Epoch  40	Loss 0.003135
   Epoch  60	Loss 0.003096
   Epoch  80	Loss 0.003076
   Epoch 100	Loss 0.003054

   Validation Set ROC-AUC 0.6507

   Best so far!

-------------------------------------------------------------------------------------
Fitting models for lists of length 24
---------------------------------------------------------------------------
WEIGHT_DECAY 0.00100   P_DROPOUT 0.10000   N_HID 100.00000   LR 0.00100
---------------------------------------------------------------------------

   Epoch  20	Loss 0.003760
   Epoch  40	Loss 0.003720
   Epoch  60	Loss 0.003606
   Epoch  80	Loss 0.003567
   Epoch 100	Loss 0.003528

   Validation Set ROC-AUC 0.5962

   Best so far!

---------------------------------------------------------------------------
WEIGHT_DECAY 0.00100   P_DROPOUT 0.10000   N_HID 100.00000   LR 0.00100
---------------------------------------------------------------------------

   Epoch  20	Loss 0.003130
   Epoch  40	Loss 0.003098
   Epoch  60	Loss 0.003061
   Epoch  80	Loss 0.003025
   Epoch 100	Loss 0.003025

   Validation Set ROC-AUC 0.6423

   Best so far!

-------------------------------------------------------------------------------------
Fitting models for lists of length 25
---------------------------------------------------------------------------
WEIGHT_DECAY 0.00100   P_DROPOUT 0.10000   N_HID 100.00000   LR 0.00100
---------------------------------------------------------------------------

   Epoch  20	Loss 0.003812
   Epoch  40	Loss 0.003656
   Epoch  60	Loss 0.003594
   Epoch  80	Loss 0.003564
   Epoch 100	Loss 0.003466

   Validation Set ROC-AUC 0.5993

   Best so far!

---------------------------------------------------------------------------
WEIGHT_DECAY 0.00100   P_DROPOUT 0.10000   N_HID 100.00000   LR 0.00100
---------------------------------------------------------------------------

   Epoch  20	Loss 0.003205
   Epoch  40	Loss 0.003177
   Epoch  60	Loss 0.003145
   Epoch  80	Loss 0.003106
   Epoch 100	Loss 0.003112

   Validation Set ROC-AUC 0.6438

   Best so far!

-------------------------------------------------------------------------------------
Mean ROC-AUC scores: [0.6089228090420478, 0.6000478845075807, 0.6109890604255188, 0.6279382586878375, 0.6244557781397921, 0.6267115580853398, 0.630454341872299, 0.6365334656593524, 0.6348349459856524, 0.6306894631413735, 0.6282823385036176, 0.6376679770514011, 0.6320473386213952, 0.6370301261939039, 0.6367652469619378, 0.6296432972640036, 0.6303048388759374, 0.63201946674567, 0.6362653212111775, 0.6192926239026411, 0.6215299189924789]
----------------------------------------------------------------------------------------------------
	Circuit 01 has 16 words
----------------------------------------------------------------------------------------------------
Fitting models for domain 02
-------------------------------------------------------------------------------------
Fitting models for lists of length 05
---------------------------------------------------------------------------
WEIGHT_DECAY 0.00100   P_DROPOUT 0.10000   N_HID 100.00000   LR 0.00100
---------------------------------------------------------------------------

   Epoch  20	Loss 0.005407
   Epoch  40	Loss 0.005420
   Epoch  60	Loss 0.005405
   Epoch  80	Loss 0.005390
   Epoch 100	Loss 0.005393

   Validation Set ROC-AUC 0.5833

   Best so far!

---------------------------------------------------------------------------
WEIGHT_DECAY 0.00100   P_DROPOUT 0.10000   N_HID 100.00000   LR 0.00100
---------------------------------------------------------------------------

   Epoch  20	Loss 0.002813
   Epoch  40	Loss 0.002685
   Epoch  60	Loss 0.002600
   Epoch  80	Loss 0.002573
   Epoch 100	Loss 0.002478

   Validation Set ROC-AUC 0.6727

   Best so far!

-------------------------------------------------------------------------------------
Fitting models for lists of length 06
---------------------------------------------------------------------------
WEIGHT_DECAY 0.00100   P_DROPOUT 0.10000   N_HID 100.00000   LR 0.00100
---------------------------------------------------------------------------

   Epoch  20	Loss 0.005399
   Epoch  40	Loss 0.005374
   Epoch  60	Loss 0.005381
   Epoch  80	Loss 0.005392
   Epoch 100	Loss 0.005374

   Validation Set ROC-AUC 0.5887

   Best so far!

---------------------------------------------------------------------------
WEIGHT_DECAY 0.00100   P_DROPOUT 0.10000   N_HID 100.00000   LR 0.00100
---------------------------------------------------------------------------

   Epoch  20	Loss 0.002998
   Epoch  40	Loss 0.002919
   Epoch  60	Loss 0.002905
   Epoch  80	Loss 0.002860
   Epoch 100	Loss 0.002773

   Validation Set ROC-AUC 0.6696

   Best so far!

-------------------------------------------------------------------------------------
Fitting models for lists of length 07
---------------------------------------------------------------------------
WEIGHT_DECAY 0.00100   P_DROPOUT 0.10000   N_HID 100.00000   LR 0.00100
---------------------------------------------------------------------------

   Epoch  20	Loss 0.005372
   Epoch  40	Loss 0.005327
   Epoch  60	Loss 0.005345
   Epoch  80	Loss 0.005326
   Epoch 100	Loss 0.005321

   Validation Set ROC-AUC 0.5948

   Best so far!

---------------------------------------------------------------------------
WEIGHT_DECAY 0.00100   P_DROPOUT 0.10000   N_HID 100.00000   LR 0.00100
---------------------------------------------------------------------------

   Epoch  20	Loss 0.003092
   Epoch  40	Loss 0.002996
   Epoch  60	Loss 0.002950
   Epoch  80	Loss 0.002900
   Epoch 100	Loss 0.002880

   Validation Set ROC-AUC 0.6666

   Best so far!

-------------------------------------------------------------------------------------
Fitting models for lists of length 08
---------------------------------------------------------------------------
WEIGHT_DECAY 0.00100   P_DROPOUT 0.10000   N_HID 100.00000   LR 0.00100
---------------------------------------------------------------------------

   Epoch  20	Loss 0.005365
   Epoch  40	Loss 0.005357
   Epoch  60	Loss 0.005324
   Epoch  80	Loss 0.005297
   Epoch 100	Loss 0.005295

   Validation Set ROC-AUC 0.5929

   Best so far!

---------------------------------------------------------------------------
WEIGHT_DECAY 0.00100   P_DROPOUT 0.10000   N_HID 100.00000   LR 0.00100
---------------------------------------------------------------------------

   Epoch  20	Loss 0.003126
   Epoch  40	Loss 0.003019
   Epoch  60	Loss 0.002919
   Epoch  80	Loss 0.002853
   Epoch 100	Loss 0.002823

   Validation Set ROC-AUC 0.6549

   Best so far!

-------------------------------------------------------------------------------------
Fitting models for lists of length 09
---------------------------------------------------------------------------
WEIGHT_DECAY 0.00100   P_DROPOUT 0.10000   N_HID 100.00000   LR 0.00100
---------------------------------------------------------------------------

   Epoch  20	Loss 0.005337
   Epoch  40	Loss 0.005323
   Epoch  60	Loss 0.005317
   Epoch  80	Loss 0.005281
   Epoch 100	Loss 0.005325

   Validation Set ROC-AUC 0.5908

   Best so far!

---------------------------------------------------------------------------
WEIGHT_DECAY 0.00100   P_DROPOUT 0.10000   N_HID 100.00000   LR 0.00100
---------------------------------------------------------------------------

   Epoch  20	Loss 0.002989
   Epoch  40	Loss 0.002940
   Epoch  60	Loss 0.002886
   Epoch  80	Loss 0.002885
   Epoch 100	Loss 0.002791

   Validation Set ROC-AUC 0.6694

   Best so far!

-------------------------------------------------------------------------------------
Fitting models for lists of length 10
---------------------------------------------------------------------------
WEIGHT_DECAY 0.00100   P_DROPOUT 0.10000   N_HID 100.00000   LR 0.00100
---------------------------------------------------------------------------

   Epoch  20	Loss 0.005327
   Epoch  40	Loss 0.005267
   Epoch  60	Loss 0.005268
   Epoch  80	Loss 0.005271
   Epoch 100	Loss 0.005247

   Validation Set ROC-AUC 0.5921

   Best so far!

---------------------------------------------------------------------------
WEIGHT_DECAY 0.00100   P_DROPOUT 0.10000   N_HID 100.00000   LR 0.00100
---------------------------------------------------------------------------

   Epoch  20	Loss 0.002800
   Epoch  40	Loss 0.002761
   Epoch  60	Loss 0.002698
   Epoch  80	Loss 0.002615
   Epoch 100	Loss 0.002620

   Validation Set ROC-AUC 0.6676

   Best so far!

-------------------------------------------------------------------------------------
Fitting models for lists of length 11
---------------------------------------------------------------------------
WEIGHT_DECAY 0.00100   P_DROPOUT 0.10000   N_HID 100.00000   LR 0.00100
---------------------------------------------------------------------------

   Epoch  20	Loss 0.005339
   Epoch  40	Loss 0.005272
   Epoch  60	Loss 0.005258
   Epoch  80	Loss 0.005236
   Epoch 100	Loss 0.005240

   Validation Set ROC-AUC 0.5926

   Best so far!

---------------------------------------------------------------------------
WEIGHT_DECAY 0.00100   P_DROPOUT 0.10000   N_HID 100.00000   LR 0.00100
---------------------------------------------------------------------------

   Epoch  20	Loss 0.002935
   Epoch  40	Loss 0.002847
   Epoch  60	Loss 0.002797
   Epoch  80	Loss 0.002746
   Epoch 100	Loss 0.002671

   Validation Set ROC-AUC 0.6734

   Best so far!

-------------------------------------------------------------------------------------
Fitting models for lists of length 12
---------------------------------------------------------------------------
WEIGHT_DECAY 0.00100   P_DROPOUT 0.10000   N_HID 100.00000   LR 0.00100
---------------------------------------------------------------------------

   Epoch  20	Loss 0.005298
   Epoch  40	Loss 0.005278
   Epoch  60	Loss 0.005261
   Epoch  80	Loss 0.005243
   Epoch 100	Loss 0.005193

   Validation Set ROC-AUC 0.5886

   Best so far!

---------------------------------------------------------------------------
WEIGHT_DECAY 0.00100   P_DROPOUT 0.10000   N_HID 100.00000   LR 0.00100
---------------------------------------------------------------------------

   Epoch  20	Loss 0.002829
   Epoch  40	Loss 0.002773
   Epoch  60	Loss 0.002710
   Epoch  80	Loss 0.002680
   Epoch 100	Loss 0.002660

   Validation Set ROC-AUC 0.6685

   Best so far!

-------------------------------------------------------------------------------------
Fitting models for lists of length 13
---------------------------------------------------------------------------
WEIGHT_DECAY 0.00100   P_DROPOUT 0.10000   N_HID 100.00000   LR 0.00100
---------------------------------------------------------------------------

   Epoch  20	Loss 0.005292
   Epoch  40	Loss 0.005264
   Epoch  60	Loss 0.005244
   Epoch  80	Loss 0.005253
   Epoch 100	Loss 0.005198

   Validation Set ROC-AUC 0.5917

   Best so far!

---------------------------------------------------------------------------
WEIGHT_DECAY 0.00100   P_DROPOUT 0.10000   N_HID 100.00000   LR 0.00100
---------------------------------------------------------------------------

   Epoch  20	Loss 0.002722
   Epoch  40	Loss 0.002652
   Epoch  60	Loss 0.002602
   Epoch  80	Loss 0.002591
   Epoch 100	Loss 0.002531

   Validation Set ROC-AUC 0.6524

   Best so far!

-------------------------------------------------------------------------------------
Fitting models for lists of length 14
---------------------------------------------------------------------------
WEIGHT_DECAY 0.00100   P_DROPOUT 0.10000   N_HID 100.00000   LR 0.00100
---------------------------------------------------------------------------

   Epoch  20	Loss 0.005276
   Epoch  40	Loss 0.005243
   Epoch  60	Loss 0.005224
   Epoch  80	Loss 0.005201
   Epoch 100	Loss 0.005199

   Validation Set ROC-AUC 0.5816

   Best so far!

---------------------------------------------------------------------------
WEIGHT_DECAY 0.00100   P_DROPOUT 0.10000   N_HID 100.00000   LR 0.00100
---------------------------------------------------------------------------

   Epoch  20	Loss 0.002639
   Epoch  40	Loss 0.002575
   Epoch  60	Loss 0.002531
   Epoch  80	Loss 0.002476
   Epoch 100	Loss 0.002440

   Validation Set ROC-AUC 0.6784

   Best so far!

-------------------------------------------------------------------------------------
Fitting models for lists of length 15
---------------------------------------------------------------------------
WEIGHT_DECAY 0.00100   P_DROPOUT 0.10000   N_HID 100.00000   LR 0.00100
---------------------------------------------------------------------------

   Epoch  20	Loss 0.005283
   Epoch  40	Loss 0.005203
   Epoch  60	Loss 0.005189
   Epoch  80	Loss 0.005194
   Epoch 100	Loss 0.005146

   Validation Set ROC-AUC 0.5837

   Best so far!

---------------------------------------------------------------------------
WEIGHT_DECAY 0.00100   P_DROPOUT 0.10000   N_HID 100.00000   LR 0.00100
---------------------------------------------------------------------------

   Epoch  20	Loss 0.002588
   Epoch  40	Loss 0.002503
   Epoch  60	Loss 0.002508
   Epoch  80	Loss 0.002453
   Epoch 100	Loss 0.002393

   Validation Set ROC-AUC 0.6676

   Best so far!

-------------------------------------------------------------------------------------
Fitting models for lists of length 16
---------------------------------------------------------------------------
WEIGHT_DECAY 0.00100   P_DROPOUT 0.10000   N_HID 100.00000   LR 0.00100
---------------------------------------------------------------------------

   Epoch  20	Loss 0.005305
   Epoch  40	Loss 0.005235
   Epoch  60	Loss 0.005224
   Epoch  80	Loss 0.005144
   Epoch 100	Loss 0.005110

   Validation Set ROC-AUC 0.5911

   Best so far!

---------------------------------------------------------------------------
WEIGHT_DECAY 0.00100   P_DROPOUT 0.10000   N_HID 100.00000   LR 0.00100
---------------------------------------------------------------------------

   Epoch  20	Loss 0.002429
   Epoch  40	Loss 0.002420
   Epoch  60	Loss 0.002357
   Epoch  80	Loss 0.002304
   Epoch 100	Loss 0.002318

   Validation Set ROC-AUC 0.6811

   Best so far!

-------------------------------------------------------------------------------------
Fitting models for lists of length 17
---------------------------------------------------------------------------
WEIGHT_DECAY 0.00100   P_DROPOUT 0.10000   N_HID 100.00000   LR 0.00100
---------------------------------------------------------------------------

   Epoch  20	Loss 0.005303
   Epoch  40	Loss 0.005171
   Epoch  60	Loss 0.005141
   Epoch  80	Loss 0.005131
   Epoch 100	Loss 0.005143

   Validation Set ROC-AUC 0.5905

   Best so far!

---------------------------------------------------------------------------
WEIGHT_DECAY 0.00100   P_DROPOUT 0.10000   N_HID 100.00000   LR 0.00100
---------------------------------------------------------------------------

   Epoch  20	Loss 0.002407
   Epoch  40	Loss 0.002327
   Epoch  60	Loss 0.002266
   Epoch  80	Loss 0.002238
   Epoch 100	Loss 0.002248

   Validation Set ROC-AUC 0.6951

   Best so far!

-------------------------------------------------------------------------------------
Fitting models for lists of length 18
---------------------------------------------------------------------------
WEIGHT_DECAY 0.00100   P_DROPOUT 0.10000   N_HID 100.00000   LR 0.00100
---------------------------------------------------------------------------

   Epoch  20	Loss 0.005270
   Epoch  40	Loss 0.005235
   Epoch  60	Loss 0.005179
   Epoch  80	Loss 0.005115
   Epoch 100	Loss 0.005111

   Validation Set ROC-AUC 0.5871

   Best so far!

---------------------------------------------------------------------------
WEIGHT_DECAY 0.00100   P_DROPOUT 0.10000   N_HID 100.00000   LR 0.00100
---------------------------------------------------------------------------

   Epoch  20	Loss 0.002320
   Epoch  40	Loss 0.002258
   Epoch  60	Loss 0.002227
   Epoch  80	Loss 0.002170
   Epoch 100	Loss 0.002144

   Validation Set ROC-AUC 0.6574

   Best so far!

-------------------------------------------------------------------------------------
Fitting models for lists of length 19
---------------------------------------------------------------------------
WEIGHT_DECAY 0.00100   P_DROPOUT 0.10000   N_HID 100.00000   LR 0.00100
---------------------------------------------------------------------------

   Epoch  20	Loss 0.005295
   Epoch  40	Loss 0.005218
   Epoch  60	Loss 0.005165
   Epoch  80	Loss 0.005126
   Epoch 100	Loss 0.005062

   Validation Set ROC-AUC 0.5794

   Best so far!

---------------------------------------------------------------------------
WEIGHT_DECAY 0.00100   P_DROPOUT 0.10000   N_HID 100.00000   LR 0.00100
---------------------------------------------------------------------------

   Epoch  20	Loss 0.002316
   Epoch  40	Loss 0.002246
   Epoch  60	Loss 0.002204
   Epoch  80	Loss 0.002201
   Epoch 100	Loss 0.002181

   Validation Set ROC-AUC 0.6707

   Best so far!

-------------------------------------------------------------------------------------
Fitting models for lists of length 20
---------------------------------------------------------------------------
WEIGHT_DECAY 0.00100   P_DROPOUT 0.10000   N_HID 100.00000   LR 0.00100
---------------------------------------------------------------------------

   Epoch  20	Loss 0.005268
   Epoch  40	Loss 0.005182
   Epoch  60	Loss 0.005149
   Epoch  80	Loss 0.005142
   Epoch 100	Loss 0.005113

   Validation Set ROC-AUC 0.5849

   Best so far!

---------------------------------------------------------------------------
WEIGHT_DECAY 0.00100   P_DROPOUT 0.10000   N_HID 100.00000   LR 0.00100
---------------------------------------------------------------------------

   Epoch  20	Loss 0.002324
   Epoch  40	Loss 0.002285
   Epoch  60	Loss 0.002249
   Epoch  80	Loss 0.002198
   Epoch 100	Loss 0.002164

   Validation Set ROC-AUC 0.6667

   Best so far!

-------------------------------------------------------------------------------------
Fitting models for lists of length 21
---------------------------------------------------------------------------
WEIGHT_DECAY 0.00100   P_DROPOUT 0.10000   N_HID 100.00000   LR 0.00100
---------------------------------------------------------------------------

   Epoch  20	Loss 0.005272
   Epoch  40	Loss 0.005182
   Epoch  60	Loss 0.005166
   Epoch  80	Loss 0.005111
   Epoch 100	Loss 0.005075

   Validation Set ROC-AUC 0.5786

   Best so far!

---------------------------------------------------------------------------
WEIGHT_DECAY 0.00100   P_DROPOUT 0.10000   N_HID 100.00000   LR 0.00100
---------------------------------------------------------------------------

   Epoch  20	Loss 0.002368
   Epoch  40	Loss 0.002317
   Epoch  60	Loss 0.002284
   Epoch  80	Loss 0.002232
   Epoch 100	Loss 0.002244

   Validation Set ROC-AUC 0.6751

   Best so far!

-------------------------------------------------------------------------------------
Fitting models for lists of length 22
---------------------------------------------------------------------------
WEIGHT_DECAY 0.00100   P_DROPOUT 0.10000   N_HID 100.00000   LR 0.00100
---------------------------------------------------------------------------

   Epoch  20	Loss 0.005254
   Epoch  40	Loss 0.005196
   Epoch  60	Loss 0.005117
   Epoch  80	Loss 0.005116
   Epoch 100	Loss 0.005092

   Validation Set ROC-AUC 0.5791

   Best so far!

---------------------------------------------------------------------------
WEIGHT_DECAY 0.00100   P_DROPOUT 0.10000   N_HID 100.00000   LR 0.00100
---------------------------------------------------------------------------

   Epoch  20	Loss 0.002455
   Epoch  40	Loss 0.002410
   Epoch  60	Loss 0.002353
   Epoch  80	Loss 0.002315
   Epoch 100	Loss 0.002297

   Validation Set ROC-AUC 0.6627

   Best so far!

-------------------------------------------------------------------------------------
Fitting models for lists of length 23
---------------------------------------------------------------------------
WEIGHT_DECAY 0.00100   P_DROPOUT 0.10000   N_HID 100.00000   LR 0.00100
---------------------------------------------------------------------------

   Epoch  20	Loss 0.005246
   Epoch  40	Loss 0.005196
   Epoch  60	Loss 0.005102
   Epoch  80	Loss 0.005127
   Epoch 100	Loss 0.005072

   Validation Set ROC-AUC 0.5851

   Best so far!

---------------------------------------------------------------------------
WEIGHT_DECAY 0.00100   P_DROPOUT 0.10000   N_HID 100.00000   LR 0.00100
---------------------------------------------------------------------------

   Epoch  20	Loss 0.002390
   Epoch  40	Loss 0.002344
   Epoch  60	Loss 0.002313
   Epoch  80	Loss 0.002274
   Epoch 100	Loss 0.002243

   Validation Set ROC-AUC 0.6762

   Best so far!

-------------------------------------------------------------------------------------
Fitting models for lists of length 24
---------------------------------------------------------------------------
WEIGHT_DECAY 0.00100   P_DROPOUT 0.10000   N_HID 100.00000   LR 0.00100
---------------------------------------------------------------------------

   Epoch  20	Loss 0.005253
   Epoch  40	Loss 0.005169
   Epoch  60	Loss 0.005105
   Epoch  80	Loss 0.005120
   Epoch 100	Loss 0.005099

   Validation Set ROC-AUC 0.5790

   Best so far!

---------------------------------------------------------------------------
WEIGHT_DECAY 0.00100   P_DROPOUT 0.10000   N_HID 100.00000   LR 0.00100
---------------------------------------------------------------------------

   Epoch  20	Loss 0.002361
   Epoch  40	Loss 0.002315
   Epoch  60	Loss 0.002279
   Epoch  80	Loss 0.002212
   Epoch 100	Loss 0.002209

   Validation Set ROC-AUC 0.6772

   Best so far!

-------------------------------------------------------------------------------------
Fitting models for lists of length 25
---------------------------------------------------------------------------
WEIGHT_DECAY 0.00100   P_DROPOUT 0.10000   N_HID 100.00000   LR 0.00100
---------------------------------------------------------------------------

   Epoch  20	Loss 0.005203
   Epoch  40	Loss 0.005154
   Epoch  60	Loss 0.005116
   Epoch  80	Loss 0.005043
   Epoch 100	Loss 0.005025

   Validation Set ROC-AUC 0.5819

   Best so far!

---------------------------------------------------------------------------
WEIGHT_DECAY 0.00100   P_DROPOUT 0.10000   N_HID 100.00000   LR 0.00100
---------------------------------------------------------------------------

   Epoch  20	Loss 0.002369
   Epoch  40	Loss 0.002344
   Epoch  60	Loss 0.002308
   Epoch  80	Loss 0.002265
   Epoch 100	Loss 0.002217

   Validation Set ROC-AUC 0.6792

   Best so far!

-------------------------------------------------------------------------------------
Mean ROC-AUC scores: [0.6279774789020773, 0.6291425070066119, 0.6306835842666955, 0.6238811786647053, 0.6301127488566246, 0.6298723127042812, 0.6329530312327614, 0.6285401604389578, 0.6220451796036279, 0.6300239393473137, 0.6256536261735952, 0.6360708652738871, 0.6428148420729313, 0.6222442051859933, 0.6250527803602967, 0.6258267634728705, 0.6268250380049241, 0.6208943472647626, 0.6306259094301272, 0.6280798120859771, 0.6305111666524927]
----------------------------------------------------------------------------------------------------
	Circuit 02 has 17 words
----------------------------------------------------------------------------------------------------
Fitting models for domain 03
-------------------------------------------------------------------------------------
Fitting models for lists of length 05
---------------------------------------------------------------------------
WEIGHT_DECAY 0.00100   P_DROPOUT 0.10000   N_HID 100.00000   LR 0.00100
---------------------------------------------------------------------------

   Epoch  20	Loss 0.006102
   Epoch  40	Loss 0.006093
   Epoch  60	Loss 0.006110
   Epoch  80	Loss 0.006105
   Epoch 100	Loss 0.006098

   Validation Set ROC-AUC 0.5719

   Best so far!

---------------------------------------------------------------------------
WEIGHT_DECAY 0.00100   P_DROPOUT 0.10000   N_HID 100.00000   LR 0.00100
---------------------------------------------------------------------------

   Epoch  20	Loss 0.004362
   Epoch  40	Loss 0.003976
   Epoch  60	Loss 0.003651
   Epoch  80	Loss 0.003461
   Epoch 100	Loss 0.003104

   Validation Set ROC-AUC 0.5696

   Best so far!

-------------------------------------------------------------------------------------
Fitting models for lists of length 06
---------------------------------------------------------------------------
WEIGHT_DECAY 0.00100   P_DROPOUT 0.10000   N_HID 100.00000   LR 0.00100
---------------------------------------------------------------------------

   Epoch  20	Loss 0.006072
   Epoch  40	Loss 0.006056
   Epoch  60	Loss 0.006073
   Epoch  80	Loss 0.006060
   Epoch 100	Loss 0.006050

   Validation Set ROC-AUC 0.5868

   Best so far!

---------------------------------------------------------------------------
WEIGHT_DECAY 0.00100   P_DROPOUT 0.10000   N_HID 100.00000   LR 0.00100
---------------------------------------------------------------------------

   Epoch  20	Loss 0.004359
   Epoch  40	Loss 0.003995
   Epoch  60	Loss 0.003717
   Epoch  80	Loss 0.003585
   Epoch 100	Loss 0.003321

   Validation Set ROC-AUC 0.5925

   Best so far!

-------------------------------------------------------------------------------------
Fitting models for lists of length 07
---------------------------------------------------------------------------
WEIGHT_DECAY 0.00100   P_DROPOUT 0.10000   N_HID 100.00000   LR 0.00100
---------------------------------------------------------------------------

   Epoch  20	Loss 0.006043
   Epoch  40	Loss 0.006052
   Epoch  60	Loss 0.006049
   Epoch  80	Loss 0.006043
   Epoch 100	Loss 0.006047

   Validation Set ROC-AUC 0.5889

   Best so far!

---------------------------------------------------------------------------
WEIGHT_DECAY 0.00100   P_DROPOUT 0.10000   N_HID 100.00000   LR 0.00100
---------------------------------------------------------------------------

   Epoch  20	Loss 0.004500
   Epoch  40	Loss 0.004170
   Epoch  60	Loss 0.003946
   Epoch  80	Loss 0.003729
   Epoch 100	Loss 0.003543

   Validation Set ROC-AUC 0.5994

   Best so far!

-------------------------------------------------------------------------------------
Fitting models for lists of length 08
---------------------------------------------------------------------------
WEIGHT_DECAY 0.00100   P_DROPOUT 0.10000   N_HID 100.00000   LR 0.00100
---------------------------------------------------------------------------

   Epoch  20	Loss 0.006030
   Epoch  40	Loss 0.006027
   Epoch  60	Loss 0.006024
   Epoch  80	Loss 0.006015
   Epoch 100	Loss 0.006005

   Validation Set ROC-AUC 0.5890

   Best so far!

---------------------------------------------------------------------------
WEIGHT_DECAY 0.00100   P_DROPOUT 0.10000   N_HID 100.00000   LR 0.00100
---------------------------------------------------------------------------

   Epoch  20	Loss 0.004703
   Epoch  40	Loss 0.004447
   Epoch  60	Loss 0.004196
   Epoch  80	Loss 0.004037
   Epoch 100	Loss 0.003919

   Validation Set ROC-AUC 0.5929

   Best so far!

-------------------------------------------------------------------------------------
Fitting models for lists of length 09
---------------------------------------------------------------------------
WEIGHT_DECAY 0.00100   P_DROPOUT 0.10000   N_HID 100.00000   LR 0.00100
---------------------------------------------------------------------------

   Epoch  20	Loss 0.006015
   Epoch  40	Loss 0.006001
   Epoch  60	Loss 0.006008
   Epoch  80	Loss 0.006002
   Epoch 100	Loss 0.005988

   Validation Set ROC-AUC 0.5909

   Best so far!

---------------------------------------------------------------------------
WEIGHT_DECAY 0.00100   P_DROPOUT 0.10000   N_HID 100.00000   LR 0.00100
---------------------------------------------------------------------------

   Epoch  20	Loss 0.004495
   Epoch  40	Loss 0.004320
   Epoch  60	Loss 0.004137
   Epoch  80	Loss 0.003972
   Epoch 100	Loss 0.003870

   Validation Set ROC-AUC 0.5916

   Best so far!

-------------------------------------------------------------------------------------
Fitting models for lists of length 10
---------------------------------------------------------------------------
WEIGHT_DECAY 0.00100   P_DROPOUT 0.10000   N_HID 100.00000   LR 0.00100
---------------------------------------------------------------------------

   Epoch  20	Loss 0.006010
   Epoch  40	Loss 0.005993
   Epoch  60	Loss 0.005992
   Epoch  80	Loss 0.005980
   Epoch 100	Loss 0.005966

   Validation Set ROC-AUC 0.5893

   Best so far!

---------------------------------------------------------------------------
WEIGHT_DECAY 0.00100   P_DROPOUT 0.10000   N_HID 100.00000   LR 0.00100
---------------------------------------------------------------------------

   Epoch  20	Loss 0.004592
   Epoch  40	Loss 0.004345
   Epoch  60	Loss 0.004177
   Epoch  80	Loss 0.004070
   Epoch 100	Loss 0.004000

   Validation Set ROC-AUC 0.5887

   Best so far!

-------------------------------------------------------------------------------------
Fitting models for lists of length 11
---------------------------------------------------------------------------
WEIGHT_DECAY 0.00100   P_DROPOUT 0.10000   N_HID 100.00000   LR 0.00100
---------------------------------------------------------------------------

   Epoch  20	Loss 0.005999
   Epoch  40	Loss 0.005994
   Epoch  60	Loss 0.005961
   Epoch  80	Loss 0.005960
   Epoch 100	Loss 0.005936

   Validation Set ROC-AUC 0.5906

   Best so far!

---------------------------------------------------------------------------
WEIGHT_DECAY 0.00100   P_DROPOUT 0.10000   N_HID 100.00000   LR 0.00100
---------------------------------------------------------------------------

   Epoch  20	Loss 0.004577
   Epoch  40	Loss 0.004367
   Epoch  60	Loss 0.004241
   Epoch  80	Loss 0.004107
   Epoch 100	Loss 0.004013

   Validation Set ROC-AUC 0.5935

   Best so far!

-------------------------------------------------------------------------------------
Fitting models for lists of length 12
---------------------------------------------------------------------------
WEIGHT_DECAY 0.00100   P_DROPOUT 0.10000   N_HID 100.00000   LR 0.00100
---------------------------------------------------------------------------

   Epoch  20	Loss 0.006019
   Epoch  40	Loss 0.005963
   Epoch  60	Loss 0.005954
   Epoch  80	Loss 0.005926
   Epoch 100	Loss 0.005905

   Validation Set ROC-AUC 0.5933

   Best so far!

---------------------------------------------------------------------------
WEIGHT_DECAY 0.00100   P_DROPOUT 0.10000   N_HID 100.00000   LR 0.00100
---------------------------------------------------------------------------

   Epoch  20	Loss 0.004678
   Epoch  40	Loss 0.004513
   Epoch  60	Loss 0.004415
   Epoch  80	Loss 0.004247
   Epoch 100	Loss 0.004201

   Validation Set ROC-AUC 0.5918

   Best so far!

-------------------------------------------------------------------------------------
Fitting models for lists of length 13
---------------------------------------------------------------------------
WEIGHT_DECAY 0.00100   P_DROPOUT 0.10000   N_HID 100.00000   LR 0.00100
---------------------------------------------------------------------------

   Epoch  20	Loss 0.005976
   Epoch  40	Loss 0.005949
   Epoch  60	Loss 0.005924
   Epoch  80	Loss 0.005924
   Epoch 100	Loss 0.005879

   Validation Set ROC-AUC 0.5927

   Best so far!

---------------------------------------------------------------------------
WEIGHT_DECAY 0.00100   P_DROPOUT 0.10000   N_HID 100.00000   LR 0.00100
---------------------------------------------------------------------------

   Epoch  20	Loss 0.004547
   Epoch  40	Loss 0.004394
   Epoch  60	Loss 0.004229
   Epoch  80	Loss 0.004172
   Epoch 100	Loss 0.004090

   Validation Set ROC-AUC 0.5912

   Best so far!

-------------------------------------------------------------------------------------
Fitting models for lists of length 14
---------------------------------------------------------------------------
WEIGHT_DECAY 0.00100   P_DROPOUT 0.10000   N_HID 100.00000   LR 0.00100
---------------------------------------------------------------------------

   Epoch  20	Loss 0.005979
   Epoch  40	Loss 0.005929
   Epoch  60	Loss 0.005908
   Epoch  80	Loss 0.005901
   Epoch 100	Loss 0.005887

   Validation Set ROC-AUC 0.5929

   Best so far!

---------------------------------------------------------------------------
WEIGHT_DECAY 0.00100   P_DROPOUT 0.10000   N_HID 100.00000   LR 0.00100
---------------------------------------------------------------------------

   Epoch  20	Loss 0.004346
   Epoch  40	Loss 0.004230
   Epoch  60	Loss 0.004096
   Epoch  80	Loss 0.003977
   Epoch 100	Loss 0.003918

   Validation Set ROC-AUC 0.5984

   Best so far!

-------------------------------------------------------------------------------------
Fitting models for lists of length 15
---------------------------------------------------------------------------
WEIGHT_DECAY 0.00100   P_DROPOUT 0.10000   N_HID 100.00000   LR 0.00100
---------------------------------------------------------------------------

   Epoch  20	Loss 0.005947
   Epoch  40	Loss 0.005888
   Epoch  60	Loss 0.005885
   Epoch  80	Loss 0.005814
   Epoch 100	Loss 0.005804

   Validation Set ROC-AUC 0.5912

   Best so far!

---------------------------------------------------------------------------
WEIGHT_DECAY 0.00100   P_DROPOUT 0.10000   N_HID 100.00000   LR 0.00100
---------------------------------------------------------------------------

   Epoch  20	Loss 0.004365
   Epoch  40	Loss 0.004205
   Epoch  60	Loss 0.004088
   Epoch  80	Loss 0.003963
   Epoch 100	Loss 0.003915

   Validation Set ROC-AUC 0.5903

   Best so far!

-------------------------------------------------------------------------------------
Fitting models for lists of length 16
---------------------------------------------------------------------------
WEIGHT_DECAY 0.00100   P_DROPOUT 0.10000   N_HID 100.00000   LR 0.00100
---------------------------------------------------------------------------

   Epoch  20	Loss 0.005934
   Epoch  40	Loss 0.005920
   Epoch  60	Loss 0.005864
   Epoch  80	Loss 0.005799
   Epoch 100	Loss 0.005812

   Validation Set ROC-AUC 0.5879

   Best so far!

---------------------------------------------------------------------------
WEIGHT_DECAY 0.00100   P_DROPOUT 0.10000   N_HID 100.00000   LR 0.00100
---------------------------------------------------------------------------

   Epoch  20	Loss 0.004381
   Epoch  40	Loss 0.004229
   Epoch  60	Loss 0.004101
   Epoch  80	Loss 0.004040
   Epoch 100	Loss 0.003934

   Validation Set ROC-AUC 0.5925

   Best so far!

-------------------------------------------------------------------------------------
Fitting models for lists of length 17
---------------------------------------------------------------------------
WEIGHT_DECAY 0.00100   P_DROPOUT 0.10000   N_HID 100.00000   LR 0.00100
---------------------------------------------------------------------------

   Epoch  20	Loss 0.005911
   Epoch  40	Loss 0.005879
   Epoch  60	Loss 0.005806
   Epoch  80	Loss 0.005766
   Epoch 100	Loss 0.005738

   Validation Set ROC-AUC 0.5889

   Best so far!

---------------------------------------------------------------------------
WEIGHT_DECAY 0.00100   P_DROPOUT 0.10000   N_HID 100.00000   LR 0.00100
---------------------------------------------------------------------------

   Epoch  20	Loss 0.004407
   Epoch  40	Loss 0.004263
   Epoch  60	Loss 0.004117
   Epoch  80	Loss 0.004023
   Epoch 100	Loss 0.003982

   Validation Set ROC-AUC 0.5982

   Best so far!

-------------------------------------------------------------------------------------
Fitting models for lists of length 18
---------------------------------------------------------------------------
WEIGHT_DECAY 0.00100   P_DROPOUT 0.10000   N_HID 100.00000   LR 0.00100
---------------------------------------------------------------------------

   Epoch  20	Loss 0.005910
   Epoch  40	Loss 0.005822
   Epoch  60	Loss 0.005755
   Epoch  80	Loss 0.005740
   Epoch 100	Loss 0.005661

   Validation Set ROC-AUC 0.5872

   Best so far!

---------------------------------------------------------------------------
WEIGHT_DECAY 0.00100   P_DROPOUT 0.10000   N_HID 100.00000   LR 0.00100
---------------------------------------------------------------------------

   Epoch  20	Loss 0.004397
   Epoch  40	Loss 0.004262
   Epoch  60	Loss 0.004112
   Epoch  80	Loss 0.003976
   Epoch 100	Loss 0.003956

   Validation Set ROC-AUC 0.5891

   Best so far!

-------------------------------------------------------------------------------------
Fitting models for lists of length 19
---------------------------------------------------------------------------
WEIGHT_DECAY 0.00100   P_DROPOUT 0.10000   N_HID 100.00000   LR 0.00100
---------------------------------------------------------------------------

   Epoch  20	Loss 0.005910
   Epoch  40	Loss 0.005855
   Epoch  60	Loss 0.005786
   Epoch  80	Loss 0.005721
   Epoch 100	Loss 0.005713

   Validation Set ROC-AUC 0.5883

   Best so far!

---------------------------------------------------------------------------
WEIGHT_DECAY 0.00100   P_DROPOUT 0.10000   N_HID 100.00000   LR 0.00100
---------------------------------------------------------------------------

   Epoch  20	Loss 0.004276
   Epoch  40	Loss 0.004178
   Epoch  60	Loss 0.004014
   Epoch  80	Loss 0.003902
   Epoch 100	Loss 0.003876

   Validation Set ROC-AUC 0.5940

   Best so far!

-------------------------------------------------------------------------------------
Fitting models for lists of length 20
---------------------------------------------------------------------------
WEIGHT_DECAY 0.00100   P_DROPOUT 0.10000   N_HID 100.00000   LR 0.00100
---------------------------------------------------------------------------

   Epoch  20	Loss 0.005919
   Epoch  40	Loss 0.005828
   Epoch  60	Loss 0.005739
   Epoch  80	Loss 0.005678
   Epoch 100	Loss 0.005610

   Validation Set ROC-AUC 0.5780

   Best so far!

---------------------------------------------------------------------------
WEIGHT_DECAY 0.00100   P_DROPOUT 0.10000   N_HID 100.00000   LR 0.00100
---------------------------------------------------------------------------

   Epoch  20	Loss 0.004334
   Epoch  40	Loss 0.004178
   Epoch  60	Loss 0.004036
   Epoch  80	Loss 0.003980
   Epoch 100	Loss 0.003945

   Validation Set ROC-AUC 0.6019

   Best so far!

-------------------------------------------------------------------------------------
Fitting models for lists of length 21
---------------------------------------------------------------------------
WEIGHT_DECAY 0.00100   P_DROPOUT 0.10000   N_HID 100.00000   LR 0.00100
---------------------------------------------------------------------------

   Epoch  20	Loss 0.005930
   Epoch  40	Loss 0.005815
   Epoch  60	Loss 0.005730
   Epoch  80	Loss 0.005617
   Epoch 100	Loss 0.005628

   Validation Set ROC-AUC 0.5831

   Best so far!

---------------------------------------------------------------------------
WEIGHT_DECAY 0.00100   P_DROPOUT 0.10000   N_HID 100.00000   LR 0.00100
---------------------------------------------------------------------------

   Epoch  20	Loss 0.004220
   Epoch  40	Loss 0.004054
   Epoch  60	Loss 0.003947
   Epoch  80	Loss 0.003874
   Epoch 100	Loss 0.003816

   Validation Set ROC-AUC 0.5983

   Best so far!

-------------------------------------------------------------------------------------
Fitting models for lists of length 22
---------------------------------------------------------------------------
WEIGHT_DECAY 0.00100   P_DROPOUT 0.10000   N_HID 100.00000   LR 0.00100
---------------------------------------------------------------------------

   Epoch  20	Loss 0.005889
   Epoch  40	Loss 0.005801
   Epoch  60	Loss 0.005712
   Epoch  80	Loss 0.005645
   Epoch 100	Loss 0.005701

   Validation Set ROC-AUC 0.5880

   Best so far!

---------------------------------------------------------------------------
WEIGHT_DECAY 0.00100   P_DROPOUT 0.10000   N_HID 100.00000   LR 0.00100
---------------------------------------------------------------------------

   Epoch  20	Loss 0.004232
   Epoch  40	Loss 0.004098
   Epoch  60	Loss 0.004003
   Epoch  80	Loss 0.003930
   Epoch 100	Loss 0.003855

   Validation Set ROC-AUC 0.6001

   Best so far!

-------------------------------------------------------------------------------------
Fitting models for lists of length 23
---------------------------------------------------------------------------
WEIGHT_DECAY 0.00100   P_DROPOUT 0.10000   N_HID 100.00000   LR 0.00100
---------------------------------------------------------------------------

   Epoch  20	Loss 0.005873
   Epoch  40	Loss 0.005753
   Epoch  60	Loss 0.005639
   Epoch  80	Loss 0.005587
   Epoch 100	Loss 0.005544

   Validation Set ROC-AUC 0.5680

   Best so far!

---------------------------------------------------------------------------
WEIGHT_DECAY 0.00100   P_DROPOUT 0.10000   N_HID 100.00000   LR 0.00100
---------------------------------------------------------------------------

   Epoch  20	Loss 0.004325
   Epoch  40	Loss 0.004177
   Epoch  60	Loss 0.004072
   Epoch  80	Loss 0.003971
   Epoch 100	Loss 0.003889

   Validation Set ROC-AUC 0.5967

   Best so far!

-------------------------------------------------------------------------------------
Fitting models for lists of length 24
---------------------------------------------------------------------------
WEIGHT_DECAY 0.00100   P_DROPOUT 0.10000   N_HID 100.00000   LR 0.00100
---------------------------------------------------------------------------

   Epoch  20	Loss 0.005876
   Epoch  40	Loss 0.005752
   Epoch  60	Loss 0.005653
   Epoch  80	Loss 0.005559
   Epoch 100	Loss 0.005561

   Validation Set ROC-AUC 0.5818

   Best so far!

---------------------------------------------------------------------------
WEIGHT_DECAY 0.00100   P_DROPOUT 0.10000   N_HID 100.00000   LR 0.00100
---------------------------------------------------------------------------

   Epoch  20	Loss 0.004234
   Epoch  40	Loss 0.004102
   Epoch  60	Loss 0.004016
   Epoch  80	Loss 0.003965
   Epoch 100	Loss 0.003871

   Validation Set ROC-AUC 0.5995

   Best so far!

-------------------------------------------------------------------------------------
Fitting models for lists of length 25
---------------------------------------------------------------------------
WEIGHT_DECAY 0.00100   P_DROPOUT 0.10000   N_HID 100.00000   LR 0.00100
---------------------------------------------------------------------------

   Epoch  20	Loss 0.005904
   Epoch  40	Loss 0.005744
   Epoch  60	Loss 0.005613
   Epoch  80	Loss 0.005528
   Epoch 100	Loss 0.005457

   Validation Set ROC-AUC 0.5761

   Best so far!

---------------------------------------------------------------------------
WEIGHT_DECAY 0.00100   P_DROPOUT 0.10000   N_HID 100.00000   LR 0.00100
---------------------------------------------------------------------------

   Epoch  20	Loss 0.004229
   Epoch  40	Loss 0.004142
   Epoch  60	Loss 0.004045
   Epoch  80	Loss 0.003973
   Epoch 100	Loss 0.003903

   Validation Set ROC-AUC 0.5953

   Best so far!

-------------------------------------------------------------------------------------
Mean ROC-AUC scores: [0.5707329838862998, 0.5896277367918737, 0.5941423111147011, 0.5909508393982356, 0.5912526153385735, 0.5889905856586368, 0.5920297522299284, 0.5925520723632279, 0.591956735958356, 0.5956544541521284, 0.5907155817698384, 0.5901763127244886, 0.5935372578256607, 0.58817382611195, 0.5911287385878254, 0.5899724461379141, 0.5907033245769262, 0.5940817373356704, 0.5823706956363235, 0.5906523752598458, 0.5856932558652206]
----------------------------------------------------------------------------------------------------
	Circuit 03 has 14 words
----------------------------------------------------------------------------------------------------
Fitting models for domain 04
-------------------------------------------------------------------------------------
Fitting models for lists of length 05
---------------------------------------------------------------------------
WEIGHT_DECAY 0.00100   P_DROPOUT 0.10000   N_HID 100.00000   LR 0.00100
---------------------------------------------------------------------------

   Epoch  20	Loss 0.005388
   Epoch  40	Loss 0.005403
   Epoch  60	Loss 0.005388
   Epoch  80	Loss 0.005390
   Epoch 100	Loss 0.005397

   Validation Set ROC-AUC 0.5715

   Best so far!

---------------------------------------------------------------------------
WEIGHT_DECAY 0.00100   P_DROPOUT 0.10000   N_HID 100.00000   LR 0.00100
---------------------------------------------------------------------------

   Epoch  20	Loss 0.003673
   Epoch  40	Loss 0.003406
   Epoch  60	Loss 0.003256
   Epoch  80	Loss 0.003061
   Epoch 100	Loss 0.002961

   Validation Set ROC-AUC 0.5784

   Best so far!

-------------------------------------------------------------------------------------
Fitting models for lists of length 06
---------------------------------------------------------------------------
WEIGHT_DECAY 0.00100   P_DROPOUT 0.10000   N_HID 100.00000   LR 0.00100
---------------------------------------------------------------------------

   Epoch  20	Loss 0.005411
   Epoch  40	Loss 0.005390
   Epoch  60	Loss 0.005387
   Epoch  80	Loss 0.005381
   Epoch 100	Loss 0.005377

   Validation Set ROC-AUC 0.5711

   Best so far!

---------------------------------------------------------------------------
WEIGHT_DECAY 0.00100   P_DROPOUT 0.10000   N_HID 100.00000   LR 0.00100
---------------------------------------------------------------------------

   Epoch  20	Loss 0.003414
   Epoch  40	Loss 0.003177
   Epoch  60	Loss 0.003008
   Epoch  80	Loss 0.002933
   Epoch 100	Loss 0.002821

   Validation Set ROC-AUC 0.6198

   Best so far!

-------------------------------------------------------------------------------------
Fitting models for lists of length 07
---------------------------------------------------------------------------
WEIGHT_DECAY 0.00100   P_DROPOUT 0.10000   N_HID 100.00000   LR 0.00100
---------------------------------------------------------------------------

   Epoch  20	Loss 0.005392
   Epoch  40	Loss 0.005389
   Epoch  60	Loss 0.005383
   Epoch  80	Loss 0.005372
   Epoch 100	Loss 0.005380

   Validation Set ROC-AUC 0.5724

   Best so far!

---------------------------------------------------------------------------
WEIGHT_DECAY 0.00100   P_DROPOUT 0.10000   N_HID 100.00000   LR 0.00100
---------------------------------------------------------------------------

   Epoch  20	Loss 0.003453
   Epoch  40	Loss 0.003235
   Epoch  60	Loss 0.003101
   Epoch  80	Loss 0.003014
   Epoch 100	Loss 0.002851

   Validation Set ROC-AUC 0.6143

   Best so far!

-------------------------------------------------------------------------------------
Fitting models for lists of length 08
---------------------------------------------------------------------------
WEIGHT_DECAY 0.00100   P_DROPOUT 0.10000   N_HID 100.00000   LR 0.00100
---------------------------------------------------------------------------

   Epoch  20	Loss 0.005393
   Epoch  40	Loss 0.005375
   Epoch  60	Loss 0.005379
   Epoch  80	Loss 0.005375
   Epoch 100	Loss 0.005371

   Validation Set ROC-AUC 0.5756

   Best so far!

---------------------------------------------------------------------------
WEIGHT_DECAY 0.00100   P_DROPOUT 0.10000   N_HID 100.00000   LR 0.00100
---------------------------------------------------------------------------

   Epoch  20	Loss 0.003489
   Epoch  40	Loss 0.003235
   Epoch  60	Loss 0.003117
   Epoch  80	Loss 0.003051
   Epoch 100	Loss 0.002948

   Validation Set ROC-AUC 0.5954

   Best so far!

-------------------------------------------------------------------------------------
Fitting models for lists of length 09
---------------------------------------------------------------------------
WEIGHT_DECAY 0.00100   P_DROPOUT 0.10000   N_HID 100.00000   LR 0.00100
---------------------------------------------------------------------------

   Epoch  20	Loss 0.005401
   Epoch  40	Loss 0.005386
   Epoch  60	Loss 0.005363
   Epoch  80	Loss 0.005371
   Epoch 100	Loss 0.005373

   Validation Set ROC-AUC 0.5868

   Best so far!

---------------------------------------------------------------------------
WEIGHT_DECAY 0.00100   P_DROPOUT 0.10000   N_HID 100.00000   LR 0.00100
---------------------------------------------------------------------------

   Epoch  20	Loss 0.003558
   Epoch  40	Loss 0.003323
   Epoch  60	Loss 0.003213
   Epoch  80	Loss 0.003136
   Epoch 100	Loss 0.003049

   Validation Set ROC-AUC 0.5979

   Best so far!

-------------------------------------------------------------------------------------
Fitting models for lists of length 10
---------------------------------------------------------------------------
WEIGHT_DECAY 0.00100   P_DROPOUT 0.10000   N_HID 100.00000   LR 0.00100
---------------------------------------------------------------------------

   Epoch  20	Loss 0.005395
   Epoch  40	Loss 0.005381
   Epoch  60	Loss 0.005373
   Epoch  80	Loss 0.005367
   Epoch 100	Loss 0.005361

   Validation Set ROC-AUC 0.5902

   Best so far!

---------------------------------------------------------------------------
WEIGHT_DECAY 0.00100   P_DROPOUT 0.10000   N_HID 100.00000   LR 0.00100
---------------------------------------------------------------------------

   Epoch  20	Loss 0.003729
   Epoch  40	Loss 0.003528
   Epoch  60	Loss 0.003426
   Epoch  80	Loss 0.003294
   Epoch 100	Loss 0.003240

   Validation Set ROC-AUC 0.6037

   Best so far!

-------------------------------------------------------------------------------------
Fitting models for lists of length 11
---------------------------------------------------------------------------
WEIGHT_DECAY 0.00100   P_DROPOUT 0.10000   N_HID 100.00000   LR 0.00100
---------------------------------------------------------------------------

   Epoch  20	Loss 0.005375
   Epoch  40	Loss 0.005363
   Epoch  60	Loss 0.005373
   Epoch  80	Loss 0.005359
   Epoch 100	Loss 0.005352

   Validation Set ROC-AUC 0.5903

   Best so far!

---------------------------------------------------------------------------
WEIGHT_DECAY 0.00100   P_DROPOUT 0.10000   N_HID 100.00000   LR 0.00100
---------------------------------------------------------------------------

   Epoch  20	Loss 0.003485
   Epoch  40	Loss 0.003271
   Epoch  60	Loss 0.003191
   Epoch  80	Loss 0.003104
   Epoch 100	Loss 0.003053

   Validation Set ROC-AUC 0.6104

   Best so far!

-------------------------------------------------------------------------------------
Fitting models for lists of length 12
---------------------------------------------------------------------------
WEIGHT_DECAY 0.00100   P_DROPOUT 0.10000   N_HID 100.00000   LR 0.00100
---------------------------------------------------------------------------

   Epoch  20	Loss 0.005375
   Epoch  40	Loss 0.005348
   Epoch  60	Loss 0.005334
   Epoch  80	Loss 0.005336
   Epoch 100	Loss 0.005317

   Validation Set ROC-AUC 0.5883

   Best so far!

---------------------------------------------------------------------------
WEIGHT_DECAY 0.00100   P_DROPOUT 0.10000   N_HID 100.00000   LR 0.00100
---------------------------------------------------------------------------

   Epoch  20	Loss 0.003344
   Epoch  40	Loss 0.003194
   Epoch  60	Loss 0.003125
   Epoch  80	Loss 0.002976
   Epoch 100	Loss 0.002946

   Validation Set ROC-AUC 0.6195

   Best so far!

-------------------------------------------------------------------------------------
Fitting models for lists of length 13
---------------------------------------------------------------------------
WEIGHT_DECAY 0.00100   P_DROPOUT 0.10000   N_HID 100.00000   LR 0.00100
---------------------------------------------------------------------------

   Epoch  20	Loss 0.005347
   Epoch  40	Loss 0.005341
   Epoch  60	Loss 0.005340
   Epoch  80	Loss 0.005314
   Epoch 100	Loss 0.005319

   Validation Set ROC-AUC 0.5889

   Best so far!

---------------------------------------------------------------------------
WEIGHT_DECAY 0.00100   P_DROPOUT 0.10000   N_HID 100.00000   LR 0.00100
---------------------------------------------------------------------------

   Epoch  20	Loss 0.003472
   Epoch  40	Loss 0.003325
   Epoch  60	Loss 0.003219
   Epoch  80	Loss 0.003177
   Epoch 100	Loss 0.003085

   Validation Set ROC-AUC 0.6051

   Best so far!

-------------------------------------------------------------------------------------
Fitting models for lists of length 14
---------------------------------------------------------------------------
WEIGHT_DECAY 0.00100   P_DROPOUT 0.10000   N_HID 100.00000   LR 0.00100
---------------------------------------------------------------------------

   Epoch  20	Loss 0.005331
   Epoch  40	Loss 0.005329
   Epoch  60	Loss 0.005322
   Epoch  80	Loss 0.005317
   Epoch 100	Loss 0.005304

   Validation Set ROC-AUC 0.5879

   Best so far!

---------------------------------------------------------------------------
WEIGHT_DECAY 0.00100   P_DROPOUT 0.10000   N_HID 100.00000   LR 0.00100
---------------------------------------------------------------------------

   Epoch  20	Loss 0.003389
   Epoch  40	Loss 0.003257
   Epoch  60	Loss 0.003147
   Epoch  80	Loss 0.003066
   Epoch 100	Loss 0.002983

   Validation Set ROC-AUC 0.6103

   Best so far!

-------------------------------------------------------------------------------------
Fitting models for lists of length 15
---------------------------------------------------------------------------
WEIGHT_DECAY 0.00100   P_DROPOUT 0.10000   N_HID 100.00000   LR 0.00100
---------------------------------------------------------------------------

   Epoch  20	Loss 0.005340
   Epoch  40	Loss 0.005318
   Epoch  60	Loss 0.005295
   Epoch  80	Loss 0.005288
   Epoch 100	Loss 0.005289

   Validation Set ROC-AUC 0.5907

   Best so far!

---------------------------------------------------------------------------
WEIGHT_DECAY 0.00100   P_DROPOUT 0.10000   N_HID 100.00000   LR 0.00100
---------------------------------------------------------------------------

   Epoch  20	Loss 0.003510
   Epoch  40	Loss 0.003364
   Epoch  60	Loss 0.003259
   Epoch  80	Loss 0.003181
   Epoch 100	Loss 0.003139

   Validation Set ROC-AUC 0.6106

   Best so far!

-------------------------------------------------------------------------------------
Fitting models for lists of length 16
---------------------------------------------------------------------------
WEIGHT_DECAY 0.00100   P_DROPOUT 0.10000   N_HID 100.00000   LR 0.00100
---------------------------------------------------------------------------

   Epoch  20	Loss 0.005337
   Epoch  40	Loss 0.005305
   Epoch  60	Loss 0.005293
   Epoch  80	Loss 0.005289
   Epoch 100	Loss 0.005272

   Validation Set ROC-AUC 0.5896

   Best so far!

---------------------------------------------------------------------------
WEIGHT_DECAY 0.00100   P_DROPOUT 0.10000   N_HID 100.00000   LR 0.00100
---------------------------------------------------------------------------

   Epoch  20	Loss 0.003502
   Epoch  40	Loss 0.003366
   Epoch  60	Loss 0.003315
   Epoch  80	Loss 0.003211
   Epoch 100	Loss 0.003169

   Validation Set ROC-AUC 0.6141

   Best so far!

-------------------------------------------------------------------------------------
Fitting models for lists of length 17
---------------------------------------------------------------------------
WEIGHT_DECAY 0.00100   P_DROPOUT 0.10000   N_HID 100.00000   LR 0.00100
---------------------------------------------------------------------------

   Epoch  20	Loss 0.005317
   Epoch  40	Loss 0.005314
   Epoch  60	Loss 0.005249
   Epoch  80	Loss 0.005246
   Epoch 100	Loss 0.005249

   Validation Set ROC-AUC 0.5924

   Best so far!

---------------------------------------------------------------------------
WEIGHT_DECAY 0.00100   P_DROPOUT 0.10000   N_HID 100.00000   LR 0.00100
---------------------------------------------------------------------------

   Epoch  20	Loss 0.003574
   Epoch  40	Loss 0.003418
   Epoch  60	Loss 0.003299
   Epoch  80	Loss 0.003235
   Epoch 100	Loss 0.003165

   Validation Set ROC-AUC 0.6057

   Best so far!

-------------------------------------------------------------------------------------
Fitting models for lists of length 18
---------------------------------------------------------------------------
WEIGHT_DECAY 0.00100   P_DROPOUT 0.10000   N_HID 100.00000   LR 0.00100
---------------------------------------------------------------------------

   Epoch  20	Loss 0.005272
   Epoch  40	Loss 0.005295
   Epoch  60	Loss 0.005236
   Epoch  80	Loss 0.005228
   Epoch 100	Loss 0.005211

   Validation Set ROC-AUC 0.5831

   Best so far!

---------------------------------------------------------------------------
WEIGHT_DECAY 0.00100   P_DROPOUT 0.10000   N_HID 100.00000   LR 0.00100
---------------------------------------------------------------------------

   Epoch  20	Loss 0.003707
   Epoch  40	Loss 0.003562
   Epoch  60	Loss 0.003438
   Epoch  80	Loss 0.003390
   Epoch 100	Loss 0.003367

   Validation Set ROC-AUC 0.6060

   Best so far!

-------------------------------------------------------------------------------------
Fitting models for lists of length 19
---------------------------------------------------------------------------
WEIGHT_DECAY 0.00100   P_DROPOUT 0.10000   N_HID 100.00000   LR 0.00100
---------------------------------------------------------------------------

   Epoch  20	Loss 0.005309
   Epoch  40	Loss 0.005286
   Epoch  60	Loss 0.005254
   Epoch  80	Loss 0.005239
   Epoch 100	Loss 0.005225

   Validation Set ROC-AUC 0.5844

   Best so far!

---------------------------------------------------------------------------
WEIGHT_DECAY 0.00100   P_DROPOUT 0.10000   N_HID 100.00000   LR 0.00100
---------------------------------------------------------------------------

   Epoch  20	Loss 0.003548
   Epoch  40	Loss 0.003433
   Epoch  60	Loss 0.003315
   Epoch  80	Loss 0.003247
   Epoch 100	Loss 0.003235

   Validation Set ROC-AUC 0.6112

   Best so far!

-------------------------------------------------------------------------------------
Fitting models for lists of length 20
---------------------------------------------------------------------------
WEIGHT_DECAY 0.00100   P_DROPOUT 0.10000   N_HID 100.00000   LR 0.00100
---------------------------------------------------------------------------

   Epoch  20	Loss 0.005283
   Epoch  40	Loss 0.005270
   Epoch  60	Loss 0.005242
   Epoch  80	Loss 0.005213
   Epoch 100	Loss 0.005183

   Validation Set ROC-AUC 0.5820

   Best so far!

---------------------------------------------------------------------------
WEIGHT_DECAY 0.00100   P_DROPOUT 0.10000   N_HID 100.00000   LR 0.00100
---------------------------------------------------------------------------

   Epoch  20	Loss 0.003592
   Epoch  40	Loss 0.003500
   Epoch  60	Loss 0.003373
   Epoch  80	Loss 0.003319
   Epoch 100	Loss 0.003279

   Validation Set ROC-AUC 0.6105

   Best so far!

-------------------------------------------------------------------------------------
Fitting models for lists of length 21
---------------------------------------------------------------------------
WEIGHT_DECAY 0.00100   P_DROPOUT 0.10000   N_HID 100.00000   LR 0.00100
---------------------------------------------------------------------------

   Epoch  20	Loss 0.005308
   Epoch  40	Loss 0.005245
   Epoch  60	Loss 0.005204
   Epoch  80	Loss 0.005173
   Epoch 100	Loss 0.005138

   Validation Set ROC-AUC 0.5735

   Best so far!

---------------------------------------------------------------------------
WEIGHT_DECAY 0.00100   P_DROPOUT 0.10000   N_HID 100.00000   LR 0.00100
---------------------------------------------------------------------------

   Epoch  20	Loss 0.003720
   Epoch  40	Loss 0.003642
   Epoch  60	Loss 0.003534
   Epoch  80	Loss 0.003457
   Epoch 100	Loss 0.003413

   Validation Set ROC-AUC 0.6074

   Best so far!

-------------------------------------------------------------------------------------
Fitting models for lists of length 22
---------------------------------------------------------------------------
WEIGHT_DECAY 0.00100   P_DROPOUT 0.10000   N_HID 100.00000   LR 0.00100
---------------------------------------------------------------------------

   Epoch  20	Loss 0.005279
   Epoch  40	Loss 0.005260
   Epoch  60	Loss 0.005205
   Epoch  80	Loss 0.005185
   Epoch 100	Loss 0.005154

   Validation Set ROC-AUC 0.5802

   Best so far!

---------------------------------------------------------------------------
WEIGHT_DECAY 0.00100   P_DROPOUT 0.10000   N_HID 100.00000   LR 0.00100
---------------------------------------------------------------------------

   Epoch  20	Loss 0.003635
   Epoch  40	Loss 0.003517
   Epoch  60	Loss 0.003435
   Epoch  80	Loss 0.003372
   Epoch 100	Loss 0.003297

   Validation Set ROC-AUC 0.6060

   Best so far!

-------------------------------------------------------------------------------------
Fitting models for lists of length 23
---------------------------------------------------------------------------
WEIGHT_DECAY 0.00100   P_DROPOUT 0.10000   N_HID 100.00000   LR 0.00100
---------------------------------------------------------------------------

   Epoch  20	Loss 0.005277
   Epoch  40	Loss 0.005210
   Epoch  60	Loss 0.005211
   Epoch  80	Loss 0.005137
   Epoch 100	Loss 0.005118

   Validation Set ROC-AUC 0.5750

   Best so far!

---------------------------------------------------------------------------
WEIGHT_DECAY 0.00100   P_DROPOUT 0.10000   N_HID 100.00000   LR 0.00100
---------------------------------------------------------------------------

   Epoch  20	Loss 0.003700
   Epoch  40	Loss 0.003612
   Epoch  60	Loss 0.003539
   Epoch  80	Loss 0.003475
   Epoch 100	Loss 0.003385

   Validation Set ROC-AUC 0.6046

   Best so far!

-------------------------------------------------------------------------------------
Fitting models for lists of length 24
---------------------------------------------------------------------------
WEIGHT_DECAY 0.00100   P_DROPOUT 0.10000   N_HID 100.00000   LR 0.00100
---------------------------------------------------------------------------

   Epoch  20	Loss 0.005255
   Epoch  40	Loss 0.005198
   Epoch  60	Loss 0.005208
   Epoch  80	Loss 0.005112
   Epoch 100	Loss 0.005108

   Validation Set ROC-AUC 0.5693

   Best so far!

---------------------------------------------------------------------------
WEIGHT_DECAY 0.00100   P_DROPOUT 0.10000   N_HID 100.00000   LR 0.00100
---------------------------------------------------------------------------

   Epoch  20	Loss 0.003625
   Epoch  40	Loss 0.003556
   Epoch  60	Loss 0.003446
   Epoch  80	Loss 0.003402
   Epoch 100	Loss 0.003336

   Validation Set ROC-AUC 0.6070

   Best so far!

-------------------------------------------------------------------------------------
Fitting models for lists of length 25
---------------------------------------------------------------------------
WEIGHT_DECAY 0.00100   P_DROPOUT 0.10000   N_HID 100.00000   LR 0.00100
---------------------------------------------------------------------------

   Epoch  20	Loss 0.005252
   Epoch  40	Loss 0.005234
   Epoch  60	Loss 0.005165
   Epoch  80	Loss 0.005153
   Epoch 100	Loss 0.005086

   Validation Set ROC-AUC 0.5709

   Best so far!

---------------------------------------------------------------------------
WEIGHT_DECAY 0.00100   P_DROPOUT 0.10000   N_HID 100.00000   LR 0.00100
---------------------------------------------------------------------------

   Epoch  20	Loss 0.003588
   Epoch  40	Loss 0.003443
   Epoch  60	Loss 0.003398
   Epoch  80	Loss 0.003365
   Epoch 100	Loss 0.003296

   Validation Set ROC-AUC 0.6072

   Best so far!

-------------------------------------------------------------------------------------
Mean ROC-AUC scores: [0.5749662810573548, 0.595411288116473, 0.593389360009672, 0.5854916455306458, 0.592362209957018, 0.5969618114926556, 0.6003552677299115, 0.6039112377675027, 0.5969640315410276, 0.5990964975306379, 0.6006661530075063, 0.6018303818701282, 0.5990717891314369, 0.5945638155251856, 0.5977597160455363, 0.596227502757626, 0.590434491960731, 0.5931075508178744, 0.5898277064552812, 0.5881412652049174, 0.5890521534063855]
----------------------------------------------------------------------------------------------------
	Circuit 04 has 12 words
